Hosting environment: Development
Content root path: C:\Users\Khushbu\source\repos\npbuilder\Presentation\Nop.Web
Now listening on: http://localhost:28699
Application started. Press Ctrl+C to shut down.
info: Microsoft.AspNetCore.Hosting.Internal.WebHost[1]
      Request starting HTTP/1.1 GET http://localhost:15536/  
info: Microsoft.AspNetCore.Mvc.Internal.ControllerActionInvoker[1]
      Executing action method Nop.Web.Controllers.HomeController.Index (Nop.Web) with arguments ((null)) - ModelState is Valid
info: Microsoft.AspNetCore.Mvc.ViewFeatures.Internal.ViewResultExecutor[1]
      Executing ViewResult, running view at path /Views/Home/Index.cshtml.
info: Microsoft.AspNetCore.Mvc.Internal.ControllerActionInvoker[2]
      Executed action Nop.Web.Controllers.HomeController.Index (Nop.Web) in 35932.053ms
info: Microsoft.AspNetCore.Hosting.Internal.WebHost[2]
      Request finished in 39009.3545ms 200 text/html; charset=utf-8
info: Microsoft.AspNetCore.Hosting.Internal.WebHost[1]
      Request starting HTTP/1.1 GET http://localhost:15536/custombuilder-2  
info: Microsoft.AspNetCore.Mvc.Internal.ControllerActionInvoker[1]
      Executing action method Nop.Web.Controllers.TopicController.TopicDetails (Nop.Web) with arguments (13) - ModelState is Valid
info: Microsoft.AspNetCore.Mvc.ViewFeatures.Internal.ViewResultExecutor[1]
      Executing ViewResult, running view at path /Views/Topic/TopicDetails.cshtml.
info: Microsoft.AspNetCore.Mvc.Internal.ControllerActionInvoker[2]
      Executed action Nop.Web.Controllers.TopicController.TopicDetails (Nop.Web) in 1161.0781ms
info: Microsoft.AspNetCore.Hosting.Internal.WebHost[2]
      Request finished in 1702.9713ms 200 text/html; charset=utf-8
info: Microsoft.AspNetCore.Hosting.Internal.WebHost[1]
      Request starting HTTP/1.1 GET http://localhost:15536/CustomBuilder  
info: Microsoft.AspNetCore.Mvc.Internal.ControllerActionInvoker[1]
      Executing action method Nop.Web.Controllers.CustomBuilderController.Index (Nop.Web) with arguments ((null)) - ModelState is Valid
info: Microsoft.AspNetCore.Mvc.ViewFeatures.Internal.ViewResultExecutor[1]
      Executing ViewResult, running view at path /Views/CustomBuilder/Index.cshtml.
info: Microsoft.AspNetCore.Mvc.Internal.ControllerActionInvoker[2]
      Executed action Nop.Web.Controllers.CustomBuilderController.Index (Nop.Web) in 3673.1005ms
info: Microsoft.AspNetCore.Session.DistributedSession[3]
      Session started; Key:8925ed8f-cbeb-9e26-baf6-f7e28f755347, Id:60c95008-212e-0a8c-8397-b593c02170c2
info: Microsoft.AspNetCore.Hosting.Internal.WebHost[2]
      Request finished in 3968.0724ms 200 text/html; charset=utf-8
info: Microsoft.AspNetCore.Hosting.Internal.WebHost[1]
      Request starting HTTP/1.1 GET http://localhost:15536/srcset=%22https:/img.skatewarehouse.com/framework16/images/pros/2x/BARL.png  
info: Microsoft.AspNetCore.Hosting.Internal.WebHost[2]
      Request finished in 352.2321ms 404 
info: Microsoft.AspNetCore.Hosting.Internal.WebHost[1]
      Request starting HTTP/1.1 GET http://localhost:15536/flagc?bldr  
info: Microsoft.AspNetCore.Mvc.Internal.ControllerActionInvoker[1]
      Executing action method Nop.Web.Controllers.CatalogController.Category (Nop.Web) with arguments (45, Nop.Web.Models.Catalog.CatalogPagingFilteringModel) - ModelState is Valid
info: Microsoft.AspNetCore.Mvc.ViewFeatures.Internal.ViewResultExecutor[1]
      Executing ViewResult, running view at path /Views/Catalog/CategoryTemplate.ProductsInGridOrLines.cshtml.
info: Microsoft.AspNetCore.Hosting.Internal.WebHost[1]
      Request starting HTTP/1.1 POST http://localhost:15536/scheduletask/runtask application/x-www-form-urlencoded 69
info: Microsoft.AspNetCore.Mvc.Internal.ControllerActionInvoker[1]
      Executing action method Nop.Web.Controllers.ScheduleTaskController.RunTask (Nop.Web) with arguments (Nop.Services.Messages.QueuedMessagesSendTask, Nop.Services) - ModelState is Valid
info: Microsoft.AspNetCore.Mvc.StatusCodeResult[1]
      Executing HttpStatusCodeResult, setting HTTP status code 204
info: Microsoft.AspNetCore.Mvc.Internal.ControllerActionInvoker[2]
      Executed action Nop.Web.Controllers.ScheduleTaskController.RunTask (Nop.Web) in 414.5493ms
info: Microsoft.AspNetCore.Hosting.Internal.WebHost[2]
      Request finished in 654.2905ms 204 
info: Microsoft.AspNetCore.Mvc.Internal.ControllerActionInvoker[2]
      Executed action Nop.Web.Controllers.CatalogController.Category (Nop.Web) in 6709.9252ms
info: Microsoft.AspNetCore.Hosting.Internal.WebHost[2]
      Request finished in 7031.1719ms 200 text/html; charset=utf-8
info: Microsoft.AspNetCore.Hosting.Internal.WebHost[1]
      Request starting HTTP/1.1 GET http://localhost:15536/3-x-5-3?bldr  
info: Microsoft.AspNetCore.Mvc.Internal.ControllerActionInvoker[1]
      Executing action method Nop.Web.Controllers.CatalogController.Category (Nop.Web) with arguments (46, Nop.Web.Models.Catalog.CatalogPagingFilteringModel) - ModelState is Valid
info: Microsoft.AspNetCore.Mvc.ViewFeatures.Internal.ViewResultExecutor[1]
      Executing ViewResult, running view at path /Views/Catalog/CategoryTemplate.ProductsInGridOrLines.cshtml.
info: Microsoft.AspNetCore.Mvc.Internal.ControllerActionInvoker[2]
      Executed action Nop.Web.Controllers.CatalogController.Category (Nop.Web) in 729.9121ms
info: Microsoft.AspNetCore.Hosting.Internal.WebHost[2]
      Request finished in 963.8016ms 200 text/html; charset=utf-8
info: Microsoft.AspNetCore.Hosting.Internal.WebHost[1]
      Request starting HTTP/1.1 GET http://localhost:15536/CustomBuilder?prdidflag=65&prdimgflag=http%3A%2F%2Flocalhost%3A15536%2Fimages%2Fthumbs%2F0000091_aces-and-8s-perfect_415.jpeg&prdnameflag=Aces%20and%208%27s%20perfect&prdskuflag=aces-and-8s-perfect&prdpriceflag=$17.96  
info: Microsoft.AspNetCore.Mvc.Internal.ControllerActionInvoker[1]
      Executing action method Nop.Web.Controllers.CustomBuilderController.Index (Nop.Web) with arguments ((null)) - ModelState is Valid
info: Microsoft.AspNetCore.Mvc.ViewFeatures.Internal.ViewResultExecutor[1]
      Executing ViewResult, running view at path /Views/CustomBuilder/Index.cshtml.
info: Microsoft.AspNetCore.Mvc.Internal.ControllerActionInvoker[2]
      Executed action Nop.Web.Controllers.CustomBuilderController.Index (Nop.Web) in 1471.017ms
info: Microsoft.AspNetCore.Hosting.Internal.WebHost[2]
      Request finished in 1744.4959ms 200 text/html; charset=utf-8
info: Microsoft.AspNetCore.Hosting.Internal.WebHost[1]
      Request starting HTTP/1.1 GET http://localhost:15536/srcset=%22https:/img.skatewarehouse.com/framework16/images/pros/2x/BARL.png  
info: Microsoft.AspNetCore.Hosting.Internal.WebHost[2]
      Request finished in 293.6024ms 404 
info: Microsoft.AspNetCore.Hosting.Internal.WebHost[1]
      Request starting HTTP/1.1 GET http://localhost:15536/flag-shaft-2?bldrshaft  
info: Microsoft.AspNetCore.Mvc.Internal.ControllerActionInvoker[1]
      Executing action method Nop.Web.Controllers.CatalogController.Category (Nop.Web) with arguments (51, Nop.Web.Models.Catalog.CatalogPagingFilteringModel) - ModelState is Valid
info: Microsoft.AspNetCore.Mvc.ViewFeatures.Internal.ViewResultExecutor[1]
      Executing ViewResult, running view at path /Views/Catalog/CategoryTemplate.ProductsInGridOrLines.cshtml.
info: Microsoft.AspNetCore.Mvc.Internal.ControllerActionInvoker[2]
      Executed action Nop.Web.Controllers.CatalogController.Category (Nop.Web) in 763.2243ms
info: Microsoft.AspNetCore.Hosting.Internal.WebHost[2]
      Request finished in 1067.2869ms 200 text/html; charset=utf-8
info: Microsoft.AspNetCore.Hosting.Internal.WebHost[1]
      Request starting HTTP/1.1 GET http://localhost:15536/fully-lit-2?bldrshaft  
info: Microsoft.AspNetCore.Mvc.Internal.ControllerActionInvoker[1]
      Executing action method Nop.Web.Controllers.CatalogController.Category (Nop.Web) with arguments (52, Nop.Web.Models.Catalog.CatalogPagingFilteringModel) - ModelState is Valid
info: Microsoft.AspNetCore.Mvc.ViewFeatures.Internal.ViewResultExecutor[1]
      Executing ViewResult, running view at path /Views/Catalog/CategoryTemplate.ProductsInGridOrLines.cshtml.
info: Microsoft.AspNetCore.Mvc.Internal.ControllerActionInvoker[2]
      Executed action Nop.Web.Controllers.CatalogController.Category (Nop.Web) in 736.433ms
info: Microsoft.AspNetCore.Hosting.Internal.WebHost[2]
      Request finished in 1043.2693ms 200 text/html; charset=utf-8
info: Microsoft.AspNetCore.Hosting.Internal.WebHost[1]
      Request starting HTTP/1.1 GET http://localhost:15536/heavy-duty-livewire?bldrshaft  
info: Microsoft.AspNetCore.Mvc.Internal.ControllerActionInvoker[1]
      Executing action method Nop.Web.Controllers.ProductController.ProductDetails (Nop.Web) with arguments (71, 0) - ModelState is Valid
info: Microsoft.AspNetCore.Mvc.ViewFeatures.Internal.ViewResultExecutor[1]
      Executing ViewResult, running view at path /Views/Product/ProductTemplate.Simple.cshtml.
info: Microsoft.AspNetCore.Mvc.Internal.ControllerActionInvoker[2]
      Executed action Nop.Web.Controllers.ProductController.ProductDetails (Nop.Web) in 8211.8473ms
info: Microsoft.AspNetCore.Hosting.Internal.WebHost[2]
      Request finished in 8557.2049ms 200 text/html; charset=utf-8
info: Microsoft.AspNetCore.Hosting.Internal.WebHost[1]
      Request starting HTTP/1.1 POST http://localhost:15536/shoppingcart/productdetails_attributechange?productId=71&validateAttributeConditions=False&loadPicture=True application/x-www-form-urlencoded; charset=UTF-8 207
info: Microsoft.AspNetCore.Mvc.Internal.ControllerActionInvoker[1]
      Executing action method Nop.Web.Controllers.ShoppingCartController.ProductDetails_AttributeChange (Nop.Web) with arguments (71, False, True, Microsoft.AspNetCore.Http.FormCollection) - ModelState is Valid
info: Microsoft.AspNetCore.Mvc.Formatters.Json.Internal.JsonResultExecutor[1]
      Executing JsonResult, writing value { gtin = , mpn = , sku = , price = $170.99, stockAvailability = , enabledattributemappingids = System.Int32[], disabledattributemappingids = System.Int32[], pictureFullSizeUrl = , pictureDefaultSizeUrl = , isFreeShipping = False, message =  }.
info: Microsoft.AspNetCore.Mvc.Internal.ControllerActionInvoker[2]
      Executed action Nop.Web.Controllers.ShoppingCartController.ProductDetails_AttributeChange (Nop.Web) in 475.7579ms
info: Microsoft.AspNetCore.Hosting.Internal.WebHost[2]
      Request finished in 828.1962ms 200 application/json; charset=utf-8
info: Microsoft.AspNetCore.Hosting.Internal.WebHost[1]
      Request starting HTTP/1.1 POST http://localhost:15536/scheduletask/runtask application/x-www-form-urlencoded 69
info: Microsoft.AspNetCore.Mvc.Internal.ControllerActionInvoker[1]
      Executing action method Nop.Web.Controllers.ScheduleTaskController.RunTask (Nop.Web) with arguments (Nop.Services.Messages.QueuedMessagesSendTask, Nop.Services) - ModelState is Valid
info: Microsoft.AspNetCore.Mvc.StatusCodeResult[1]
      Executing HttpStatusCodeResult, setting HTTP status code 204
info: Microsoft.AspNetCore.Mvc.Internal.ControllerActionInvoker[2]
      Executed action Nop.Web.Controllers.ScheduleTaskController.RunTask (Nop.Web) in 147.9568ms
info: Microsoft.AspNetCore.Hosting.Internal.WebHost[2]
      Request finished in 331.4508ms 204 
info: Microsoft.AspNetCore.Hosting.Internal.WebHost[1]
      Request starting HTTP/1.1 POST http://localhost:15536/scheduletask/runtask application/x-www-form-urlencoded 69
info: Microsoft.AspNetCore.Mvc.Internal.ControllerActionInvoker[1]
      Executing action method Nop.Web.Controllers.ScheduleTaskController.RunTask (Nop.Web) with arguments (Nop.Services.Messages.QueuedMessagesSendTask, Nop.Services) - ModelState is Valid
info: Microsoft.AspNetCore.Mvc.StatusCodeResult[1]
      Executing HttpStatusCodeResult, setting HTTP status code 204
info: Microsoft.AspNetCore.Mvc.Internal.ControllerActionInvoker[2]
      Executed action Nop.Web.Controllers.ScheduleTaskController.RunTask (Nop.Web) in 83.1328ms
info: Microsoft.AspNetCore.Hosting.Internal.WebHost[2]
      Request finished in 223.4697ms 204 
info: Microsoft.AspNetCore.Hosting.Internal.WebHost[1]
      Request starting HTTP/1.1 POST http://localhost:15536/scheduletask/runtask application/x-www-form-urlencoded 69
info: Microsoft.AspNetCore.Mvc.Internal.ControllerActionInvoker[1]
      Executing action method Nop.Web.Controllers.ScheduleTaskController.RunTask (Nop.Web) with arguments (Nop.Services.Messages.QueuedMessagesSendTask, Nop.Services) - ModelState is Valid
info: Microsoft.AspNetCore.Mvc.StatusCodeResult[1]
      Executing HttpStatusCodeResult, setting HTTP status code 204
info: Microsoft.AspNetCore.Mvc.Internal.ControllerActionInvoker[2]
      Executed action Nop.Web.Controllers.ScheduleTaskController.RunTask (Nop.Web) in 140.1461ms
info: Microsoft.AspNetCore.Hosting.Internal.WebHost[2]
      Request finished in 357.3355ms 204 
info: Microsoft.AspNetCore.Hosting.Internal.WebHost[1]
      Request starting HTTP/1.1 POST http://localhost:15536/scheduletask/runtask application/x-www-form-urlencoded 58
info: Microsoft.AspNetCore.Mvc.Internal.ControllerActionInvoker[1]
      Executing action method Nop.Web.Controllers.ScheduleTaskController.RunTask (Nop.Web) with arguments (Nop.Services.Common.KeepAliveTask, Nop.Services) - ModelState is Valid
info: Microsoft.AspNetCore.Hosting.Internal.WebHost[1]
      Request starting HTTP/1.1 GET http://localhost:15536/keepalive/index  
info: Microsoft.AspNetCore.Hosting.Internal.WebHost[2]
      Request finished in 2.6781ms 200 
info: Microsoft.AspNetCore.Mvc.StatusCodeResult[1]
      Executing HttpStatusCodeResult, setting HTTP status code 204
info: Microsoft.AspNetCore.Mvc.Internal.ControllerActionInvoker[2]
      Executed action Nop.Web.Controllers.ScheduleTaskController.RunTask (Nop.Web) in 163.0064ms
info: Microsoft.AspNetCore.Hosting.Internal.WebHost[2]
      Request finished in 319.509ms 204 
info: Microsoft.AspNetCore.Hosting.Internal.WebHost[1]
      Request starting HTTP/1.1 POST http://localhost:15536/scheduletask/runtask application/x-www-form-urlencoded 69
info: Microsoft.AspNetCore.Mvc.Internal.ControllerActionInvoker[1]
      Executing action method Nop.Web.Controllers.ScheduleTaskController.RunTask (Nop.Web) with arguments (Nop.Services.Messages.QueuedMessagesSendTask, Nop.Services) - ModelState is Valid
info: Microsoft.AspNetCore.Mvc.StatusCodeResult[1]
      Executing HttpStatusCodeResult, setting HTTP status code 204
info: Microsoft.AspNetCore.Mvc.Internal.ControllerActionInvoker[2]
      Executed action Nop.Web.Controllers.ScheduleTaskController.RunTask (Nop.Web) in 192.2478ms
info: Microsoft.AspNetCore.Hosting.Internal.WebHost[2]
      Request finished in 410.9264ms 204 
info: Microsoft.AspNetCore.Hosting.Internal.WebHost[1]
      Request starting HTTP/1.1 POST http://localhost:15536/scheduletask/runtask application/x-www-form-urlencoded 69
info: Microsoft.AspNetCore.Mvc.Internal.ControllerActionInvoker[1]
      Executing action method Nop.Web.Controllers.ScheduleTaskController.RunTask (Nop.Web) with arguments (Nop.Services.Messages.QueuedMessagesSendTask, Nop.Services) - ModelState is Valid
info: Microsoft.AspNetCore.Mvc.StatusCodeResult[1]
      Executing HttpStatusCodeResult, setting HTTP status code 204
info: Microsoft.AspNetCore.Mvc.Internal.ControllerActionInvoker[2]
      Executed action Nop.Web.Controllers.ScheduleTaskController.RunTask (Nop.Web) in 184.1683ms
info: Microsoft.AspNetCore.Hosting.Internal.WebHost[2]
      Request finished in 412.5606ms 204 
info: Microsoft.AspNetCore.Hosting.Internal.WebHost[1]
      Request starting HTTP/1.1 POST http://localhost:15536/scheduletask/runtask application/x-www-form-urlencoded 69
info: Microsoft.AspNetCore.Mvc.Internal.ControllerActionInvoker[1]
      Executing action method Nop.Web.Controllers.ScheduleTaskController.RunTask (Nop.Web) with arguments (Nop.Services.Messages.QueuedMessagesSendTask, Nop.Services) - ModelState is Valid
info: Microsoft.AspNetCore.Mvc.StatusCodeResult[1]
      Executing HttpStatusCodeResult, setting HTTP status code 204
info: Microsoft.AspNetCore.Mvc.Internal.ControllerActionInvoker[2]
      Executed action Nop.Web.Controllers.ScheduleTaskController.RunTask (Nop.Web) in 211.7038ms
info: Microsoft.AspNetCore.Hosting.Internal.WebHost[2]
      Request finished in 394.6908ms 204 
info: Microsoft.AspNetCore.Hosting.Internal.WebHost[1]
      Request starting HTTP/1.1 POST http://localhost:15536/scheduletask/runtask application/x-www-form-urlencoded 69
info: Microsoft.AspNetCore.Mvc.Internal.ControllerActionInvoker[1]
      Executing action method Nop.Web.Controllers.ScheduleTaskController.RunTask (Nop.Web) with arguments (Nop.Services.Messages.QueuedMessagesSendTask, Nop.Services) - ModelState is Valid
info: Microsoft.AspNetCore.Mvc.StatusCodeResult[1]
      Executing HttpStatusCodeResult, setting HTTP status code 204
info: Microsoft.AspNetCore.Mvc.Internal.ControllerActionInvoker[2]
      Executed action Nop.Web.Controllers.ScheduleTaskController.RunTask (Nop.Web) in 121.0352ms
info: Microsoft.AspNetCore.Hosting.Internal.WebHost[2]
      Request finished in 345.4942ms 204 
info: Microsoft.AspNetCore.Hosting.Internal.WebHost[1]
      Request starting HTTP/1.1 POST http://localhost:15536/scheduletask/runtask application/x-www-form-urlencoded 69
info: Microsoft.AspNetCore.Mvc.Internal.ControllerActionInvoker[1]
      Executing action method Nop.Web.Controllers.ScheduleTaskController.RunTask (Nop.Web) with arguments (Nop.Services.Messages.QueuedMessagesSendTask, Nop.Services) - ModelState is Valid
info: Microsoft.AspNetCore.Mvc.StatusCodeResult[1]
      Executing HttpStatusCodeResult, setting HTTP status code 204
info: Microsoft.AspNetCore.Mvc.Internal.ControllerActionInvoker[2]
      Executed action Nop.Web.Controllers.ScheduleTaskController.RunTask (Nop.Web) in 194.2758ms
info: Microsoft.AspNetCore.Hosting.Internal.WebHost[2]
      Request finished in 420.8115ms 204 
info: Microsoft.AspNetCore.Hosting.Internal.WebHost[1]
      Request starting HTTP/1.1 POST http://localhost:15536/scheduletask/runtask application/x-www-form-urlencoded 64
info: Microsoft.AspNetCore.Mvc.Internal.ControllerActionInvoker[1]
      Executing action method Nop.Web.Controllers.ScheduleTaskController.RunTask (Nop.Web) with arguments (Nop.Services.Customers.DeleteGuestsTask, Nop.Services) - ModelState is Valid
info: Microsoft.AspNetCore.Hosting.Internal.WebHost[1]
      Request starting HTTP/1.1 POST http://localhost:15536/scheduletask/runtask application/x-www-form-urlencoded 58
info: Microsoft.AspNetCore.Mvc.StatusCodeResult[1]
      Executing HttpStatusCodeResult, setting HTTP status code 204
info: Microsoft.AspNetCore.Mvc.Internal.ControllerActionInvoker[2]
      Executed action Nop.Web.Controllers.ScheduleTaskController.RunTask (Nop.Web) in 366.5998ms
info: Microsoft.AspNetCore.Hosting.Internal.WebHost[2]
      Request finished in 542.8183ms 204 
info: Microsoft.AspNetCore.Mvc.Internal.ControllerActionInvoker[1]
      Executing action method Nop.Web.Controllers.ScheduleTaskController.RunTask (Nop.Web) with arguments (Nop.Services.Common.KeepAliveTask, Nop.Services) - ModelState is Valid
info: Microsoft.AspNetCore.Hosting.Internal.WebHost[1]
      Request starting HTTP/1.1 GET http://localhost:15536/keepalive/index  
info: Microsoft.AspNetCore.Hosting.Internal.WebHost[2]
      Request finished in 4.2802ms 200 
info: Microsoft.AspNetCore.Mvc.StatusCodeResult[1]
      Executing HttpStatusCodeResult, setting HTTP status code 204
info: Microsoft.AspNetCore.Mvc.Internal.ControllerActionInvoker[2]
      Executed action Nop.Web.Controllers.ScheduleTaskController.RunTask (Nop.Web) in 182.2891ms
info: Microsoft.AspNetCore.Hosting.Internal.WebHost[2]
      Request finished in 462.2488ms 204 
info: Microsoft.AspNetCore.Hosting.Internal.WebHost[1]
      Request starting HTTP/1.1 POST http://localhost:15536/scheduletask/runtask application/x-www-form-urlencoded 69
info: Microsoft.AspNetCore.Mvc.Internal.ControllerActionInvoker[1]
      Executing action method Nop.Web.Controllers.ScheduleTaskController.RunTask (Nop.Web) with arguments (Nop.Services.Messages.QueuedMessagesSendTask, Nop.Services) - ModelState is Valid
info: Microsoft.AspNetCore.Mvc.StatusCodeResult[1]
      Executing HttpStatusCodeResult, setting HTTP status code 204
info: Microsoft.AspNetCore.Mvc.Internal.ControllerActionInvoker[2]
      Executed action Nop.Web.Controllers.ScheduleTaskController.RunTask (Nop.Web) in 66.6363ms
info: Microsoft.AspNetCore.Hosting.Internal.WebHost[2]
      Request finished in 259.338ms 204 
info: Microsoft.AspNetCore.Hosting.Internal.WebHost[1]
      Request starting HTTP/1.1 POST http://localhost:15536/scheduletask/runtask application/x-www-form-urlencoded 69
info: Microsoft.AspNetCore.Mvc.Internal.ControllerActionInvoker[1]
      Executing action method Nop.Web.Controllers.ScheduleTaskController.RunTask (Nop.Web) with arguments (Nop.Services.Messages.QueuedMessagesSendTask, Nop.Services) - ModelState is Valid
info: Microsoft.AspNetCore.Mvc.StatusCodeResult[1]
      Executing HttpStatusCodeResult, setting HTTP status code 204
info: Microsoft.AspNetCore.Mvc.Internal.ControllerActionInvoker[2]
      Executed action Nop.Web.Controllers.ScheduleTaskController.RunTask (Nop.Web) in 428.2899ms
info: Microsoft.AspNetCore.Hosting.Internal.WebHost[2]
      Request finished in 625.6004ms 204 
info: Microsoft.AspNetCore.Hosting.Internal.WebHost[1]
      Request starting HTTP/1.1 POST http://localhost:15536/scheduletask/runtask application/x-www-form-urlencoded 69
info: Microsoft.AspNetCore.Mvc.Internal.ControllerActionInvoker[1]
      Executing action method Nop.Web.Controllers.ScheduleTaskController.RunTask (Nop.Web) with arguments (Nop.Services.Messages.QueuedMessagesSendTask, Nop.Services) - ModelState is Valid
info: Microsoft.AspNetCore.Mvc.StatusCodeResult[1]
      Executing HttpStatusCodeResult, setting HTTP status code 204
info: Microsoft.AspNetCore.Mvc.Internal.ControllerActionInvoker[2]
      Executed action Nop.Web.Controllers.ScheduleTaskController.RunTask (Nop.Web) in 183.9701ms
info: Microsoft.AspNetCore.Hosting.Internal.WebHost[2]
      Request finished in 365.742ms 204 
info: Microsoft.AspNetCore.Hosting.Internal.WebHost[1]
      Request starting HTTP/1.1 POST http://localhost:15536/scheduletask/runtask application/x-www-form-urlencoded 69
info: Microsoft.AspNetCore.Mvc.Internal.ControllerActionInvoker[1]
      Executing action method Nop.Web.Controllers.ScheduleTaskController.RunTask (Nop.Web) with arguments (Nop.Services.Messages.QueuedMessagesSendTask, Nop.Services) - ModelState is Valid
info: Microsoft.AspNetCore.Mvc.StatusCodeResult[1]
      Executing HttpStatusCodeResult, setting HTTP status code 204
info: Microsoft.AspNetCore.Mvc.Internal.ControllerActionInvoker[2]
      Executed action Nop.Web.Controllers.ScheduleTaskController.RunTask (Nop.Web) in 183.793ms
info: Microsoft.AspNetCore.Hosting.Internal.WebHost[2]
      Request finished in 403.7996ms 204 
info: Microsoft.AspNetCore.Hosting.Internal.WebHost[1]
      Request starting HTTP/1.1 POST http://localhost:15536/scheduletask/runtask application/x-www-form-urlencoded 69
info: Microsoft.AspNetCore.Mvc.Internal.ControllerActionInvoker[1]
      Executing action method Nop.Web.Controllers.ScheduleTaskController.RunTask (Nop.Web) with arguments (Nop.Services.Messages.QueuedMessagesSendTask, Nop.Services) - ModelState is Valid
info: Microsoft.AspNetCore.Mvc.StatusCodeResult[1]
      Executing HttpStatusCodeResult, setting HTTP status code 204
info: Microsoft.AspNetCore.Mvc.Internal.ControllerActionInvoker[2]
      Executed action Nop.Web.Controllers.ScheduleTaskController.RunTask (Nop.Web) in 129.814ms
info: Microsoft.AspNetCore.Hosting.Internal.WebHost[2]
      Request finished in 336.3424ms 204 
info: Microsoft.AspNetCore.Hosting.Internal.WebHost[1]
      Request starting HTTP/1.1 POST http://localhost:15536/scheduletask/runtask application/x-www-form-urlencoded 58
info: Microsoft.AspNetCore.Mvc.Internal.ControllerActionInvoker[1]
      Executing action method Nop.Web.Controllers.ScheduleTaskController.RunTask (Nop.Web) with arguments (Nop.Services.Common.KeepAliveTask, Nop.Services) - ModelState is Valid
info: Microsoft.AspNetCore.Hosting.Internal.WebHost[1]
      Request starting HTTP/1.1 GET http://localhost:15536/keepalive/index  
info: Microsoft.AspNetCore.Hosting.Internal.WebHost[2]
      Request finished in 2.0665ms 200 
info: Microsoft.AspNetCore.Mvc.StatusCodeResult[1]
      Executing HttpStatusCodeResult, setting HTTP status code 204
info: Microsoft.AspNetCore.Mvc.Internal.ControllerActionInvoker[2]
      Executed action Nop.Web.Controllers.ScheduleTaskController.RunTask (Nop.Web) in 135.995ms
info: Microsoft.AspNetCore.Hosting.Internal.WebHost[2]
      Request finished in 320.214ms 204 
info: Microsoft.AspNetCore.Hosting.Internal.WebHost[1]
      Request starting HTTP/1.1 POST http://localhost:15536/scheduletask/runtask application/x-www-form-urlencoded 69
info: Microsoft.AspNetCore.Mvc.Internal.ControllerActionInvoker[1]
      Executing action method Nop.Web.Controllers.ScheduleTaskController.RunTask (Nop.Web) with arguments (Nop.Services.Messages.QueuedMessagesSendTask, Nop.Services) - ModelState is Valid
info: Microsoft.AspNetCore.Mvc.StatusCodeResult[1]
      Executing HttpStatusCodeResult, setting HTTP status code 204
info: Microsoft.AspNetCore.Mvc.Internal.ControllerActionInvoker[2]
      Executed action Nop.Web.Controllers.ScheduleTaskController.RunTask (Nop.Web) in 149.6884ms
info: Microsoft.AspNetCore.Hosting.Internal.WebHost[2]
      Request finished in 332.0236ms 204 
info: Microsoft.AspNetCore.Hosting.Internal.WebHost[1]
      Request starting HTTP/1.1 POST http://localhost:15536/scheduletask/runtask application/x-www-form-urlencoded 69
info: Microsoft.AspNetCore.Mvc.Internal.ControllerActionInvoker[1]
      Executing action method Nop.Web.Controllers.ScheduleTaskController.RunTask (Nop.Web) with arguments (Nop.Services.Messages.QueuedMessagesSendTask, Nop.Services) - ModelState is Valid
info: Microsoft.AspNetCore.Mvc.StatusCodeResult[1]
      Executing HttpStatusCodeResult, setting HTTP status code 204
info: Microsoft.AspNetCore.Mvc.Internal.ControllerActionInvoker[2]
      Executed action Nop.Web.Controllers.ScheduleTaskController.RunTask (Nop.Web) in 112.7926ms
info: Microsoft.AspNetCore.Hosting.Internal.WebHost[2]
      Request finished in 247.7485ms 204 
info: Microsoft.AspNetCore.Hosting.Internal.WebHost[1]
      Request starting HTTP/1.1 POST http://localhost:15536/scheduletask/runtask application/x-www-form-urlencoded 69
info: Microsoft.AspNetCore.Mvc.Internal.ControllerActionInvoker[1]
      Executing action method Nop.Web.Controllers.ScheduleTaskController.RunTask (Nop.Web) with arguments (Nop.Services.Messages.QueuedMessagesSendTask, Nop.Services) - ModelState is Valid
info: Microsoft.AspNetCore.Mvc.StatusCodeResult[1]
      Executing HttpStatusCodeResult, setting HTTP status code 204
info: Microsoft.AspNetCore.Mvc.Internal.ControllerActionInvoker[2]
      Executed action Nop.Web.Controllers.ScheduleTaskController.RunTask (Nop.Web) in 118.1626ms
info: Microsoft.AspNetCore.Hosting.Internal.WebHost[2]
      Request finished in 268.1402ms 204 
info: Microsoft.AspNetCore.Hosting.Internal.WebHost[1]
      Request starting HTTP/1.1 GET http://localhost:15536/login  
info: Microsoft.AspNetCore.Mvc.Internal.ControllerActionInvoker[1]
      Executing action method Nop.Web.Controllers.CustomerController.Login (Nop.Web) with arguments () - ModelState is Valid
info: Microsoft.AspNetCore.Mvc.ViewFeatures.Internal.ViewResultExecutor[1]
      Executing ViewResult, running view at path /Views/Customer/Login.cshtml.
info: Microsoft.AspNetCore.Mvc.Internal.ControllerActionInvoker[2]
      Executed action Nop.Web.Controllers.CustomerController.Login (Nop.Web) in 1541.3325ms
info: Microsoft.AspNetCore.Hosting.Internal.WebHost[2]
      Request finished in 1827.7767ms 200 text/html; charset=utf-8
info: Microsoft.AspNetCore.Hosting.Internal.WebHost[1]
      Request starting HTTP/1.1 POST http://localhost:15536/login application/x-www-form-urlencoded 245
info: Microsoft.AspNetCore.Mvc.Internal.ControllerActionInvoker[1]
      Executing action method Nop.Web.Controllers.CustomerController.Login (Nop.Web) with arguments (Nop.Web.Models.Customer.LoginModel, , False) - ModelState is Valid
info: Microsoft.AspNetCore.Authentication.Cookies.CookieAuthenticationHandler[10]
      AuthenticationScheme: Authentication signed in.
info: Microsoft.AspNetCore.Mvc.RedirectToRouteResult[1]
      Executing RedirectToRouteResult, redirecting to / from route HomePage.
info: Microsoft.AspNetCore.Mvc.Internal.ControllerActionInvoker[2]
      Executed action Nop.Web.Controllers.CustomerController.Login (Nop.Web) in 567.2036ms
info: Microsoft.AspNetCore.Hosting.Internal.WebHost[2]
      Request finished in 787.141ms 302 
info: Microsoft.AspNetCore.Hosting.Internal.WebHost[1]
      Request starting HTTP/1.1 GET http://localhost:15536/  
info: Microsoft.AspNetCore.Authentication.Cookies.CookieAuthenticationHandler[8]
      AuthenticationScheme: Authentication was successfully authenticated.
info: Microsoft.AspNetCore.Mvc.Internal.ControllerActionInvoker[1]
      Executing action method Nop.Web.Controllers.HomeController.Index (Nop.Web) with arguments ((null)) - ModelState is Valid
info: Microsoft.AspNetCore.Mvc.ViewFeatures.Internal.ViewResultExecutor[1]
      Executing ViewResult, running view at path /Views/Home/Index.cshtml.
info: Microsoft.AspNetCore.Mvc.Internal.ControllerActionInvoker[2]
      Executed action Nop.Web.Controllers.HomeController.Index (Nop.Web) in 7507.4347ms
info: Microsoft.AspNetCore.Hosting.Internal.WebHost[2]
      Request finished in 7810.8732ms 200 text/html; charset=utf-8
info: Microsoft.AspNetCore.Hosting.Internal.WebHost[1]
      Request starting HTTP/1.1 GET http://localhost:15536/Admin  
info: Microsoft.AspNetCore.Authentication.Cookies.CookieAuthenticationHandler[8]
      AuthenticationScheme: Authentication was successfully authenticated.
info: Microsoft.AspNetCore.Mvc.Internal.ControllerActionInvoker[1]
      Executing action method Nop.Web.Areas.Admin.Controllers.HomeController.Index (Nop.Web) with arguments ((null)) - ModelState is Valid
info: Microsoft.AspNetCore.Mvc.ViewFeatures.Internal.ViewResultExecutor[1]
      Executing ViewResult, running view at path /Areas/Admin/Views/Home/Index.cshtml.
info: Microsoft.AspNetCore.Mvc.Internal.ControllerActionInvoker[2]
      Executed action Nop.Web.Areas.Admin.Controllers.HomeController.Index (Nop.Web) in 11375.7792ms
info: Microsoft.AspNetCore.Hosting.Internal.WebHost[2]
      Request finished in 11569.2618ms 200 text/html; charset=utf-8
info: Microsoft.AspNetCore.Hosting.Internal.WebHost[1]
      Request starting HTTP/1.1 GET http://localhost:15536/Admin/Order/LoadOrderStatistics?period=week&_=1522486520078  
info: Microsoft.AspNetCore.Hosting.Internal.WebHost[1]
      Request starting HTTP/1.1 GET http://localhost:15536/Admin/Customer/LoadCustomerStatistics?period=week&_=1522486520079  
info: Microsoft.AspNetCore.Hosting.Internal.WebHost[1]
      Request starting HTTP/1.1 POST http://localhost:15536/Admin/Order/OrderAverageReportList application/x-www-form-urlencoded; charset=UTF-8 182
info: Microsoft.AspNetCore.Hosting.Internal.WebHost[1]
      Request starting HTTP/1.1 POST http://localhost:15536/Admin/Order/OrderIncompleteReportList application/x-www-form-urlencoded; charset=UTF-8 182
info: Microsoft.AspNetCore.Hosting.Internal.WebHost[1]
      Request starting HTTP/1.1 POST http://localhost:15536/Admin/Common/PopularSearchTermsReport application/x-www-form-urlencoded; charset=UTF-8 214
info: Microsoft.AspNetCore.Hosting.Internal.WebHost[1]
      Request starting HTTP/1.1 POST http://localhost:15536/Admin/Order/OrderList application/x-www-form-urlencoded; charset=UTF-8 214
info: Microsoft.AspNetCore.Hosting.Internal.WebHost[1]
      Request starting HTTP/1.1 POST http://localhost:15536/scheduletask/runtask application/x-www-form-urlencoded 69
info: Microsoft.AspNetCore.Mvc.Internal.ControllerActionInvoker[1]
      Executing action method Nop.Web.Controllers.ScheduleTaskController.RunTask (Nop.Web) with arguments (Nop.Services.Messages.QueuedMessagesSendTask, Nop.Services) - ModelState is Valid
info: Microsoft.AspNetCore.Mvc.StatusCodeResult[1]
      Executing HttpStatusCodeResult, setting HTTP status code 204
info: Microsoft.AspNetCore.Mvc.Internal.ControllerActionInvoker[2]
      Executed action Nop.Web.Controllers.ScheduleTaskController.RunTask (Nop.Web) in 416.3949ms
info: Microsoft.AspNetCore.Authentication.Cookies.CookieAuthenticationHandler[8]
      AuthenticationScheme: Authentication was successfully authenticated.
info: Microsoft.AspNetCore.Authentication.Cookies.CookieAuthenticationHandler[8]
      AuthenticationScheme: Authentication was successfully authenticated.
info: Microsoft.AspNetCore.Hosting.Internal.WebHost[2]
      Request finished in 1314.8893ms 204 
info: Microsoft.AspNetCore.Authentication.Cookies.CookieAuthenticationHandler[8]
      AuthenticationScheme: Authentication was successfully authenticated.
info: Microsoft.AspNetCore.Authentication.Cookies.CookieAuthenticationHandler[8]
      AuthenticationScheme: Authentication was successfully authenticated.
info: Microsoft.AspNetCore.Authentication.Cookies.CookieAuthenticationHandler[8]
      AuthenticationScheme: Authentication was successfully authenticated.
info: Microsoft.AspNetCore.Authentication.Cookies.CookieAuthenticationHandler[8]
      AuthenticationScheme: Authentication was successfully authenticated.
info: Microsoft.AspNetCore.Mvc.Internal.ControllerActionInvoker[1]
      Executing action method Nop.Web.Areas.Admin.Controllers.OrderController.LoadOrderStatistics (Nop.Web) with arguments (week) - ModelState is Valid
info: Microsoft.AspNetCore.Mvc.Internal.ControllerActionInvoker[1]
      Executing action method Nop.Web.Areas.Admin.Controllers.CustomerController.LoadCustomerStatistics (Nop.Web) with arguments (week) - ModelState is Valid
info: Microsoft.AspNetCore.Mvc.Internal.ControllerActionInvoker[1]
      Executing action method Nop.Web.Areas.Admin.Controllers.CommonController.PopularSearchTermsReport (Nop.Web) with arguments (Nop.Web.Framework.Kendoui.DataSourceRequest) - ModelState is Valid
info: Microsoft.AspNetCore.Mvc.Internal.ControllerActionInvoker[1]
      Executing action method Nop.Web.Areas.Admin.Controllers.OrderController.OrderList (Nop.Web) with arguments (Nop.Web.Framework.Kendoui.DataSourceRequest, Nop.Web.Areas.Admin.Models.Orders.OrderListModel) - ModelState is Valid
info: Microsoft.AspNetCore.Mvc.Internal.ControllerActionInvoker[1]
      Executing action method Nop.Web.Areas.Admin.Controllers.OrderController.OrderIncompleteReportList (Nop.Web) with arguments (Nop.Web.Framework.Kendoui.DataSourceRequest) - ModelState is Valid
info: Microsoft.AspNetCore.Mvc.Internal.ControllerActionInvoker[1]
      Executing action method Nop.Web.Areas.Admin.Controllers.OrderController.OrderAverageReportList (Nop.Web) with arguments (Nop.Web.Framework.Kendoui.DataSourceRequest) - ModelState is Valid
info: Microsoft.AspNetCore.Mvc.Formatters.Json.Internal.JsonResultExecutor[1]
      Executing JsonResult, writing value Nop.Web.Framework.Kendoui.DataSourceResult.
info: Microsoft.AspNetCore.Mvc.Formatters.Json.Internal.JsonResultExecutor[1]
      Executing JsonResult, writing value Nop.Web.Framework.Kendoui.DataSourceResult.
info: Microsoft.AspNetCore.Mvc.Internal.ControllerActionInvoker[2]
      Executed action Nop.Web.Areas.Admin.Controllers.CommonController.PopularSearchTermsReport (Nop.Web) in 1576.801ms
info: Microsoft.AspNetCore.Mvc.Internal.ControllerActionInvoker[2]
      Executed action Nop.Web.Areas.Admin.Controllers.OrderController.OrderIncompleteReportList (Nop.Web) in 1741.1977ms
info: Microsoft.AspNetCore.Hosting.Internal.WebHost[2]
      Request finished in 2564.4276ms 200 application/json; charset=utf-8
info: Microsoft.AspNetCore.Hosting.Internal.WebHost[1]
      Request starting HTTP/1.1 GET http://localhost:15536/Admin/Product/List  
info: Microsoft.AspNetCore.Hosting.Internal.WebHost[2]
      Request finished in 3124.5679ms 200 application/json; charset=utf-8
info: Microsoft.AspNetCore.Hosting.Internal.WebHost[1]
      Request starting HTTP/1.1 POST http://localhost:15536/Admin/Order/BestsellersBriefReportByQuantityList application/x-www-form-urlencoded; charset=UTF-8 214
info: Microsoft.AspNetCore.Mvc.Formatters.Json.Internal.JsonResultExecutor[1]
      Executing JsonResult, writing value Nop.Web.Framework.Kendoui.DataSourceResult.
info: Microsoft.AspNetCore.Mvc.Formatters.Json.Internal.JsonResultExecutor[1]
      Executing JsonResult, writing value System.Collections.Generic.List`1[System.Object].
info: Microsoft.AspNetCore.Mvc.Formatters.Json.Internal.JsonResultExecutor[1]
      Executing JsonResult, writing value System.Collections.Generic.List`1[System.Object].
info: Microsoft.AspNetCore.Authentication.Cookies.CookieAuthenticationHandler[8]
      AuthenticationScheme: Authentication was successfully authenticated.
info: Microsoft.AspNetCore.Mvc.Internal.ControllerActionInvoker[2]
      Executed action Nop.Web.Areas.Admin.Controllers.OrderController.LoadOrderStatistics (Nop.Web) in 3568.6898ms
info: Microsoft.AspNetCore.Hosting.Internal.WebHost[2]
      Request finished in 4356.5241ms 200 application/json; charset=utf-8
info: Microsoft.AspNetCore.Authentication.Cookies.CookieAuthenticationHandler[8]
      AuthenticationScheme: Authentication was successfully authenticated.
info: Microsoft.AspNetCore.Mvc.Internal.ControllerActionInvoker[2]
      Executed action Nop.Web.Areas.Admin.Controllers.CustomerController.LoadCustomerStatistics (Nop.Web) in 3200.0109ms
info: Microsoft.AspNetCore.Hosting.Internal.WebHost[2]
      Request finished in 4533.5113ms 200 application/json; charset=utf-8
info: Microsoft.AspNetCore.Hosting.Internal.WebHost[1]
      Request starting HTTP/1.1 POST http://localhost:15536/Admin/Order/BestsellersBriefReportByAmountList application/x-www-form-urlencoded; charset=UTF-8 214
info: Microsoft.AspNetCore.Mvc.Internal.ControllerActionInvoker[1]
      Executing action method Nop.Web.Areas.Admin.Controllers.OrderController.BestsellersBriefReportByQuantityList (Nop.Web) with arguments (Nop.Web.Framework.Kendoui.DataSourceRequest) - ModelState is Valid
info: Microsoft.AspNetCore.Mvc.Internal.ControllerActionInvoker[1]
      Executing action method Nop.Web.Areas.Admin.Controllers.ProductController.List (Nop.Web) with arguments ((null)) - ModelState is Valid
info: Microsoft.AspNetCore.Mvc.Formatters.Json.Internal.JsonResultExecutor[1]
      Executing JsonResult, writing value Nop.Web.Framework.Kendoui.DataSourceResult.
info: Microsoft.AspNetCore.Mvc.Internal.ControllerActionInvoker[2]
      Executed action Nop.Web.Areas.Admin.Controllers.OrderController.OrderAverageReportList (Nop.Web) in 3652.2093ms
info: Microsoft.AspNetCore.Hosting.Internal.WebHost[2]
      Request finished in 4718.4322ms 200 application/json; charset=utf-8
info: Microsoft.AspNetCore.Mvc.Internal.ControllerActionInvoker[2]
      Executed action Nop.Web.Areas.Admin.Controllers.OrderController.OrderList (Nop.Web) in 3685.1937ms
info: Microsoft.AspNetCore.Hosting.Internal.WebHost[2]
      Request finished in 4773.3144ms 200 application/json; charset=utf-8
info: Microsoft.AspNetCore.Authentication.Cookies.CookieAuthenticationHandler[8]
      AuthenticationScheme: Authentication was successfully authenticated.
info: Microsoft.AspNetCore.Mvc.Internal.ControllerActionInvoker[1]
      Executing action method Nop.Web.Areas.Admin.Controllers.OrderController.BestsellersBriefReportByAmountList (Nop.Web) with arguments (Nop.Web.Framework.Kendoui.DataSourceRequest) - ModelState is Valid
info: Microsoft.AspNetCore.Mvc.Formatters.Json.Internal.JsonResultExecutor[1]
      Executing JsonResult, writing value Nop.Web.Framework.Kendoui.DataSourceResult.
info: Microsoft.AspNetCore.Mvc.Internal.ControllerActionInvoker[2]
      Executed action Nop.Web.Areas.Admin.Controllers.OrderController.BestsellersBriefReportByQuantityList (Nop.Web) in 1726.9107ms
info: Microsoft.AspNetCore.Hosting.Internal.WebHost[2]
      Request finished in 2347.6445ms 200 application/json; charset=utf-8
info: Microsoft.AspNetCore.Mvc.Formatters.Json.Internal.JsonResultExecutor[1]
      Executing JsonResult, writing value Nop.Web.Framework.Kendoui.DataSourceResult.
info: Microsoft.AspNetCore.Mvc.Internal.ControllerActionInvoker[2]
      Executed action Nop.Web.Areas.Admin.Controllers.OrderController.BestsellersBriefReportByAmountList (Nop.Web) in 916.5529ms
info: Microsoft.AspNetCore.Hosting.Internal.WebHost[2]
      Request finished in 1461.184ms 200 application/json; charset=utf-8
info: Microsoft.AspNetCore.Mvc.ViewFeatures.Internal.ViewResultExecutor[1]
      Executing ViewResult, running view at path /Areas/Admin/Views/Product/List.cshtml.
info: Microsoft.AspNetCore.Mvc.Internal.ControllerActionInvoker[2]
      Executed action Nop.Web.Areas.Admin.Controllers.ProductController.List (Nop.Web) in 3991.5297ms
info: Microsoft.AspNetCore.Hosting.Internal.WebHost[2]
      Request finished in 4694.4584ms 200 text/html; charset=utf-8
info: Microsoft.AspNetCore.Hosting.Internal.WebHost[1]
      Request starting HTTP/1.1 POST http://localhost:15536/Admin/Product/ProductList application/x-www-form-urlencoded; charset=UTF-8 405
info: Microsoft.AspNetCore.Authentication.Cookies.CookieAuthenticationHandler[8]
      AuthenticationScheme: Authentication was successfully authenticated.
info: Microsoft.AspNetCore.Mvc.Internal.ControllerActionInvoker[1]
      Executing action method Nop.Web.Areas.Admin.Controllers.ProductController.ProductList (Nop.Web) with arguments (Nop.Web.Framework.Kendoui.DataSourceRequest, Nop.Web.Areas.Admin.Models.Catalog.ProductListModel) - ModelState is Valid
info: Microsoft.AspNetCore.Mvc.Formatters.Json.Internal.JsonResultExecutor[1]
      Executing JsonResult, writing value Nop.Web.Framework.Kendoui.DataSourceResult.
info: Microsoft.AspNetCore.Mvc.Internal.ControllerActionInvoker[2]
      Executed action Nop.Web.Areas.Admin.Controllers.ProductController.ProductList (Nop.Web) in 1551.7673ms
info: Microsoft.AspNetCore.Hosting.Internal.WebHost[2]
      Request finished in 1706.0996ms 200 application/json; charset=utf-8
info: Microsoft.AspNetCore.Hosting.Internal.WebHost[1]
      Request starting HTTP/1.1 POST http://localhost:15536/Admin/Product/ProductList application/x-www-form-urlencoded; charset=UTF-8 424
info: Microsoft.AspNetCore.Authentication.Cookies.CookieAuthenticationHandler[8]
      AuthenticationScheme: Authentication was successfully authenticated.
info: Microsoft.AspNetCore.Mvc.Internal.ControllerActionInvoker[1]
      Executing action method Nop.Web.Areas.Admin.Controllers.ProductController.ProductList (Nop.Web) with arguments (Nop.Web.Framework.Kendoui.DataSourceRequest, Nop.Web.Areas.Admin.Models.Catalog.ProductListModel) - ModelState is Valid
info: Microsoft.AspNetCore.Mvc.Formatters.Json.Internal.JsonResultExecutor[1]
      Executing JsonResult, writing value Nop.Web.Framework.Kendoui.DataSourceResult.
info: Microsoft.AspNetCore.Mvc.Internal.ControllerActionInvoker[2]
      Executed action Nop.Web.Areas.Admin.Controllers.ProductController.ProductList (Nop.Web) in 190.719ms
info: Microsoft.AspNetCore.Hosting.Internal.WebHost[2]
      Request finished in 359.2857ms 200 application/json; charset=utf-8
info: Microsoft.AspNetCore.Hosting.Internal.WebHost[1]
      Request starting HTTP/1.1 GET http://localhost:15536/images/thumbs/0000095_heavy-duty-livewire_75.jpeg  
info: Microsoft.AspNetCore.StaticFiles.StaticFileMiddleware[6]
      The file /images/thumbs/0000095_heavy-duty-livewire_75.jpeg was not modified
info: Microsoft.AspNetCore.Hosting.Internal.WebHost[2]
      Request finished in 61.7998ms 304 image/jpeg
info: Microsoft.AspNetCore.Hosting.Internal.WebHost[1]
      Request starting HTTP/1.1 GET http://localhost:15536/CustomBuilder  
info: Microsoft.AspNetCore.Authentication.Cookies.CookieAuthenticationHandler[8]
      AuthenticationScheme: Authentication was successfully authenticated.
info: Microsoft.AspNetCore.Mvc.Internal.ControllerActionInvoker[1]
      Executing action method Nop.Web.Controllers.CustomBuilderController.Index (Nop.Web) with arguments ((null)) - ModelState is Valid
info: Microsoft.AspNetCore.Mvc.ViewFeatures.Internal.ViewResultExecutor[1]
      Executing ViewResult, running view at path /Views/CustomBuilder/Index.cshtml.
info: Microsoft.AspNetCore.Mvc.Internal.ControllerActionInvoker[2]
      Executed action Nop.Web.Controllers.CustomBuilderController.Index (Nop.Web) in 1424.8138ms
info: Microsoft.AspNetCore.Hosting.Internal.WebHost[2]
      Request finished in 1627.1873ms 200 text/html; charset=utf-8
info: Microsoft.AspNetCore.Hosting.Internal.WebHost[1]
      Request starting HTTP/1.1 GET http://localhost:15536/srcset=%22https:/img.skatewarehouse.com/framework16/images/pros/2x/BARL.png  
info: Microsoft.AspNetCore.Authentication.Cookies.CookieAuthenticationHandler[8]
      AuthenticationScheme: Authentication was successfully authenticated.
info: Microsoft.AspNetCore.Hosting.Internal.WebHost[2]
      Request finished in 660.9242ms 404 
info: Microsoft.AspNetCore.Hosting.Internal.WebHost[1]
      Request starting HTTP/1.1 GET http://localhost:15536/flag-shaft-2?bldrshaft  
info: Microsoft.AspNetCore.Authentication.Cookies.CookieAuthenticationHandler[8]
      AuthenticationScheme: Authentication was successfully authenticated.
info: Microsoft.AspNetCore.Mvc.Internal.ControllerActionInvoker[1]
      Executing action method Nop.Web.Controllers.CatalogController.Category (Nop.Web) with arguments (51, Nop.Web.Models.Catalog.CatalogPagingFilteringModel) - ModelState is Valid
info: Microsoft.AspNetCore.Mvc.ViewFeatures.Internal.ViewResultExecutor[1]
      Executing ViewResult, running view at path /Views/Catalog/CategoryTemplate.ProductsInGridOrLines.cshtml.
info: Microsoft.AspNetCore.Mvc.Internal.ControllerActionInvoker[2]
      Executed action Nop.Web.Controllers.CatalogController.Category (Nop.Web) in 3781.3025ms
info: Microsoft.AspNetCore.Hosting.Internal.WebHost[2]
      Request finished in 4131.8087ms 200 text/html; charset=utf-8
info: Microsoft.AspNetCore.Hosting.Internal.WebHost[1]
      Request starting HTTP/1.1 GET http://localhost:15536/non-lit-2?bldrshaft  
info: Microsoft.AspNetCore.Authentication.Cookies.CookieAuthenticationHandler[8]
      AuthenticationScheme: Authentication was successfully authenticated.
info: Microsoft.AspNetCore.Mvc.Internal.ControllerActionInvoker[1]
      Executing action method Nop.Web.Controllers.CatalogController.Category (Nop.Web) with arguments (54, Nop.Web.Models.Catalog.CatalogPagingFilteringModel) - ModelState is Valid
info: Microsoft.AspNetCore.Mvc.ViewFeatures.Internal.ViewResultExecutor[1]
      Executing ViewResult, running view at path /Views/Catalog/CategoryTemplate.ProductsInGridOrLines.cshtml.
info: Microsoft.AspNetCore.Mvc.Internal.ControllerActionInvoker[2]
      Executed action Nop.Web.Controllers.CatalogController.Category (Nop.Web) in 1496.5777ms
info: Microsoft.AspNetCore.Hosting.Internal.WebHost[2]
      Request finished in 1758.1409ms 200 text/html; charset=utf-8
info: Microsoft.AspNetCore.Hosting.Internal.WebHost[1]
      Request starting HTTP/1.1 POST http://localhost:15536/scheduletask/runtask application/x-www-form-urlencoded 69
info: Microsoft.AspNetCore.Mvc.Internal.ControllerActionInvoker[1]
      Executing action method Nop.Web.Controllers.ScheduleTaskController.RunTask (Nop.Web) with arguments (Nop.Services.Messages.QueuedMessagesSendTask, Nop.Services) - ModelState is Valid
info: Microsoft.AspNetCore.Mvc.StatusCodeResult[1]
      Executing HttpStatusCodeResult, setting HTTP status code 204
info: Microsoft.AspNetCore.Mvc.Internal.ControllerActionInvoker[2]
      Executed action Nop.Web.Controllers.ScheduleTaskController.RunTask (Nop.Web) in 145.7166ms
info: Microsoft.AspNetCore.Hosting.Internal.WebHost[2]
      Request finished in 386.0268ms 204 
info: Microsoft.AspNetCore.Hosting.Internal.WebHost[1]
      Request starting HTTP/1.1 POST http://localhost:15536/Admin/Product/ProductList application/x-www-form-urlencoded; charset=UTF-8 419
info: Microsoft.AspNetCore.Authentication.Cookies.CookieAuthenticationHandler[8]
      AuthenticationScheme: Authentication was successfully authenticated.
info: Microsoft.AspNetCore.Mvc.Internal.ControllerActionInvoker[1]
      Executing action method Nop.Web.Areas.Admin.Controllers.ProductController.ProductList (Nop.Web) with arguments (Nop.Web.Framework.Kendoui.DataSourceRequest, Nop.Web.Areas.Admin.Models.Catalog.ProductListModel) - ModelState is Valid
info: Microsoft.AspNetCore.Mvc.Formatters.Json.Internal.JsonResultExecutor[1]
      Executing JsonResult, writing value Nop.Web.Framework.Kendoui.DataSourceResult.
info: Microsoft.AspNetCore.Mvc.Internal.ControllerActionInvoker[2]
      Executed action Nop.Web.Areas.Admin.Controllers.ProductController.ProductList (Nop.Web) in 155.4627ms
info: Microsoft.AspNetCore.Hosting.Internal.WebHost[2]
      Request finished in 318.9268ms 200 application/json; charset=utf-8
info: Microsoft.AspNetCore.Hosting.Internal.WebHost[1]
      Request starting HTTP/1.1 POST http://localhost:15536/scheduletask/runtask application/x-www-form-urlencoded 64
info: Microsoft.AspNetCore.Mvc.Internal.ControllerActionInvoker[1]
      Executing action method Nop.Web.Controllers.ScheduleTaskController.RunTask (Nop.Web) with arguments (Nop.Services.Customers.DeleteGuestsTask, Nop.Services) - ModelState is Valid
info: Microsoft.AspNetCore.Hosting.Internal.WebHost[1]
      Request starting HTTP/1.1 POST http://localhost:15536/scheduletask/runtask application/x-www-form-urlencoded 58
info: Microsoft.AspNetCore.Mvc.StatusCodeResult[1]
      Executing HttpStatusCodeResult, setting HTTP status code 204
info: Microsoft.AspNetCore.Mvc.Internal.ControllerActionInvoker[2]
      Executed action Nop.Web.Controllers.ScheduleTaskController.RunTask (Nop.Web) in 601.4132ms
info: Microsoft.AspNetCore.Hosting.Internal.WebHost[2]
      Request finished in 788.1681ms 204 
info: Microsoft.AspNetCore.Mvc.Internal.ControllerActionInvoker[1]
      Executing action method Nop.Web.Controllers.ScheduleTaskController.RunTask (Nop.Web) with arguments (Nop.Services.Common.KeepAliveTask, Nop.Services) - ModelState is Valid
info: Microsoft.AspNetCore.Hosting.Internal.WebHost[1]
      Request starting HTTP/1.1 GET http://localhost:15536/keepalive/index  
info: Microsoft.AspNetCore.Hosting.Internal.WebHost[2]
      Request finished in 2.8888ms 200 
info: Microsoft.AspNetCore.Mvc.StatusCodeResult[1]
      Executing HttpStatusCodeResult, setting HTTP status code 204
info: Microsoft.AspNetCore.Mvc.Internal.ControllerActionInvoker[2]
      Executed action Nop.Web.Controllers.ScheduleTaskController.RunTask (Nop.Web) in 142.3561ms
info: Microsoft.AspNetCore.Hosting.Internal.WebHost[2]
      Request finished in 418.5143ms 204 
info: Microsoft.AspNetCore.Hosting.Internal.WebHost[1]
      Request starting HTTP/1.1 POST http://localhost:15536/scheduletask/runtask application/x-www-form-urlencoded 69
info: Microsoft.AspNetCore.Mvc.Internal.ControllerActionInvoker[1]
      Executing action method Nop.Web.Controllers.ScheduleTaskController.RunTask (Nop.Web) with arguments (Nop.Services.Messages.QueuedMessagesSendTask, Nop.Services) - ModelState is Valid
info: Microsoft.AspNetCore.Mvc.StatusCodeResult[1]
      Executing HttpStatusCodeResult, setting HTTP status code 204
info: Microsoft.AspNetCore.Mvc.Internal.ControllerActionInvoker[2]
      Executed action Nop.Web.Controllers.ScheduleTaskController.RunTask (Nop.Web) in 97.5923ms
info: Microsoft.AspNetCore.Hosting.Internal.WebHost[2]
      Request finished in 268.6696ms 204 
info: Microsoft.AspNetCore.Hosting.Internal.WebHost[1]
      Request starting HTTP/1.1 POST http://localhost:15536/scheduletask/runtask application/x-www-form-urlencoded 69
info: Microsoft.AspNetCore.Mvc.Internal.ControllerActionInvoker[1]
      Executing action method Nop.Web.Controllers.ScheduleTaskController.RunTask (Nop.Web) with arguments (Nop.Services.Messages.QueuedMessagesSendTask, Nop.Services) - ModelState is Valid
info: Microsoft.AspNetCore.Mvc.StatusCodeResult[1]
      Executing HttpStatusCodeResult, setting HTTP status code 204
info: Microsoft.AspNetCore.Mvc.Internal.ControllerActionInvoker[2]
      Executed action Nop.Web.Controllers.ScheduleTaskController.RunTask (Nop.Web) in 122.1653ms
info: Microsoft.AspNetCore.Hosting.Internal.WebHost[2]
      Request finished in 235.7456ms 204 
info: Microsoft.AspNetCore.Hosting.Internal.WebHost[1]
      Request starting HTTP/1.1 POST http://localhost:15536/scheduletask/runtask application/x-www-form-urlencoded 69
info: Microsoft.AspNetCore.Mvc.Internal.ControllerActionInvoker[1]
      Executing action method Nop.Web.Controllers.ScheduleTaskController.RunTask (Nop.Web) with arguments (Nop.Services.Messages.QueuedMessagesSendTask, Nop.Services) - ModelState is Valid
info: Microsoft.AspNetCore.Mvc.StatusCodeResult[1]
      Executing HttpStatusCodeResult, setting HTTP status code 204
info: Microsoft.AspNetCore.Mvc.Internal.ControllerActionInvoker[2]
      Executed action Nop.Web.Controllers.ScheduleTaskController.RunTask (Nop.Web) in 106.769ms
info: Microsoft.AspNetCore.Hosting.Internal.WebHost[2]
      Request finished in 243.7937ms 204 
info: Microsoft.AspNetCore.Hosting.Internal.WebHost[1]
      Request starting HTTP/1.1 POST http://localhost:15536/scheduletask/runtask application/x-www-form-urlencoded 69
info: Microsoft.AspNetCore.Mvc.Internal.ControllerActionInvoker[1]
      Executing action method Nop.Web.Controllers.ScheduleTaskController.RunTask (Nop.Web) with arguments (Nop.Services.Messages.QueuedMessagesSendTask, Nop.Services) - ModelState is Valid
info: Microsoft.AspNetCore.Mvc.StatusCodeResult[1]
      Executing HttpStatusCodeResult, setting HTTP status code 204
info: Microsoft.AspNetCore.Mvc.Internal.ControllerActionInvoker[2]
      Executed action Nop.Web.Controllers.ScheduleTaskController.RunTask (Nop.Web) in 80.9066ms
info: Microsoft.AspNetCore.Hosting.Internal.WebHost[2]
      Request finished in 228.9087ms 204 


































































































































