Hosting environment: Development
Content root path: C:\Users\Khushbu\source\repos\npbuilder\Presentation\Nop.Web
Now listening on: http://localhost:27703
Application started. Press Ctrl+C to shut down.
info: Microsoft.AspNetCore.Hosting.Internal.WebHost[1]
      Request starting HTTP/1.1 GET http://localhost:15536/  
info: Microsoft.AspNetCore.Mvc.Internal.ControllerActionInvoker[1]
      Executing action method Nop.Web.Controllers.HomeController.Index (Nop.Web) with arguments ((null)) - ModelState is Valid
info: Microsoft.AspNetCore.Mvc.ViewFeatures.Internal.ViewResultExecutor[1]
      Executing ViewResult, running view at path /Views/Home/Index.cshtml.
info: Microsoft.AspNetCore.Mvc.Internal.ControllerActionInvoker[2]
      Executed action Nop.Web.Controllers.HomeController.Index (Nop.Web) in 37571.9864ms
info: Microsoft.AspNetCore.Hosting.Internal.WebHost[2]
      Request finished in 40964.3328ms 200 text/html; charset=utf-8
info: Microsoft.AspNetCore.Hosting.Internal.WebHost[1]
      Request starting HTTP/1.1 GET http://localhost:15536/Themes/DefaultClean/Content/images/wishlist-button.png  
info: Microsoft.AspNetCore.Hosting.Internal.WebHost[1]
      Request starting HTTP/1.1 GET http://localhost:15536/Themes/DefaultClean/Content/images/compare-button.png  
info: Microsoft.AspNetCore.StaticFiles.StaticFileMiddleware[6]
      The file /DefaultClean/Content/images/wishlist-button.png was not modified
info: Microsoft.AspNetCore.StaticFiles.StaticFileMiddleware[6]
      The file /DefaultClean/Content/images/compare-button.png was not modified
info: Microsoft.AspNetCore.Hosting.Internal.WebHost[2]
      Request finished in 64.8061ms 304 image/png
info: Microsoft.AspNetCore.Hosting.Internal.WebHost[2]
      Request finished in 74.3163ms 304 image/png
info: Microsoft.AspNetCore.Hosting.Internal.WebHost[1]
      Request starting HTTP/1.1 GET http://localhost:15536/custombuilder-2  
info: Microsoft.AspNetCore.Mvc.Internal.ControllerActionInvoker[1]
      Executing action method Nop.Web.Controllers.TopicController.TopicDetails (Nop.Web) with arguments (13) - ModelState is Valid
info: Microsoft.AspNetCore.Mvc.ViewFeatures.Internal.ViewResultExecutor[1]
      Executing ViewResult, running view at path /Views/Topic/TopicDetails.cshtml.
info: Microsoft.AspNetCore.Mvc.Internal.ControllerActionInvoker[2]
      Executed action Nop.Web.Controllers.TopicController.TopicDetails (Nop.Web) in 908.5471ms
info: Microsoft.AspNetCore.Hosting.Internal.WebHost[2]
      Request finished in 1207.1547ms 200 text/html; charset=utf-8
info: Microsoft.AspNetCore.Hosting.Internal.WebHost[1]
      Request starting HTTP/1.1 GET http://localhost:15536/CustomBuilder  
info: Microsoft.AspNetCore.Mvc.Internal.ControllerActionInvoker[1]
      Executing action method Nop.Web.Controllers.CustomBuilderController.Index (Nop.Web) with arguments ((null)) - ModelState is Valid
info: Microsoft.AspNetCore.Mvc.ViewFeatures.Internal.ViewResultExecutor[1]
      Executing ViewResult, running view at path /Views/CustomBuilder/Index.cshtml.
info: Microsoft.AspNetCore.Mvc.Internal.ControllerActionInvoker[2]
      Executed action Nop.Web.Controllers.CustomBuilderController.Index (Nop.Web) in 4751.3176ms
info: Microsoft.AspNetCore.Session.DistributedSession[3]
      Session started; Key:ebddaf35-2593-5b7e-2664-3fd6d65e80b9, Id:81578627-8998-2351-d95a-feecc5b5d15b
info: Microsoft.AspNetCore.Hosting.Internal.WebHost[2]
      Request finished in 5068.3501ms 200 text/html; charset=utf-8
info: Microsoft.AspNetCore.Hosting.Internal.WebHost[1]
      Request starting HTTP/1.1 GET http://localhost:15536/srcset=%22https:/img.skatewarehouse.com/framework16/images/pros/2x/BARL.png  
info: Microsoft.AspNetCore.Hosting.Internal.WebHost[2]
      Request finished in 725.3208ms 404 
info: Microsoft.AspNetCore.Hosting.Internal.WebHost[1]
      Request starting HTTP/1.1 POST http://localhost:15536/scheduletask/runtask application/x-www-form-urlencoded 69
info: Microsoft.AspNetCore.Hosting.Internal.WebHost[1]
      Request starting HTTP/1.1 GET http://localhost:15536/flagc?bldr  
info: Microsoft.AspNetCore.Mvc.Internal.ControllerActionInvoker[1]
      Executing action method Nop.Web.Controllers.ScheduleTaskController.RunTask (Nop.Web) with arguments (Nop.Services.Messages.QueuedMessagesSendTask, Nop.Services) - ModelState is Valid
info: Microsoft.AspNetCore.Mvc.Internal.ControllerActionInvoker[1]
      Executing action method Nop.Web.Controllers.CatalogController.Category (Nop.Web) with arguments (45, Nop.Web.Models.Catalog.CatalogPagingFilteringModel) - ModelState is Valid
info: Microsoft.AspNetCore.Mvc.StatusCodeResult[1]
      Executing HttpStatusCodeResult, setting HTTP status code 204
info: Microsoft.AspNetCore.Mvc.Internal.ControllerActionInvoker[2]
      Executed action Nop.Web.Controllers.ScheduleTaskController.RunTask (Nop.Web) in 434.9391ms
info: Microsoft.AspNetCore.Hosting.Internal.WebHost[2]
      Request finished in 835.9098ms 204 
info: Microsoft.AspNetCore.Mvc.ViewFeatures.Internal.ViewResultExecutor[1]
      Executing ViewResult, running view at path /Views/Catalog/CategoryTemplate.ProductsInGridOrLines.cshtml.
info: Microsoft.AspNetCore.Mvc.Internal.ControllerActionInvoker[2]
      Executed action Nop.Web.Controllers.CatalogController.Category (Nop.Web) in 6818.8598ms
info: Microsoft.AspNetCore.Hosting.Internal.WebHost[2]
      Request finished in 7175.2903ms 200 text/html; charset=utf-8
info: Microsoft.AspNetCore.Hosting.Internal.WebHost[1]
      Request starting HTTP/1.1 GET http://localhost:15536/images/thumbs/0000095_heavy-duty-livewire_64.jpeg  
info: Microsoft.AspNetCore.StaticFiles.StaticFileMiddleware[6]
      The file /images/thumbs/0000095_heavy-duty-livewire_64.jpeg was not modified
info: Microsoft.AspNetCore.Hosting.Internal.WebHost[2]
      Request finished in 23.6113ms 304 image/jpeg
info: Microsoft.AspNetCore.Hosting.Internal.WebHost[1]
      Request starting HTTP/1.1 GET http://localhost:15536/Themes/DefaultClean/Content/images/view-list.png  
info: Microsoft.AspNetCore.Hosting.Internal.WebHost[1]
      Request starting HTTP/1.1 GET http://localhost:15536/Themes/DefaultClean/Content/images/view-grid.png  
info: Microsoft.AspNetCore.StaticFiles.StaticFileMiddleware[6]
      The file /DefaultClean/Content/images/view-list.png was not modified
info: Microsoft.AspNetCore.StaticFiles.StaticFileMiddleware[6]
      The file /DefaultClean/Content/images/view-grid.png was not modified
info: Microsoft.AspNetCore.Hosting.Internal.WebHost[2]
      Request finished in 40.033ms 304 image/png
info: Microsoft.AspNetCore.Hosting.Internal.WebHost[2]
      Request finished in 70.7123ms 304 image/png
info: Microsoft.AspNetCore.Hosting.Internal.WebHost[1]
      Request starting HTTP/1.1 GET http://localhost:15536/regular-pennant-2?bldr  
info: Microsoft.AspNetCore.Mvc.Internal.ControllerActionInvoker[1]
      Executing action method Nop.Web.Controllers.CatalogController.Category (Nop.Web) with arguments (49, Nop.Web.Models.Catalog.CatalogPagingFilteringModel) - ModelState is Valid
info: Microsoft.AspNetCore.Mvc.ViewFeatures.Internal.ViewResultExecutor[1]
      Executing ViewResult, running view at path /Views/Catalog/CategoryTemplate.ProductsInGridOrLines.cshtml.
info: Microsoft.AspNetCore.Mvc.Internal.ControllerActionInvoker[2]
      Executed action Nop.Web.Controllers.CatalogController.Category (Nop.Web) in 502.2758ms
info: Microsoft.AspNetCore.Hosting.Internal.WebHost[2]
      Request finished in 715.7543ms 200 text/html; charset=utf-8
info: Microsoft.AspNetCore.Hosting.Internal.WebHost[1]
      Request starting HTTP/1.1 GET http://localhost:15536/CustomBuilder?prdidflag=68&prdimgflag=http%3A%2F%2Flocalhost%3A15536%2Fimages%2Fthumbs%2F0000092_clickwhip-pennant-flag_415.jpeg&prdnameflag=ClickWhip%20pennant%20flag&prdskuflag=clickwhip-pennant-flag&prdpriceflag=$3.60  
info: Microsoft.AspNetCore.Mvc.Internal.ControllerActionInvoker[1]
      Executing action method Nop.Web.Controllers.CustomBuilderController.Index (Nop.Web) with arguments ((null)) - ModelState is Valid
info: Microsoft.AspNetCore.Mvc.ViewFeatures.Internal.ViewResultExecutor[1]
      Executing ViewResult, running view at path /Views/CustomBuilder/Index.cshtml.
info: Microsoft.AspNetCore.Mvc.Internal.ControllerActionInvoker[2]
      Executed action Nop.Web.Controllers.CustomBuilderController.Index (Nop.Web) in 1403.6629ms
info: Microsoft.AspNetCore.Hosting.Internal.WebHost[2]
      Request finished in 1625.5902ms 200 text/html; charset=utf-8
info: Microsoft.AspNetCore.Hosting.Internal.WebHost[1]
      Request starting HTTP/1.1 GET http://localhost:15536/srcset=%22https:/img.skatewarehouse.com/framework16/images/pros/2x/BARL.png  
info: Microsoft.AspNetCore.Hosting.Internal.WebHost[2]
      Request finished in 249.9298ms 404 
info: Microsoft.AspNetCore.Hosting.Internal.WebHost[1]
      Request starting HTTP/1.1 GET http://localhost:15536/flag-shaft-2?bldrshaft  
info: Microsoft.AspNetCore.Mvc.Internal.ControllerActionInvoker[1]
      Executing action method Nop.Web.Controllers.CatalogController.Category (Nop.Web) with arguments (51, Nop.Web.Models.Catalog.CatalogPagingFilteringModel) - ModelState is Valid
info: Microsoft.AspNetCore.Mvc.ViewFeatures.Internal.ViewResultExecutor[1]
      Executing ViewResult, running view at path /Views/Catalog/CategoryTemplate.ProductsInGridOrLines.cshtml.
info: Microsoft.AspNetCore.Mvc.Internal.ControllerActionInvoker[2]
      Executed action Nop.Web.Controllers.CatalogController.Category (Nop.Web) in 564.5753ms
info: Microsoft.AspNetCore.Hosting.Internal.WebHost[2]
      Request finished in 741.1947ms 200 text/html; charset=utf-8
info: Microsoft.AspNetCore.Hosting.Internal.WebHost[1]
      Request starting HTTP/1.1 GET http://localhost:15536/images/thumbs/default-image_415.png  
info: Microsoft.AspNetCore.StaticFiles.StaticFileMiddleware[6]
      The file /images/thumbs/default-image_415.png was not modified
info: Microsoft.AspNetCore.Hosting.Internal.WebHost[2]
      Request finished in 19.4907ms 304 image/png
info: Microsoft.AspNetCore.Hosting.Internal.WebHost[1]
      Request starting HTTP/1.1 GET http://localhost:15536/images/thumbs/0000095_heavy-duty-livewire_415.jpeg  
info: Microsoft.AspNetCore.StaticFiles.StaticFileMiddleware[6]
      The file /images/thumbs/0000095_heavy-duty-livewire_415.jpeg was not modified
info: Microsoft.AspNetCore.Hosting.Internal.WebHost[2]
      Request finished in 7.4636ms 304 image/jpeg
info: Microsoft.AspNetCore.Hosting.Internal.WebHost[1]
      Request starting HTTP/1.1 GET http://localhost:15536/non-lit-2?bldrshaft  
info: Microsoft.AspNetCore.Mvc.Internal.ControllerActionInvoker[1]
      Executing action method Nop.Web.Controllers.CatalogController.Category (Nop.Web) with arguments (54, Nop.Web.Models.Catalog.CatalogPagingFilteringModel) - ModelState is Valid
info: Microsoft.AspNetCore.Mvc.ViewFeatures.Internal.ViewResultExecutor[1]
      Executing ViewResult, running view at path /Views/Catalog/CategoryTemplate.ProductsInGridOrLines.cshtml.
info: Microsoft.AspNetCore.Mvc.Internal.ControllerActionInvoker[2]
      Executed action Nop.Web.Controllers.CatalogController.Category (Nop.Web) in 574.2598ms
info: Microsoft.AspNetCore.Hosting.Internal.WebHost[2]
      Request finished in 850.9142ms 200 text/html; charset=utf-8
info: Microsoft.AspNetCore.Hosting.Internal.WebHost[1]
      Request starting HTTP/1.1 GET http://localhost:15536/standard-shaft?bldrshaft  
info: Microsoft.AspNetCore.Mvc.Internal.ControllerActionInvoker[1]
      Executing action method Nop.Web.Controllers.ProductController.ProductDetails (Nop.Web) with arguments (74, 0) - ModelState is Valid
info: Microsoft.AspNetCore.Mvc.ViewFeatures.Internal.ViewResultExecutor[1]
      Executing ViewResult, running view at path /Views/Product/ProductTemplate.Simple.cshtml.
info: Microsoft.AspNetCore.Mvc.Internal.ControllerActionInvoker[2]
      Executed action Nop.Web.Controllers.ProductController.ProductDetails (Nop.Web) in 8243.0997ms
info: Microsoft.AspNetCore.Hosting.Internal.WebHost[2]
      Request finished in 8487.1114ms 200 text/html; charset=utf-8
info: Microsoft.AspNetCore.Hosting.Internal.WebHost[1]
      Request starting HTTP/1.1 POST http://localhost:15536/shoppingcart/productdetails_attributechange?productId=74&validateAttributeConditions=False&loadPicture=True application/x-www-form-urlencoded; charset=UTF-8 182
info: Microsoft.AspNetCore.Mvc.Internal.ControllerActionInvoker[1]
      Executing action method Nop.Web.Controllers.ShoppingCartController.ProductDetails_AttributeChange (Nop.Web) with arguments (74, False, True, Microsoft.AspNetCore.Http.FormCollection) - ModelState is Valid
info: Microsoft.AspNetCore.Mvc.Formatters.Json.Internal.JsonResultExecutor[1]
      Executing JsonResult, writing value { gtin = , mpn = , sku = , price = $6.30, stockAvailability = , enabledattributemappingids = System.Int32[], disabledattributemappingids = System.Int32[], pictureFullSizeUrl = , pictureDefaultSizeUrl = , isFreeShipping = False, message =  }.
info: Microsoft.AspNetCore.Mvc.Internal.ControllerActionInvoker[2]
      Executed action Nop.Web.Controllers.ShoppingCartController.ProductDetails_AttributeChange (Nop.Web) in 288.4174ms
info: Microsoft.AspNetCore.Hosting.Internal.WebHost[2]
      Request finished in 571.5601ms 200 application/json; charset=utf-8
info: Microsoft.AspNetCore.Hosting.Internal.WebHost[1]
      Request starting HTTP/1.1 GET http://localhost:15536/standard-shaft?bldrshaft  
info: Microsoft.AspNetCore.Mvc.Internal.ControllerActionInvoker[1]
      Executing action method Nop.Web.Controllers.ProductController.ProductDetails (Nop.Web) with arguments (74, 0) - ModelState is Valid
info: Microsoft.AspNetCore.Mvc.ViewFeatures.Internal.ViewResultExecutor[1]
      Executing ViewResult, running view at path /Views/Product/ProductTemplate.Simple.cshtml.
info: Microsoft.AspNetCore.Mvc.Internal.ControllerActionInvoker[2]
      Executed action Nop.Web.Controllers.ProductController.ProductDetails (Nop.Web) in 366.715ms
info: Microsoft.AspNetCore.Hosting.Internal.WebHost[2]
      Request finished in 565.4629ms 200 text/html; charset=utf-8
info: Microsoft.AspNetCore.Hosting.Internal.WebHost[1]
      Request starting HTTP/1.1 POST http://localhost:15536/shoppingcart/productdetails_attributechange?productId=74&validateAttributeConditions=False&loadPicture=True application/x-www-form-urlencoded; charset=UTF-8 182
info: Microsoft.AspNetCore.Mvc.Internal.ControllerActionInvoker[1]
      Executing action method Nop.Web.Controllers.ShoppingCartController.ProductDetails_AttributeChange (Nop.Web) with arguments (74, False, True, Microsoft.AspNetCore.Http.FormCollection) - ModelState is Valid
info: Microsoft.AspNetCore.Mvc.Formatters.Json.Internal.JsonResultExecutor[1]
      Executing JsonResult, writing value { gtin = , mpn = , sku = , price = $6.30, stockAvailability = , enabledattributemappingids = System.Int32[], disabledattributemappingids = System.Int32[], pictureFullSizeUrl = , pictureDefaultSizeUrl = , isFreeShipping = False, message =  }.
info: Microsoft.AspNetCore.Mvc.Internal.ControllerActionInvoker[2]
      Executed action Nop.Web.Controllers.ShoppingCartController.ProductDetails_AttributeChange (Nop.Web) in 109.832ms
info: Microsoft.AspNetCore.Hosting.Internal.WebHost[2]
      Request finished in 413.3788ms 200 application/json; charset=utf-8
info: Microsoft.AspNetCore.Hosting.Internal.WebHost[1]
      Request starting HTTP/1.1 POST http://localhost:15536/scheduletask/runtask application/x-www-form-urlencoded 69
info: Microsoft.AspNetCore.Mvc.Internal.ControllerActionInvoker[1]
      Executing action method Nop.Web.Controllers.ScheduleTaskController.RunTask (Nop.Web) with arguments (Nop.Services.Messages.QueuedMessagesSendTask, Nop.Services) - ModelState is Valid
info: Microsoft.AspNetCore.Mvc.StatusCodeResult[1]
      Executing HttpStatusCodeResult, setting HTTP status code 204
info: Microsoft.AspNetCore.Mvc.Internal.ControllerActionInvoker[2]
      Executed action Nop.Web.Controllers.ScheduleTaskController.RunTask (Nop.Web) in 116.7817ms
info: Microsoft.AspNetCore.Hosting.Internal.WebHost[2]
      Request finished in 312.6061ms 204 
info: Microsoft.AspNetCore.Hosting.Internal.WebHost[1]
      Request starting HTTP/1.1 GET http://localhost:15536/standard-shaft?bldrshaft  
info: Microsoft.AspNetCore.Mvc.Internal.ControllerActionInvoker[1]
      Executing action method Nop.Web.Controllers.ProductController.ProductDetails (Nop.Web) with arguments (74, 0) - ModelState is Valid
info: Microsoft.AspNetCore.Mvc.ViewFeatures.Internal.ViewResultExecutor[1]
      Executing ViewResult, running view at path /Views/Product/ProductTemplate.Simple.cshtml.
info: Microsoft.AspNetCore.Mvc.Internal.ControllerActionInvoker[2]
      Executed action Nop.Web.Controllers.ProductController.ProductDetails (Nop.Web) in 674.1388ms
info: Microsoft.AspNetCore.Hosting.Internal.WebHost[2]
      Request finished in 825.1382ms 200 text/html; charset=utf-8
info: Microsoft.AspNetCore.Hosting.Internal.WebHost[1]
      Request starting HTTP/1.1 GET http://localhost:15536/Themes/DefaultClean/Content/css/styles.css  
info: Microsoft.AspNetCore.Hosting.Internal.WebHost[1]
      Request starting HTTP/1.1 GET http://localhost:15536/lib/magnific-popup/magnific-popup.css  
info: Microsoft.AspNetCore.Hosting.Internal.WebHost[1]
      Request starting HTTP/1.1 GET http://localhost:15536/lib/jquery-ui-themes/smoothness/jquery-ui-1.10.3.custom.min.css  
info: Microsoft.AspNetCore.StaticFiles.StaticFileMiddleware[2]
      Sending file. Request path: '/DefaultClean/Content/css/styles.css'. Physical path: 'C:\Users\Khushbu\source\repos\npbuilder\Presentation\Nop.Web\Themes\DefaultClean\Content\css\styles.css'
info: Microsoft.AspNetCore.StaticFiles.StaticFileMiddleware[2]
      Sending file. Request path: '/lib/jquery-ui-themes/smoothness/jquery-ui-1.10.3.custom.min.css'. Physical path: 'C:\Users\Khushbu\source\repos\npbuilder\Presentation\Nop.Web\wwwroot\lib\jquery-ui-themes\smoothness\jquery-ui-1.10.3.custom.min.css'
info: Microsoft.AspNetCore.Hosting.Internal.WebHost[1]
      Request starting HTTP/1.1 GET http://localhost:15536/lib/jquery-1.10.2.min.js  
info: Microsoft.AspNetCore.StaticFiles.StaticFileMiddleware[2]
      Sending file. Request path: '/lib/jquery-1.10.2.min.js'. Physical path: 'C:\Users\Khushbu\source\repos\npbuilder\Presentation\Nop.Web\wwwroot\lib\jquery-1.10.2.min.js'
info: Microsoft.AspNetCore.StaticFiles.StaticFileMiddleware[2]
      Sending file. Request path: '/lib/magnific-popup/magnific-popup.css'. Physical path: 'C:\Users\Khushbu\source\repos\npbuilder\Presentation\Nop.Web\wwwroot\lib\magnific-popup\magnific-popup.css'
info: Microsoft.AspNetCore.Hosting.Internal.WebHost[2]
      Request finished in 131.1619ms 200 text/css
info: Microsoft.AspNetCore.Hosting.Internal.WebHost[2]
      Request finished in 161.9956ms 200 text/css
info: Microsoft.AspNetCore.Hosting.Internal.WebHost[2]
      Request finished in 257.9889ms 200 application/javascript
info: Microsoft.AspNetCore.Hosting.Internal.WebHost[1]
      Request starting HTTP/1.1 GET http://localhost:15536/lib/jquery.validate.min.js  
info: Microsoft.AspNetCore.StaticFiles.StaticFileMiddleware[2]
      Sending file. Request path: '/lib/jquery.validate.min.js'. Physical path: 'C:\Users\Khushbu\source\repos\npbuilder\Presentation\Nop.Web\wwwroot\lib\jquery.validate.min.js'
info: Microsoft.AspNetCore.Hosting.Internal.WebHost[2]
      Request finished in 343.152ms 200 text/css
info: Microsoft.AspNetCore.Hosting.Internal.WebHost[2]
      Request finished in 53.2095ms 200 application/javascript
info: Microsoft.AspNetCore.Hosting.Internal.WebHost[1]
      Request starting HTTP/1.1 GET http://localhost:15536/lib/jquery-ui-1.10.3.custom.min.js  
info: Microsoft.AspNetCore.Hosting.Internal.WebHost[1]
      Request starting HTTP/1.1 GET http://localhost:15536/lib/jquery-migrate-1.2.1.min.js  
info: Microsoft.AspNetCore.Hosting.Internal.WebHost[1]
      Request starting HTTP/1.1 GET http://localhost:15536/js/public.ajaxcart.js  
info: Microsoft.AspNetCore.Hosting.Internal.WebHost[1]
      Request starting HTTP/1.1 GET http://localhost:15536/js/public.common.js  
info: Microsoft.AspNetCore.StaticFiles.StaticFileMiddleware[2]
      Sending file. Request path: '/lib/jquery-ui-1.10.3.custom.min.js'. Physical path: 'C:\Users\Khushbu\source\repos\npbuilder\Presentation\Nop.Web\wwwroot\lib\jquery-ui-1.10.3.custom.min.js'
info: Microsoft.AspNetCore.StaticFiles.StaticFileMiddleware[2]
      Sending file. Request path: '/js/public.ajaxcart.js'. Physical path: 'C:\Users\Khushbu\source\repos\npbuilder\Presentation\Nop.Web\wwwroot\js\public.ajaxcart.js'
info: Microsoft.AspNetCore.Hosting.Internal.WebHost[2]
      Request finished in 115.6078ms 200 application/javascript
info: Microsoft.AspNetCore.Hosting.Internal.WebHost[1]
      Request starting HTTP/1.1 GET http://localhost:15536/Themes/DefaultClean/Content/images/shopping-bag.png  
info: Microsoft.AspNetCore.Hosting.Internal.WebHost[1]
      Request starting HTTP/1.1 GET http://localhost:15536/lib/magnific-popup/jquery.magnific-popup.min.js  
info: Microsoft.AspNetCore.Hosting.Internal.WebHost[1]
      Request starting HTTP/1.1 GET http://localhost:15536/lib/jquery.validate.unobtrusive.min.js  
info: Microsoft.AspNetCore.StaticFiles.StaticFileMiddleware[2]
      Sending file. Request path: '/DefaultClean/Content/images/shopping-bag.png'. Physical path: 'C:\Users\Khushbu\source\repos\npbuilder\Presentation\Nop.Web\Themes\DefaultClean\Content\images\shopping-bag.png'
info: Microsoft.AspNetCore.StaticFiles.StaticFileMiddleware[2]
      Sending file. Request path: '/lib/jquery-migrate-1.2.1.min.js'. Physical path: 'C:\Users\Khushbu\source\repos\npbuilder\Presentation\Nop.Web\wwwroot\lib\jquery-migrate-1.2.1.min.js'
info: Microsoft.AspNetCore.StaticFiles.StaticFileMiddleware[2]
      Sending file. Request path: '/js/public.common.js'. Physical path: 'C:\Users\Khushbu\source\repos\npbuilder\Presentation\Nop.Web\wwwroot\js\public.common.js'
info: Microsoft.AspNetCore.StaticFiles.StaticFileMiddleware[2]
      Sending file. Request path: '/lib/jquery.validate.unobtrusive.min.js'. Physical path: 'C:\Users\Khushbu\source\repos\npbuilder\Presentation\Nop.Web\wwwroot\lib\jquery.validate.unobtrusive.min.js'
info: Microsoft.AspNetCore.Hosting.Internal.WebHost[2]
      Request finished in 142.8568ms 200 image/png
info: Microsoft.AspNetCore.Hosting.Internal.WebHost[2]
      Request finished in 281.2313ms 200 application/javascript
info: Microsoft.AspNetCore.Hosting.Internal.WebHost[1]
      Request starting HTTP/1.1 GET http://localhost:15536/Themes/DefaultClean/Content/images/logo.png  
info: Microsoft.AspNetCore.StaticFiles.StaticFileMiddleware[2]
      Sending file. Request path: '/lib/magnific-popup/jquery.magnific-popup.min.js'. Physical path: 'C:\Users\Khushbu\source\repos\npbuilder\Presentation\Nop.Web\wwwroot\lib\magnific-popup\jquery.magnific-popup.min.js'
info: Microsoft.AspNetCore.Hosting.Internal.WebHost[1]
      Request starting HTTP/1.1 GET http://localhost:15536/images/thumbs/default-image_550.png  
info: Microsoft.AspNetCore.Hosting.Internal.WebHost[2]
      Request finished in 472.1135ms 200 application/javascript
info: Microsoft.AspNetCore.StaticFiles.StaticFileMiddleware[2]
      Sending file. Request path: '/images/thumbs/default-image_550.png'. Physical path: 'C:\Users\Khushbu\source\repos\npbuilder\Presentation\Nop.Web\wwwroot\images\thumbs\default-image_550.png'
info: Microsoft.AspNetCore.Hosting.Internal.WebHost[1]
      Request starting HTTP/1.1 GET http://localhost:15536/Themes/DefaultClean/Content/images/rating1.png  
info: Microsoft.AspNetCore.StaticFiles.StaticFileMiddleware[2]
      Sending file. Request path: '/DefaultClean/Content/images/logo.png'. Physical path: 'C:\Users\Khushbu\source\repos\npbuilder\Presentation\Nop.Web\Themes\DefaultClean\Content\images\logo.png'
info: Microsoft.AspNetCore.Hosting.Internal.WebHost[2]
      Request finished in 436.0952ms 200 application/javascript
info: Microsoft.AspNetCore.Hosting.Internal.WebHost[2]
      Request finished in 576.5805ms 200 application/javascript
info: Microsoft.AspNetCore.StaticFiles.StaticFileMiddleware[2]
      Sending file. Request path: '/DefaultClean/Content/images/rating1.png'. Physical path: 'C:\Users\Khushbu\source\repos\npbuilder\Presentation\Nop.Web\Themes\DefaultClean\Content\images\rating1.png'
info: Microsoft.AspNetCore.Hosting.Internal.WebHost[2]
      Request finished in 252.2334ms 200 image/png
info: Microsoft.AspNetCore.Hosting.Internal.WebHost[2]
      Request finished in 369.7104ms 200 image/png
info: Microsoft.AspNetCore.Hosting.Internal.WebHost[2]
      Request finished in 638.1228ms 200 application/javascript
info: Microsoft.AspNetCore.Hosting.Internal.WebHost[2]
      Request finished in 249.3661ms 200 image/png
info: Microsoft.AspNetCore.Hosting.Internal.WebHost[1]
      Request starting HTTP/1.1 GET http://localhost:15536/Themes/DefaultClean/Content/images/rating2.png  
info: Microsoft.AspNetCore.Hosting.Internal.WebHost[1]
      Request starting HTTP/1.1 GET http://localhost:15536/Themes/DefaultClean/Content/images/loading.gif  
info: Microsoft.AspNetCore.Hosting.Internal.WebHost[1]
      Request starting HTTP/1.1 GET http://localhost:15536/Themes/DefaultClean/Content/images/ajax-loader-small.gif  
info: Microsoft.AspNetCore.StaticFiles.StaticFileMiddleware[2]
      Sending file. Request path: '/DefaultClean/Content/images/rating2.png'. Physical path: 'C:\Users\Khushbu\source\repos\npbuilder\Presentation\Nop.Web\Themes\DefaultClean\Content\images\rating2.png'
info: Microsoft.AspNetCore.Hosting.Internal.WebHost[1]
      Request starting HTTP/1.1 GET http://localhost:15536/Themes/DefaultClean/Content/images/social-sprite.png  
info: Microsoft.AspNetCore.Hosting.Internal.WebHost[1]
      Request starting HTTP/1.1 GET http://localhost:15536/lib/jquery-ui-themes/smoothness/images/ui-bg_flat_75_ffffff_40x100.png  
info: Microsoft.AspNetCore.Hosting.Internal.WebHost[1]
      Request starting HTTP/1.1 POST http://localhost:15536/shoppingcart/productdetails_attributechange?productId=74&validateAttributeConditions=False&loadPicture=True application/x-www-form-urlencoded; charset=UTF-8 182
info: Microsoft.AspNetCore.StaticFiles.StaticFileMiddleware[2]
      Sending file. Request path: '/DefaultClean/Content/images/loading.gif'. Physical path: 'C:\Users\Khushbu\source\repos\npbuilder\Presentation\Nop.Web\Themes\DefaultClean\Content\images\loading.gif'
info: Microsoft.AspNetCore.StaticFiles.StaticFileMiddleware[2]
      Sending file. Request path: '/DefaultClean/Content/images/ajax-loader-small.gif'. Physical path: 'C:\Users\Khushbu\source\repos\npbuilder\Presentation\Nop.Web\Themes\DefaultClean\Content\images\ajax-loader-small.gif'
info: Microsoft.AspNetCore.Hosting.Internal.WebHost[2]
      Request finished in 198.7003ms 200 image/gif
info: Microsoft.AspNetCore.StaticFiles.StaticFileMiddleware[2]
      Sending file. Request path: '/DefaultClean/Content/images/social-sprite.png'. Physical path: 'C:\Users\Khushbu\source\repos\npbuilder\Presentation\Nop.Web\Themes\DefaultClean\Content\images\social-sprite.png'
info: Microsoft.AspNetCore.StaticFiles.StaticFileMiddleware[2]
      Sending file. Request path: '/lib/jquery-ui-themes/smoothness/images/ui-bg_flat_75_ffffff_40x100.png'. Physical path: 'C:\Users\Khushbu\source\repos\npbuilder\Presentation\Nop.Web\wwwroot\lib\jquery-ui-themes\smoothness\images\ui-bg_flat_75_ffffff_40x100.png'
info: Microsoft.AspNetCore.Hosting.Internal.WebHost[2]
      Request finished in 297.5874ms 200 image/gif
info: Microsoft.AspNetCore.Hosting.Internal.WebHost[2]
      Request finished in 383.6314ms 200 image/png
info: Microsoft.AspNetCore.Hosting.Internal.WebHost[2]
      Request finished in 457.0521ms 200 image/png
info: Microsoft.AspNetCore.Hosting.Internal.WebHost[2]
      Request finished in 512.8844ms 200 image/png
info: Microsoft.AspNetCore.Mvc.Internal.ControllerActionInvoker[1]
      Executing action method Nop.Web.Controllers.ShoppingCartController.ProductDetails_AttributeChange (Nop.Web) with arguments (74, False, True, Microsoft.AspNetCore.Http.FormCollection) - ModelState is Valid
info: Microsoft.AspNetCore.Mvc.Formatters.Json.Internal.JsonResultExecutor[1]
      Executing JsonResult, writing value { gtin = , mpn = , sku = , price = $6.30, stockAvailability = , enabledattributemappingids = System.Int32[], disabledattributemappingids = System.Int32[], pictureFullSizeUrl = , pictureDefaultSizeUrl = , isFreeShipping = False, message =  }.
info: Microsoft.AspNetCore.Mvc.Internal.ControllerActionInvoker[2]
      Executed action Nop.Web.Controllers.ShoppingCartController.ProductDetails_AttributeChange (Nop.Web) in 78.4674ms
info: Microsoft.AspNetCore.Hosting.Internal.WebHost[2]
      Request finished in 616.3662ms 200 application/json; charset=utf-8
info: Microsoft.AspNetCore.Hosting.Internal.WebHost[1]
      Request starting HTTP/1.1 GET http://localhost:15536/standard-shaft?bldrshaft  
info: Microsoft.AspNetCore.Mvc.Internal.ControllerActionInvoker[1]
      Executing action method Nop.Web.Controllers.ProductController.ProductDetails (Nop.Web) with arguments (74, 0) - ModelState is Valid
info: Microsoft.AspNetCore.Mvc.ViewFeatures.Internal.ViewResultExecutor[1]
      Executing ViewResult, running view at path /Views/Product/ProductTemplate.Simple.cshtml.
info: Microsoft.AspNetCore.Mvc.Internal.ControllerActionInvoker[2]
      Executed action Nop.Web.Controllers.ProductController.ProductDetails (Nop.Web) in 995.4456ms
info: Microsoft.AspNetCore.Hosting.Internal.WebHost[2]
      Request finished in 1216.1608ms 200 text/html; charset=utf-8
info: Microsoft.AspNetCore.Hosting.Internal.WebHost[1]
      Request starting HTTP/1.1 GET http://localhost:15536/lib/jquery-ui-themes/smoothness/jquery-ui-1.10.3.custom.min.css  
info: Microsoft.AspNetCore.Hosting.Internal.WebHost[1]
      Request starting HTTP/1.1 GET http://localhost:15536/lib/jquery-1.10.2.min.js  
info: Microsoft.AspNetCore.Hosting.Internal.WebHost[1]
      Request starting HTTP/1.1 GET http://localhost:15536/Themes/DefaultClean/Content/css/styles.css  
info: Microsoft.AspNetCore.Hosting.Internal.WebHost[1]
      Request starting HTTP/1.1 GET http://localhost:15536/lib/magnific-popup/magnific-popup.css  
info: Microsoft.AspNetCore.StaticFiles.StaticFileMiddleware[2]
      Sending file. Request path: '/lib/jquery-ui-themes/smoothness/jquery-ui-1.10.3.custom.min.css'. Physical path: 'C:\Users\Khushbu\source\repos\npbuilder\Presentation\Nop.Web\wwwroot\lib\jquery-ui-themes\smoothness\jquery-ui-1.10.3.custom.min.css'
info: Microsoft.AspNetCore.StaticFiles.StaticFileMiddleware[2]
      Sending file. Request path: '/lib/magnific-popup/magnific-popup.css'. Physical path: 'C:\Users\Khushbu\source\repos\npbuilder\Presentation\Nop.Web\wwwroot\lib\magnific-popup\magnific-popup.css'
info: Microsoft.AspNetCore.Hosting.Internal.WebHost[2]
      Request finished in 86.0089ms 200 text/css
info: Microsoft.AspNetCore.StaticFiles.StaticFileMiddleware[2]
      Sending file. Request path: '/DefaultClean/Content/css/styles.css'. Physical path: 'C:\Users\Khushbu\source\repos\npbuilder\Presentation\Nop.Web\Themes\DefaultClean\Content\css\styles.css'
info: Microsoft.AspNetCore.StaticFiles.StaticFileMiddleware[2]
      Sending file. Request path: '/lib/jquery-1.10.2.min.js'. Physical path: 'C:\Users\Khushbu\source\repos\npbuilder\Presentation\Nop.Web\wwwroot\lib\jquery-1.10.2.min.js'
info: Microsoft.AspNetCore.Hosting.Internal.WebHost[2]
      Request finished in 179.6717ms 200 text/css
info: Microsoft.AspNetCore.Hosting.Internal.WebHost[2]
      Request finished in 201.6859ms 200 application/javascript
info: Microsoft.AspNetCore.Hosting.Internal.WebHost[1]
      Request starting HTTP/1.1 GET http://localhost:15536/lib/jquery.validate.min.js  
info: Microsoft.AspNetCore.Hosting.Internal.WebHost[2]
      Request finished in 232.0283ms 200 text/css
info: Microsoft.AspNetCore.StaticFiles.StaticFileMiddleware[2]
      Sending file. Request path: '/lib/jquery.validate.min.js'. Physical path: 'C:\Users\Khushbu\source\repos\npbuilder\Presentation\Nop.Web\wwwroot\lib\jquery.validate.min.js'
info: Microsoft.AspNetCore.Hosting.Internal.WebHost[2]
      Request finished in 60.3205ms 200 application/javascript
info: Microsoft.AspNetCore.Hosting.Internal.WebHost[1]
      Request starting HTTP/1.1 GET http://localhost:15536/lib/jquery-migrate-1.2.1.min.js  
info: Microsoft.AspNetCore.Hosting.Internal.WebHost[1]
      Request starting HTTP/1.1 GET http://localhost:15536/lib/jquery-ui-1.10.3.custom.min.js  
info: Microsoft.AspNetCore.Hosting.Internal.WebHost[1]
      Request starting HTTP/1.1 GET http://localhost:15536/js/public.common.js  
info: Microsoft.AspNetCore.StaticFiles.StaticFileMiddleware[2]
      Sending file. Request path: '/lib/jquery-migrate-1.2.1.min.js'. Physical path: 'C:\Users\Khushbu\source\repos\npbuilder\Presentation\Nop.Web\wwwroot\lib\jquery-migrate-1.2.1.min.js'
info: Microsoft.AspNetCore.Hosting.Internal.WebHost[1]
      Request starting HTTP/1.1 GET http://localhost:15536/lib/jquery.validate.unobtrusive.min.js  
info: Microsoft.AspNetCore.Hosting.Internal.WebHost[2]
      Request finished in 72.8792ms 200 application/javascript
info: Microsoft.AspNetCore.StaticFiles.StaticFileMiddleware[2]
      Sending file. Request path: '/lib/jquery-ui-1.10.3.custom.min.js'. Physical path: 'C:\Users\Khushbu\source\repos\npbuilder\Presentation\Nop.Web\wwwroot\lib\jquery-ui-1.10.3.custom.min.js'
info: Microsoft.AspNetCore.Hosting.Internal.WebHost[2]
      Request finished in 98.3671ms 200 application/javascript
info: Microsoft.AspNetCore.StaticFiles.StaticFileMiddleware[2]
      Sending file. Request path: '/js/public.common.js'. Physical path: 'C:\Users\Khushbu\source\repos\npbuilder\Presentation\Nop.Web\wwwroot\js\public.common.js'
info: Microsoft.AspNetCore.Hosting.Internal.WebHost[1]
      Request starting HTTP/1.1 GET http://localhost:15536/js/public.ajaxcart.js  
info: Microsoft.AspNetCore.StaticFiles.StaticFileMiddleware[2]
      Sending file. Request path: '/lib/jquery.validate.unobtrusive.min.js'. Physical path: 'C:\Users\Khushbu\source\repos\npbuilder\Presentation\Nop.Web\wwwroot\lib\jquery.validate.unobtrusive.min.js'
info: Microsoft.AspNetCore.StaticFiles.StaticFileMiddleware[2]
      Sending file. Request path: '/js/public.ajaxcart.js'. Physical path: 'C:\Users\Khushbu\source\repos\npbuilder\Presentation\Nop.Web\wwwroot\js\public.ajaxcart.js'
info: Microsoft.AspNetCore.Hosting.Internal.WebHost[1]
      Request starting HTTP/1.1 GET http://localhost:15536/Themes/DefaultClean/Content/images/logo.png  
info: Microsoft.AspNetCore.Hosting.Internal.WebHost[2]
      Request finished in 173.0969ms 200 application/javascript
info: Microsoft.AspNetCore.Hosting.Internal.WebHost[1]
      Request starting HTTP/1.1 GET http://localhost:15536/Themes/DefaultClean/Content/images/rating2.png  
info: Microsoft.AspNetCore.Hosting.Internal.WebHost[2]
      Request finished in 94.6113ms 200 application/javascript
info: Microsoft.AspNetCore.StaticFiles.StaticFileMiddleware[2]
      Sending file. Request path: '/DefaultClean/Content/images/rating2.png'. Physical path: 'C:\Users\Khushbu\source\repos\npbuilder\Presentation\Nop.Web\Themes\DefaultClean\Content\images\rating2.png'
info: Microsoft.AspNetCore.StaticFiles.StaticFileMiddleware[2]
      Sending file. Request path: '/DefaultClean/Content/images/logo.png'. Physical path: 'C:\Users\Khushbu\source\repos\npbuilder\Presentation\Nop.Web\Themes\DefaultClean\Content\images\logo.png'
info: Microsoft.AspNetCore.Hosting.Internal.WebHost[2]
      Request finished in 39.3421ms 200 image/png
info: Microsoft.AspNetCore.Hosting.Internal.WebHost[2]
      Request finished in 229.7186ms 200 application/javascript
info: Microsoft.AspNetCore.Hosting.Internal.WebHost[2]
      Request finished in 103.3402ms 200 image/png
info: Microsoft.AspNetCore.Hosting.Internal.WebHost[1]
      Request starting HTTP/1.1 GET http://localhost:15536/images/thumbs/default-image_550.png  
info: Microsoft.AspNetCore.StaticFiles.StaticFileMiddleware[2]
      Sending file. Request path: '/images/thumbs/default-image_550.png'. Physical path: 'C:\Users\Khushbu\source\repos\npbuilder\Presentation\Nop.Web\wwwroot\images\thumbs\default-image_550.png'
info: Microsoft.AspNetCore.Hosting.Internal.WebHost[1]
      Request starting HTTP/1.1 GET http://localhost:15536/Themes/DefaultClean/Content/images/loading.gif  
info: Microsoft.AspNetCore.StaticFiles.StaticFileMiddleware[2]
      Sending file. Request path: '/DefaultClean/Content/images/loading.gif'. Physical path: 'C:\Users\Khushbu\source\repos\npbuilder\Presentation\Nop.Web\Themes\DefaultClean\Content\images\loading.gif'
info: Microsoft.AspNetCore.Hosting.Internal.WebHost[1]
      Request starting HTTP/1.1 GET http://localhost:15536/Themes/DefaultClean/Content/images/rating1.png  
info: Microsoft.AspNetCore.Hosting.Internal.WebHost[2]
      Request finished in 33.8044ms 200 image/gif
info: Microsoft.AspNetCore.Hosting.Internal.WebHost[2]
      Request finished in 86.2426ms 200 image/png
info: Microsoft.AspNetCore.StaticFiles.StaticFileMiddleware[2]
      Sending file. Request path: '/DefaultClean/Content/images/rating1.png'. Physical path: 'C:\Users\Khushbu\source\repos\npbuilder\Presentation\Nop.Web\Themes\DefaultClean\Content\images\rating1.png'
info: Microsoft.AspNetCore.Hosting.Internal.WebHost[1]
      Request starting HTTP/1.1 GET http://localhost:15536/Themes/DefaultClean/Content/images/ajax-loader-small.gif  
info: Microsoft.AspNetCore.StaticFiles.StaticFileMiddleware[2]
      Sending file. Request path: '/DefaultClean/Content/images/ajax-loader-small.gif'. Physical path: 'C:\Users\Khushbu\source\repos\npbuilder\Presentation\Nop.Web\Themes\DefaultClean\Content\images\ajax-loader-small.gif'
info: Microsoft.AspNetCore.Hosting.Internal.WebHost[1]
      Request starting HTTP/1.1 GET http://localhost:15536/Themes/DefaultClean/Content/images/social-sprite.png  
info: Microsoft.AspNetCore.StaticFiles.StaticFileMiddleware[2]
      Sending file. Request path: '/DefaultClean/Content/images/social-sprite.png'. Physical path: 'C:\Users\Khushbu\source\repos\npbuilder\Presentation\Nop.Web\Themes\DefaultClean\Content\images\social-sprite.png'
info: Microsoft.AspNetCore.Hosting.Internal.WebHost[2]
      Request finished in 129.7838ms 200 image/png
info: Microsoft.AspNetCore.Hosting.Internal.WebHost[1]
      Request starting HTTP/1.1 GET http://localhost:15536/lib/magnific-popup/jquery.magnific-popup.min.js  
info: Microsoft.AspNetCore.StaticFiles.StaticFileMiddleware[2]
      Sending file. Request path: '/lib/magnific-popup/jquery.magnific-popup.min.js'. Physical path: 'C:\Users\Khushbu\source\repos\npbuilder\Presentation\Nop.Web\wwwroot\lib\magnific-popup\jquery.magnific-popup.min.js'
info: Microsoft.AspNetCore.Hosting.Internal.WebHost[2]
      Request finished in 17.9985ms 200 application/javascript
info: Microsoft.AspNetCore.Hosting.Internal.WebHost[2]
      Request finished in 151.1553ms 200 image/gif
info: Microsoft.AspNetCore.Hosting.Internal.WebHost[2]
      Request finished in 152.174ms 200 image/png
info: Microsoft.AspNetCore.Hosting.Internal.WebHost[1]
      Request starting HTTP/1.1 GET http://localhost:15536/Themes/DefaultClean/Content/images/shopping-bag.png  
info: Microsoft.AspNetCore.StaticFiles.StaticFileMiddleware[2]
      Sending file. Request path: '/DefaultClean/Content/images/shopping-bag.png'. Physical path: 'C:\Users\Khushbu\source\repos\npbuilder\Presentation\Nop.Web\Themes\DefaultClean\Content\images\shopping-bag.png'
info: Microsoft.AspNetCore.Hosting.Internal.WebHost[1]
      Request starting HTTP/1.1 POST http://localhost:15536/shoppingcart/productdetails_attributechange?productId=74&validateAttributeConditions=False&loadPicture=True application/x-www-form-urlencoded; charset=UTF-8 182
info: Microsoft.AspNetCore.Hosting.Internal.WebHost[1]
      Request starting HTTP/1.1 GET http://localhost:15536/lib/jquery-ui-themes/smoothness/images/ui-bg_flat_75_ffffff_40x100.png  
info: Microsoft.AspNetCore.Hosting.Internal.WebHost[2]
      Request finished in 64.4814ms 200 image/png
info: Microsoft.AspNetCore.StaticFiles.StaticFileMiddleware[2]
      Sending file. Request path: '/lib/jquery-ui-themes/smoothness/images/ui-bg_flat_75_ffffff_40x100.png'. Physical path: 'C:\Users\Khushbu\source\repos\npbuilder\Presentation\Nop.Web\wwwroot\lib\jquery-ui-themes\smoothness\images\ui-bg_flat_75_ffffff_40x100.png'
info: Microsoft.AspNetCore.Hosting.Internal.WebHost[2]
      Request finished in 157.132ms 200 image/png
info: Microsoft.AspNetCore.Mvc.Internal.ControllerActionInvoker[1]
      Executing action method Nop.Web.Controllers.ShoppingCartController.ProductDetails_AttributeChange (Nop.Web) with arguments (74, False, True, Microsoft.AspNetCore.Http.FormCollection) - ModelState is Valid
info: Microsoft.AspNetCore.Mvc.Formatters.Json.Internal.JsonResultExecutor[1]
      Executing JsonResult, writing value { gtin = , mpn = , sku = , price = $6.30, stockAvailability = , enabledattributemappingids = System.Int32[], disabledattributemappingids = System.Int32[], pictureFullSizeUrl = , pictureDefaultSizeUrl = , isFreeShipping = False, message =  }.
info: Microsoft.AspNetCore.Mvc.Internal.ControllerActionInvoker[2]
      Executed action Nop.Web.Controllers.ShoppingCartController.ProductDetails_AttributeChange (Nop.Web) in 43.2478ms
info: Microsoft.AspNetCore.Hosting.Internal.WebHost[2]
      Request finished in 313.2094ms 200 application/json; charset=utf-8
info: Microsoft.AspNetCore.Hosting.Internal.WebHost[1]
      Request starting HTTP/1.1 POST http://localhost:15536/shoppingcart/productdetails_attributechange?productId=74&validateAttributeConditions=False&loadPicture=True application/x-www-form-urlencoded; charset=UTF-8 207
info: Microsoft.AspNetCore.Mvc.Internal.ControllerActionInvoker[1]
      Executing action method Nop.Web.Controllers.ShoppingCartController.ProductDetails_AttributeChange (Nop.Web) with arguments (74, False, True, Microsoft.AspNetCore.Http.FormCollection) - ModelState is Valid
info: Microsoft.AspNetCore.Mvc.Formatters.Json.Internal.JsonResultExecutor[1]
      Executing JsonResult, writing value { gtin = , mpn = , sku = , price = $6.30, stockAvailability = , enabledattributemappingids = System.Int32[], disabledattributemappingids = System.Int32[], pictureFullSizeUrl = , pictureDefaultSizeUrl = , isFreeShipping = False, message =  }.
info: Microsoft.AspNetCore.Mvc.Internal.ControllerActionInvoker[2]
      Executed action Nop.Web.Controllers.ShoppingCartController.ProductDetails_AttributeChange (Nop.Web) in 52.3384ms
info: Microsoft.AspNetCore.Hosting.Internal.WebHost[2]
      Request finished in 193.9707ms 200 application/json; charset=utf-8
info: Microsoft.AspNetCore.Hosting.Internal.WebHost[1]
      Request starting HTTP/1.1 GET http://localhost:15536/CustomBuilder/Index?prdidflagshaft=74&prdimgflagshaft=http://localhost:15536/images/thumbs/default-image_415.png&prdnameflagshaft=Standard%20shaft&prdskuflagshaft=standard-shaft&prdpriceflagshaft=7.00  
info: Microsoft.AspNetCore.Mvc.Internal.ControllerActionInvoker[1]
      Executing action method Nop.Web.Controllers.CustomBuilderController.Index (Nop.Web) with arguments ((null)) - ModelState is Valid
info: Microsoft.AspNetCore.Mvc.ViewFeatures.Internal.ViewResultExecutor[1]
      Executing ViewResult, running view at path /Views/CustomBuilder/Index.cshtml.
info: Microsoft.AspNetCore.Mvc.Internal.ControllerActionInvoker[2]
      Executed action Nop.Web.Controllers.CustomBuilderController.Index (Nop.Web) in 1429.0571ms
info: Microsoft.AspNetCore.Hosting.Internal.WebHost[2]
      Request finished in 1572.7405ms 200 text/html; charset=utf-8
info: Microsoft.AspNetCore.Hosting.Internal.WebHost[1]
      Request starting HTTP/1.1 GET http://localhost:15536/CustomBuilder/srcset=%22https:/img.skatewarehouse.com/framework16/images/pros/2x/BARL.png  
info: Microsoft.AspNetCore.Hosting.Internal.WebHost[2]
      Request finished in 227.756ms 404 
info: Microsoft.AspNetCore.Hosting.Internal.WebHost[1]
      Request starting HTTP/1.1 GET http://localhost:15536/CustomBuilder/FlagShaft  
info: Microsoft.AspNetCore.Mvc.Internal.ControllerActionInvoker[1]
      Executing action method Nop.Web.Controllers.CustomBuilderController.FlagShaft (Nop.Web) with arguments ((null)) - ModelState is Valid
info: Microsoft.AspNetCore.Mvc.RedirectToActionResult[1]
      Executing RedirectResult, redirecting to /CustomBuilder.
info: Microsoft.AspNetCore.Mvc.Internal.ControllerActionInvoker[2]
      Executed action Nop.Web.Controllers.CustomBuilderController.FlagShaft (Nop.Web) in 11.1911ms
info: Microsoft.AspNetCore.Hosting.Internal.WebHost[2]
      Request finished in 178.9468ms 302 
info: Microsoft.AspNetCore.Hosting.Internal.WebHost[1]
      Request starting HTTP/1.1 GET http://localhost:15536/CustomBuilder  
info: Microsoft.AspNetCore.Mvc.Internal.ControllerActionInvoker[1]
      Executing action method Nop.Web.Controllers.CustomBuilderController.Index (Nop.Web) with arguments ((null)) - ModelState is Valid
info: Microsoft.AspNetCore.Mvc.ViewFeatures.Internal.ViewResultExecutor[1]
      Executing ViewResult, running view at path /Views/CustomBuilder/Index.cshtml.
info: Microsoft.AspNetCore.Mvc.Internal.ControllerActionInvoker[2]
      Executed action Nop.Web.Controllers.CustomBuilderController.Index (Nop.Web) in 310.7756ms
info: Microsoft.AspNetCore.Hosting.Internal.WebHost[2]
      Request finished in 516.0972ms 200 text/html; charset=utf-8
info: Microsoft.AspNetCore.Hosting.Internal.WebHost[1]
      Request starting HTTP/1.1 GET http://localhost:15536/srcset=%22https:/img.skatewarehouse.com/framework16/images/pros/2x/BARL.png  
info: Microsoft.AspNetCore.Hosting.Internal.WebHost[2]
      Request finished in 240.949ms 404 
info: Microsoft.AspNetCore.Hosting.Internal.WebHost[1]
      Request starting HTTP/1.1 GET http://localhost:15536/flag-shaft-2?bldrshaft  
info: Microsoft.AspNetCore.Mvc.Internal.ControllerActionInvoker[1]
      Executing action method Nop.Web.Controllers.CatalogController.Category (Nop.Web) with arguments (51, Nop.Web.Models.Catalog.CatalogPagingFilteringModel) - ModelState is Valid
info: Microsoft.AspNetCore.Hosting.Internal.WebHost[1]
      Request starting HTTP/1.1 POST http://localhost:15536/scheduletask/runtask application/x-www-form-urlencoded 69
info: Microsoft.AspNetCore.Mvc.Internal.ControllerActionInvoker[1]
      Executing action method Nop.Web.Controllers.ScheduleTaskController.RunTask (Nop.Web) with arguments (Nop.Services.Messages.QueuedMessagesSendTask, Nop.Services) - ModelState is Valid
info: Microsoft.AspNetCore.Mvc.StatusCodeResult[1]
      Executing HttpStatusCodeResult, setting HTTP status code 204
info: Microsoft.AspNetCore.Mvc.Internal.ControllerActionInvoker[2]
      Executed action Nop.Web.Controllers.ScheduleTaskController.RunTask (Nop.Web) in 166.1637ms
info: Microsoft.AspNetCore.Hosting.Internal.WebHost[2]
      Request finished in 336.6935ms 204 
info: Microsoft.AspNetCore.Mvc.ViewFeatures.Internal.ViewResultExecutor[1]
      Executing ViewResult, running view at path /Views/Catalog/CategoryTemplate.ProductsInGridOrLines.cshtml.
info: Microsoft.AspNetCore.Mvc.Internal.ControllerActionInvoker[2]
      Executed action Nop.Web.Controllers.CatalogController.Category (Nop.Web) in 1478.2866ms
info: Microsoft.AspNetCore.Hosting.Internal.WebHost[2]
      Request finished in 1699.0951ms 200 text/html; charset=utf-8
info: Microsoft.AspNetCore.Hosting.Internal.WebHost[1]
      Request starting HTTP/1.1 GET http://localhost:15536/fully-lit-2?bldrshaft  
info: Microsoft.AspNetCore.Mvc.Internal.ControllerActionInvoker[1]
      Executing action method Nop.Web.Controllers.CatalogController.Category (Nop.Web) with arguments (52, Nop.Web.Models.Catalog.CatalogPagingFilteringModel) - ModelState is Valid
info: Microsoft.AspNetCore.Mvc.ViewFeatures.Internal.ViewResultExecutor[1]
      Executing ViewResult, running view at path /Views/Catalog/CategoryTemplate.ProductsInGridOrLines.cshtml.
info: Microsoft.AspNetCore.Mvc.Internal.ControllerActionInvoker[2]
      Executed action Nop.Web.Controllers.CatalogController.Category (Nop.Web) in 594.0047ms
info: Microsoft.AspNetCore.Hosting.Internal.WebHost[2]
      Request finished in 869.9526ms 200 text/html; charset=utf-8
info: Microsoft.AspNetCore.Hosting.Internal.WebHost[1]
      Request starting HTTP/1.1 GET http://localhost:15536/images/thumbs/0000094_livewire_415.jpeg  
info: Microsoft.AspNetCore.StaticFiles.StaticFileMiddleware[6]
      The file /images/thumbs/0000094_livewire_415.jpeg was not modified
info: Microsoft.AspNetCore.Hosting.Internal.WebHost[2]
      Request finished in 28.7558ms 304 image/jpeg
info: Microsoft.AspNetCore.Hosting.Internal.WebHost[1]
      Request starting HTTP/1.1 GET http://localhost:15536/heavy-duty-livewire?bldrshaft  
info: Microsoft.AspNetCore.Mvc.Internal.ControllerActionInvoker[1]
      Executing action method Nop.Web.Controllers.ProductController.ProductDetails (Nop.Web) with arguments (71, 0) - ModelState is Valid
info: Microsoft.AspNetCore.Mvc.ViewFeatures.Internal.ViewResultExecutor[1]
      Executing ViewResult, running view at path /Views/Product/ProductTemplate.Simple.cshtml.
info: Microsoft.AspNetCore.Mvc.Internal.ControllerActionInvoker[2]
      Executed action Nop.Web.Controllers.ProductController.ProductDetails (Nop.Web) in 713.45ms
info: Microsoft.AspNetCore.Hosting.Internal.WebHost[2]
      Request finished in 1105.1183ms 200 text/html; charset=utf-8
info: Microsoft.AspNetCore.Hosting.Internal.WebHost[1]
      Request starting HTTP/1.1 POST http://localhost:15536/shoppingcart/productdetails_attributechange?productId=71&validateAttributeConditions=False&loadPicture=True application/x-www-form-urlencoded; charset=UTF-8 207
info: Microsoft.AspNetCore.Mvc.Internal.ControllerActionInvoker[1]
      Executing action method Nop.Web.Controllers.ShoppingCartController.ProductDetails_AttributeChange (Nop.Web) with arguments (71, False, True, Microsoft.AspNetCore.Http.FormCollection) - ModelState is Valid
info: Microsoft.AspNetCore.Mvc.Formatters.Json.Internal.JsonResultExecutor[1]
      Executing JsonResult, writing value { gtin = , mpn = , sku = , price = $170.99, stockAvailability = , enabledattributemappingids = System.Int32[], disabledattributemappingids = System.Int32[], pictureFullSizeUrl = , pictureDefaultSizeUrl = , isFreeShipping = False, message =  }.
info: Microsoft.AspNetCore.Mvc.Internal.ControllerActionInvoker[2]
      Executed action Nop.Web.Controllers.ShoppingCartController.ProductDetails_AttributeChange (Nop.Web) in 160.804ms
info: Microsoft.AspNetCore.Hosting.Internal.WebHost[2]
      Request finished in 411.3455ms 200 application/json; charset=utf-8
info: Microsoft.AspNetCore.Hosting.Internal.WebHost[1]
      Request starting HTTP/1.1 GET http://localhost:15536/CustomBuilder/Index?prdidflagshaft=71&prdimgflagshaft=http://localhost:15536/images/thumbs/0000095_heavy-duty-livewire.jpeg&prdnameflagshaft=Heavy%20duty%20Livewire&prdskuflagshaft=heavy-duty-livewire&prdpriceflagshaft=189.99  
info: Microsoft.AspNetCore.Mvc.Internal.ControllerActionInvoker[1]
      Executing action method Nop.Web.Controllers.CustomBuilderController.Index (Nop.Web) with arguments ((null)) - ModelState is Valid
info: Microsoft.AspNetCore.Mvc.ViewFeatures.Internal.ViewResultExecutor[1]
      Executing ViewResult, running view at path /Views/CustomBuilder/Index.cshtml.
info: Microsoft.AspNetCore.Mvc.Internal.ControllerActionInvoker[2]
      Executed action Nop.Web.Controllers.CustomBuilderController.Index (Nop.Web) in 251.587ms
info: Microsoft.AspNetCore.Hosting.Internal.WebHost[2]
      Request finished in 443.2164ms 200 text/html; charset=utf-8
info: Microsoft.AspNetCore.Hosting.Internal.WebHost[1]
      Request starting HTTP/1.1 GET http://localhost:15536/CustomBuilder/srcset=%22https:/img.skatewarehouse.com/framework16/images/pros/2x/BARL.png  
info: Microsoft.AspNetCore.Hosting.Internal.WebHost[1]
      Request starting HTTP/1.1 GET http://localhost:15536/images/thumbs/0000095_heavy-duty-livewire.jpeg  
info: Microsoft.AspNetCore.StaticFiles.StaticFileMiddleware[6]
      The file /images/thumbs/0000095_heavy-duty-livewire.jpeg was not modified
info: Microsoft.AspNetCore.Hosting.Internal.WebHost[2]
      Request finished in 169.8569ms 304 image/jpeg
info: Microsoft.AspNetCore.Hosting.Internal.WebHost[2]
      Request finished in 294.7019ms 404 
info: Microsoft.AspNetCore.Hosting.Internal.WebHost[1]
      Request starting HTTP/1.1 GET http://localhost:15536/CustomBuilder/FlagShaft  
info: Microsoft.AspNetCore.Mvc.Internal.ControllerActionInvoker[1]
      Executing action method Nop.Web.Controllers.CustomBuilderController.FlagShaft (Nop.Web) with arguments ((null)) - ModelState is Valid
info: Microsoft.AspNetCore.Mvc.RedirectToActionResult[1]
      Executing RedirectResult, redirecting to /CustomBuilder.
info: Microsoft.AspNetCore.Mvc.Internal.ControllerActionInvoker[2]
      Executed action Nop.Web.Controllers.CustomBuilderController.FlagShaft (Nop.Web) in 5.2245ms
info: Microsoft.AspNetCore.Hosting.Internal.WebHost[2]
      Request finished in 194.9509ms 302 
info: Microsoft.AspNetCore.Hosting.Internal.WebHost[1]
      Request starting HTTP/1.1 GET http://localhost:15536/CustomBuilder  
info: Microsoft.AspNetCore.Mvc.Internal.ControllerActionInvoker[1]
      Executing action method Nop.Web.Controllers.CustomBuilderController.Index (Nop.Web) with arguments ((null)) - ModelState is Valid
info: Microsoft.AspNetCore.Mvc.ViewFeatures.Internal.ViewResultExecutor[1]
      Executing ViewResult, running view at path /Views/CustomBuilder/Index.cshtml.
info: Microsoft.AspNetCore.Mvc.Internal.ControllerActionInvoker[2]
      Executed action Nop.Web.Controllers.CustomBuilderController.Index (Nop.Web) in 193.2605ms
info: Microsoft.AspNetCore.Hosting.Internal.WebHost[2]
      Request finished in 472.7818ms 200 text/html; charset=utf-8
info: Microsoft.AspNetCore.Hosting.Internal.WebHost[1]
      Request starting HTTP/1.1 GET http://localhost:15536/srcset=%22https:/img.skatewarehouse.com/framework16/images/pros/2x/BARL.png  
info: Microsoft.AspNetCore.Hosting.Internal.WebHost[2]
      Request finished in 245.5189ms 404 
info: Microsoft.AspNetCore.Hosting.Internal.WebHost[1]
      Request starting HTTP/1.1 GET http://localhost:15536/flag-shaft-2?bldrshaft  
info: Microsoft.AspNetCore.Mvc.Internal.ControllerActionInvoker[1]
      Executing action method Nop.Web.Controllers.CatalogController.Category (Nop.Web) with arguments (51, Nop.Web.Models.Catalog.CatalogPagingFilteringModel) - ModelState is Valid
info: Microsoft.AspNetCore.Mvc.ViewFeatures.Internal.ViewResultExecutor[1]
      Executing ViewResult, running view at path /Views/Catalog/CategoryTemplate.ProductsInGridOrLines.cshtml.
info: Microsoft.AspNetCore.Mvc.Internal.ControllerActionInvoker[2]
      Executed action Nop.Web.Controllers.CatalogController.Category (Nop.Web) in 751.8428ms
info: Microsoft.AspNetCore.Hosting.Internal.WebHost[2]
      Request finished in 1133.085ms 200 text/html; charset=utf-8
info: Microsoft.AspNetCore.Hosting.Internal.WebHost[1]
      Request starting HTTP/1.1 GET http://localhost:15536/fully-lit-2?bldrshaft  
info: Microsoft.AspNetCore.Mvc.Internal.ControllerActionInvoker[1]
      Executing action method Nop.Web.Controllers.CatalogController.Category (Nop.Web) with arguments (52, Nop.Web.Models.Catalog.CatalogPagingFilteringModel) - ModelState is Valid
info: Microsoft.AspNetCore.Mvc.ViewFeatures.Internal.ViewResultExecutor[1]
      Executing ViewResult, running view at path /Views/Catalog/CategoryTemplate.ProductsInGridOrLines.cshtml.
info: Microsoft.AspNetCore.Mvc.Internal.ControllerActionInvoker[2]
      Executed action Nop.Web.Controllers.CatalogController.Category (Nop.Web) in 866.4286ms
info: Microsoft.AspNetCore.Hosting.Internal.WebHost[2]
      Request finished in 1069.5157ms 200 text/html; charset=utf-8
info: Microsoft.AspNetCore.Hosting.Internal.WebHost[1]
      Request starting HTTP/1.1 GET http://localhost:15536/CustomBuilder?prdidflagshaft=70&prdimgflagshaft=http%3A%2F%2Flocalhost%3A15536%2Fimages%2Fthumbs%2F0000094_livewire_415.jpeg&prdnameflagshaft=Livewire&prdskuflagshaft=livewire&prdpriceflagshaft=$134.99  
info: Microsoft.AspNetCore.Mvc.Internal.ControllerActionInvoker[1]
      Executing action method Nop.Web.Controllers.CustomBuilderController.Index (Nop.Web) with arguments ((null)) - ModelState is Valid
info: Microsoft.AspNetCore.Mvc.ViewFeatures.Internal.ViewResultExecutor[1]
      Executing ViewResult, running view at path /Views/CustomBuilder/Index.cshtml.
info: Microsoft.AspNetCore.Mvc.Internal.ControllerActionInvoker[2]
      Executed action Nop.Web.Controllers.CustomBuilderController.Index (Nop.Web) in 249.9034ms
info: Microsoft.AspNetCore.Hosting.Internal.WebHost[2]
      Request finished in 566.462ms 200 text/html; charset=utf-8
info: Microsoft.AspNetCore.Hosting.Internal.WebHost[1]
      Request starting HTTP/1.1 GET http://localhost:15536/srcset=%22https:/img.skatewarehouse.com/framework16/images/pros/2x/BARL.png  
info: Microsoft.AspNetCore.Hosting.Internal.WebHost[2]
      Request finished in 245.7809ms 404 
info: Microsoft.AspNetCore.Hosting.Internal.WebHost[1]
      Request starting HTTP/1.1 GET http://localhost:15536/CustomBuilder/FlagShaft  
info: Microsoft.AspNetCore.Mvc.Internal.ControllerActionInvoker[1]
      Executing action method Nop.Web.Controllers.CustomBuilderController.FlagShaft (Nop.Web) with arguments ((null)) - ModelState is Valid
info: Microsoft.AspNetCore.Mvc.RedirectToActionResult[1]
      Executing RedirectResult, redirecting to /CustomBuilder.
info: Microsoft.AspNetCore.Mvc.Internal.ControllerActionInvoker[2]
      Executed action Nop.Web.Controllers.CustomBuilderController.FlagShaft (Nop.Web) in 7.3998ms
info: Microsoft.AspNetCore.Hosting.Internal.WebHost[2]
      Request finished in 197.6978ms 302 
info: Microsoft.AspNetCore.Hosting.Internal.WebHost[1]
      Request starting HTTP/1.1 GET http://localhost:15536/CustomBuilder  
info: Microsoft.AspNetCore.Mvc.Internal.ControllerActionInvoker[1]
      Executing action method Nop.Web.Controllers.CustomBuilderController.Index (Nop.Web) with arguments ((null)) - ModelState is Valid
info: Microsoft.AspNetCore.Mvc.ViewFeatures.Internal.ViewResultExecutor[1]
      Executing ViewResult, running view at path /Views/CustomBuilder/Index.cshtml.
info: Microsoft.AspNetCore.Mvc.Internal.ControllerActionInvoker[2]
      Executed action Nop.Web.Controllers.CustomBuilderController.Index (Nop.Web) in 183.3369ms
info: Microsoft.AspNetCore.Hosting.Internal.WebHost[2]
      Request finished in 381.9138ms 200 text/html; charset=utf-8
info: Microsoft.AspNetCore.Hosting.Internal.WebHost[1]
      Request starting HTTP/1.1 GET http://localhost:15536/srcset=%22https:/img.skatewarehouse.com/framework16/images/pros/2x/BARL.png  
info: Microsoft.AspNetCore.Hosting.Internal.WebHost[2]
      Request finished in 403.3759ms 404 
info: Microsoft.AspNetCore.Hosting.Internal.WebHost[1]
      Request starting HTTP/1.1 GET http://localhost:15536/flag-shaft-2?bldrshaft  
info: Microsoft.AspNetCore.Mvc.Internal.ControllerActionInvoker[1]
      Executing action method Nop.Web.Controllers.CatalogController.Category (Nop.Web) with arguments (51, Nop.Web.Models.Catalog.CatalogPagingFilteringModel) - ModelState is Valid
info: Microsoft.AspNetCore.Mvc.ViewFeatures.Internal.ViewResultExecutor[1]
      Executing ViewResult, running view at path /Views/Catalog/CategoryTemplate.ProductsInGridOrLines.cshtml.
info: Microsoft.AspNetCore.Mvc.Internal.ControllerActionInvoker[2]
      Executed action Nop.Web.Controllers.CatalogController.Category (Nop.Web) in 561.0158ms
info: Microsoft.AspNetCore.Hosting.Internal.WebHost[2]
      Request finished in 816.4621ms 200 text/html; charset=utf-8
info: Microsoft.AspNetCore.Hosting.Internal.WebHost[1]
      Request starting HTTP/1.1 GET http://localhost:15536/fully-lit-2?bldrshaft  
info: Microsoft.AspNetCore.Mvc.Internal.ControllerActionInvoker[1]
      Executing action method Nop.Web.Controllers.CatalogController.Category (Nop.Web) with arguments (52, Nop.Web.Models.Catalog.CatalogPagingFilteringModel) - ModelState is Valid
info: Microsoft.AspNetCore.Mvc.ViewFeatures.Internal.ViewResultExecutor[1]
      Executing ViewResult, running view at path /Views/Catalog/CategoryTemplate.ProductsInGridOrLines.cshtml.
info: Microsoft.AspNetCore.Mvc.Internal.ControllerActionInvoker[2]
      Executed action Nop.Web.Controllers.CatalogController.Category (Nop.Web) in 456.0844ms
info: Microsoft.AspNetCore.Hosting.Internal.WebHost[2]
      Request finished in 665.9366ms 200 text/html; charset=utf-8
info: Microsoft.AspNetCore.Hosting.Internal.WebHost[1]
      Request starting HTTP/1.1 GET http://localhost:15536/livewire?bldrshaft  
info: Microsoft.AspNetCore.Mvc.Internal.ControllerActionInvoker[1]
      Executing action method Nop.Web.Controllers.ProductController.ProductDetails (Nop.Web) with arguments (70, 0) - ModelState is Valid
info: Microsoft.AspNetCore.Mvc.ViewFeatures.Internal.ViewResultExecutor[1]
      Executing ViewResult, running view at path /Views/Product/ProductTemplate.Simple.cshtml.
info: Microsoft.AspNetCore.Mvc.Internal.ControllerActionInvoker[2]
      Executed action Nop.Web.Controllers.ProductController.ProductDetails (Nop.Web) in 1023.0139ms
fail: Microsoft.AspNetCore.Diagnostics.ExceptionHandlerMiddleware[0]
      An unhandled exception has occurred: Invalid attempt to read when no data is present.
System.InvalidOperationException: Invalid attempt to read when no data is present.
   at System.Data.SqlClient.SqlDataReader.CheckDataIsReady(Int32 columnIndex, Boolean allowPartiallyReadColumn, Boolean permitAsync, String methodName)
   at System.Data.SqlClient.SqlDataReader.TryReadColumn(Int32 i, Boolean setTimeout, Boolean allowPartiallyReadColumn)
   at System.Data.SqlClient.SqlDataReader.GetValueInternal(Int32 i)
   at System.Data.SqlClient.SqlDataReader.GetValue(Int32 i)
   at System.Data.SqlClient.SqlDataReader.get_Item(String name)
   at AspNetCore._Views_Product__AddToCart_cshtml.<ExecuteAsync>d__20.MoveNext() in C:\Users\Khushbu\source\repos\npbuilder\Presentation\Nop.Web\Views\Product\_AddToCart.cshtml:line 79
--- End of stack trace from previous location where exception was thrown ---
   at System.Runtime.CompilerServices.TaskAwaiter.ThrowForNonSuccess(Task task)
   at System.Runtime.CompilerServices.TaskAwaiter.HandleNonSuccessAndDebuggerNotification(Task task)
   at Microsoft.AspNetCore.Mvc.Razor.RazorView.<RenderPageCoreAsync>d__16.MoveNext()
--- End of stack trace from previous location where exception was thrown ---
   at System.Runtime.CompilerServices.TaskAwaiter.ThrowForNonSuccess(Task task)
   at System.Runtime.CompilerServices.TaskAwaiter.HandleNonSuccessAndDebuggerNotification(Task task)
   at Microsoft.AspNetCore.Mvc.Razor.RazorView.<RenderPageAsync>d__15.MoveNext()
--- End of stack trace from previous location where exception was thrown ---
   at System.Runtime.CompilerServices.TaskAwaiter.ThrowForNonSuccess(Task task)
   at System.Runtime.CompilerServices.TaskAwaiter.HandleNonSuccessAndDebuggerNotification(Task task)
   at Microsoft.AspNetCore.Mvc.Razor.RazorView.<RenderAsync>d__14.MoveNext()
--- End of stack trace from previous location where exception was thrown ---
   at System.Runtime.CompilerServices.TaskAwaiter.ThrowForNonSuccess(Task task)
   at System.Runtime.CompilerServices.TaskAwaiter.HandleNonSuccessAndDebuggerNotification(Task task)
   at Microsoft.AspNetCore.Mvc.ViewFeatures.HtmlHelper.<RenderPartialCoreAsync>d__60.MoveNext()
--- End of stack trace from previous location where exception was thrown ---
   at System.Runtime.CompilerServices.TaskAwaiter.ThrowForNonSuccess(Task task)
   at System.Runtime.CompilerServices.TaskAwaiter.HandleNonSuccessAndDebuggerNotification(Task task)
   at Microsoft.AspNetCore.Mvc.ViewFeatures.HtmlHelper.<PartialAsync>d__57.MoveNext()
--- End of stack trace from previous location where exception was thrown ---
   at System.Runtime.CompilerServices.TaskAwaiter.ThrowForNonSuccess(Task task)
   at System.Runtime.CompilerServices.TaskAwaiter.HandleNonSuccessAndDebuggerNotification(Task task)
   at System.Runtime.CompilerServices.TaskAwaiter`1.GetResult()
   at AspNetCore._Views_Product_ProductTemplate_Simple_cshtml.<>c__DisplayClass11_0.<<ExecuteAsync>b__2>d.MoveNext() in C:\Users\Khushbu\source\repos\npbuilder\Presentation\Nop.Web\Views\Product\ProductTemplate.Simple.cshtml:line 172
--- End of stack trace from previous location where exception was thrown ---
   at System.Runtime.CompilerServices.TaskAwaiter.ThrowForNonSuccess(Task task)
   at System.Runtime.CompilerServices.TaskAwaiter.HandleNonSuccessAndDebuggerNotification(Task task)
   at Microsoft.AspNetCore.Razor.Runtime.TagHelpers.TagHelperExecutionContext.<GetChildContentAsync>d__31.MoveNext()
--- End of stack trace from previous location where exception was thrown ---
   at System.Runtime.CompilerServices.TaskAwaiter.ThrowForNonSuccess(Task task)
   at System.Runtime.CompilerServices.TaskAwaiter.HandleNonSuccessAndDebuggerNotification(Task task)
   at Microsoft.AspNetCore.Mvc.TagHelpers.RenderAtEndOfFormTagHelper.<ProcessAsync>d__7.MoveNext()
--- End of stack trace from previous location where exception was thrown ---
   at System.Runtime.CompilerServices.TaskAwaiter.ThrowForNonSuccess(Task task)
   at System.Runtime.CompilerServices.TaskAwaiter.HandleNonSuccessAndDebuggerNotification(Task task)
   at Microsoft.AspNetCore.Razor.Runtime.TagHelpers.TagHelperRunner.<RunAsync>d__0.MoveNext()
--- End of stack trace from previous location where exception was thrown ---
   at System.Runtime.CompilerServices.TaskAwaiter.ThrowForNonSuccess(Task task)
   at System.Runtime.CompilerServices.TaskAwaiter.HandleNonSuccessAndDebuggerNotification(Task task)
   at System.Runtime.CompilerServices.TaskAwaiter.GetResult()
   at AspNetCore._Views_Product_ProductTemplate_Simple_cshtml.<ExecuteAsync>d__11.MoveNext() in C:\Users\Khushbu\source\repos\npbuilder\Presentation\Nop.Web\Views\Product\ProductTemplate.Simple.cshtml:line 103
--- End of stack trace from previous location where exception was thrown ---
   at System.Runtime.CompilerServices.TaskAwaiter.ThrowForNonSuccess(Task task)
   at System.Runtime.CompilerServices.TaskAwaiter.HandleNonSuccessAndDebuggerNotification(Task task)
   at Microsoft.AspNetCore.Mvc.Razor.RazorView.<RenderPageCoreAsync>d__16.MoveNext()
--- End of stack trace from previous location where exception was thrown ---
   at System.Runtime.CompilerServices.TaskAwaiter.ThrowForNonSuccess(Task task)
   at System.Runtime.CompilerServices.TaskAwaiter.HandleNonSuccessAndDebuggerNotification(Task task)
   at Microsoft.AspNetCore.Mvc.Razor.RazorView.<RenderPageAsync>d__15.MoveNext()
--- End of stack trace from previous location where exception was thrown ---
   at System.Runtime.CompilerServices.TaskAwaiter.ThrowForNonSuccess(Task task)
   at System.Runtime.CompilerServices.TaskAwaiter.HandleNonSuccessAndDebuggerNotification(Task task)
   at Microsoft.AspNetCore.Mvc.Razor.RazorView.<RenderAsync>d__14.MoveNext()
--- End of stack trace from previous location where exception was thrown ---
   at System.Runtime.CompilerServices.TaskAwaiter.ThrowForNonSuccess(Task task)
   at System.Runtime.CompilerServices.TaskAwaiter.HandleNonSuccessAndDebuggerNotification(Task task)
   at Microsoft.AspNetCore.Mvc.ViewFeatures.ViewExecutor.<ExecuteAsync>d__22.MoveNext()
--- End of stack trace from previous location where exception was thrown ---
   at System.Runtime.CompilerServices.TaskAwaiter.ThrowForNonSuccess(Task task)
   at System.Runtime.CompilerServices.TaskAwaiter.HandleNonSuccessAndDebuggerNotification(Task task)
   at Microsoft.AspNetCore.Mvc.ViewFeatures.ViewExecutor.<ExecuteAsync>d__21.MoveNext()
--- End of stack trace from previous location where exception was thrown ---
   at System.Runtime.CompilerServices.TaskAwaiter.ThrowForNonSuccess(Task task)
   at System.Runtime.CompilerServices.TaskAwaiter.HandleNonSuccessAndDebuggerNotification(Task task)
   at Microsoft.AspNetCore.Mvc.ViewResult.<ExecuteResultAsync>d__26.MoveNext()
--- End of stack trace from previous location where exception was thrown ---
   at System.Runtime.CompilerServices.TaskAwaiter.ThrowForNonSuccess(Task task)
   at System.Runtime.CompilerServices.TaskAwaiter.HandleNonSuccessAndDebuggerNotification(Task task)
   at Microsoft.AspNetCore.Mvc.Internal.ResourceInvoker.<InvokeResultAsync>d__19.MoveNext()
--- End of stack trace from previous location where exception was thrown ---
   at System.Runtime.CompilerServices.TaskAwaiter.ThrowForNonSuccess(Task task)
   at System.Runtime.CompilerServices.TaskAwaiter.HandleNonSuccessAndDebuggerNotification(Task task)
   at Microsoft.AspNetCore.Mvc.Internal.ResourceInvoker.<InvokeNextResultFilterAsync>d__24.MoveNext()
--- End of stack trace from previous location where exception was thrown ---
   at Microsoft.AspNetCore.Mvc.Internal.ResourceInvoker.Rethrow(ResultExecutedContext context)
   at Microsoft.AspNetCore.Mvc.Internal.ResourceInvoker.Next(State& next, Scope& scope, Object& state, Boolean& isCompleted)
   at Microsoft.AspNetCore.Mvc.Internal.ResourceInvoker.<InvokeNextResourceFilter>d__22.MoveNext()
--- End of stack trace from previous location where exception was thrown ---
   at Microsoft.AspNetCore.Mvc.Internal.ResourceInvoker.Rethrow(ResourceExecutedContext context)
   at Microsoft.AspNetCore.Mvc.Internal.ResourceInvoker.Next(State& next, Scope& scope, Object& state, Boolean& isCompleted)
   at Microsoft.AspNetCore.Mvc.Internal.ResourceInvoker.<InvokeFilterPipelineAsync>d__17.MoveNext()
--- End of stack trace from previous location where exception was thrown ---
   at System.Runtime.CompilerServices.TaskAwaiter.ThrowForNonSuccess(Task task)
   at System.Runtime.CompilerServices.TaskAwaiter.HandleNonSuccessAndDebuggerNotification(Task task)
   at Microsoft.AspNetCore.Mvc.Internal.ResourceInvoker.<InvokeAsync>d__15.MoveNext()
--- End of stack trace from previous location where exception was thrown ---
   at System.Runtime.CompilerServices.TaskAwaiter.ThrowForNonSuccess(Task task)
   at System.Runtime.CompilerServices.TaskAwaiter.HandleNonSuccessAndDebuggerNotification(Task task)
   at Microsoft.AspNetCore.Builder.RouterMiddleware.<Invoke>d__4.MoveNext()
--- End of stack trace from previous location where exception was thrown ---
   at System.Runtime.CompilerServices.TaskAwaiter.ThrowForNonSuccess(Task task)
   at System.Runtime.CompilerServices.TaskAwaiter.HandleNonSuccessAndDebuggerNotification(Task task)
   at System.Runtime.CompilerServices.TaskAwaiter.GetResult()
   at Nop.Services.Authentication.AuthenticationMiddleware.<Invoke>d__6.MoveNext()
--- End of stack trace from previous location where exception was thrown ---
   at System.Runtime.CompilerServices.TaskAwaiter.ThrowForNonSuccess(Task task)
   at System.Runtime.CompilerServices.TaskAwaiter.HandleNonSuccessAndDebuggerNotification(Task task)
   at Microsoft.AspNetCore.Localization.RequestLocalizationMiddleware.<Invoke>d__4.MoveNext()
--- End of stack trace from previous location where exception was thrown ---
   at System.Runtime.CompilerServices.TaskAwaiter.ThrowForNonSuccess(Task task)
   at System.Runtime.CompilerServices.TaskAwaiter.HandleNonSuccessAndDebuggerNotification(Task task)
   at Microsoft.AspNetCore.Session.SessionMiddleware.<Invoke>d__9.MoveNext()
--- End of stack trace from previous location where exception was thrown ---
   at Microsoft.AspNetCore.Session.SessionMiddleware.<Invoke>d__9.MoveNext()
--- End of stack trace from previous location where exception was thrown ---
   at System.Runtime.CompilerServices.TaskAwaiter.ThrowForNonSuccess(Task task)
   at System.Runtime.CompilerServices.TaskAwaiter.HandleNonSuccessAndDebuggerNotification(Task task)
   at System.Runtime.CompilerServices.TaskAwaiter.GetResult()
   at Nop.Core.Http.InstallUrlMiddleware.<Invoke>d__2.MoveNext()
--- End of stack trace from previous location where exception was thrown ---
   at System.Runtime.CompilerServices.TaskAwaiter.ThrowForNonSuccess(Task task)
   at System.Runtime.CompilerServices.TaskAwaiter.HandleNonSuccessAndDebuggerNotification(Task task)
   at System.Runtime.CompilerServices.TaskAwaiter.GetResult()
   at Nop.Core.Http.KeepAliveMiddleware.<Invoke>d__2.MoveNext()
--- End of stack trace from previous location where exception was thrown ---
   at System.Runtime.CompilerServices.TaskAwaiter.ThrowForNonSuccess(Task task)
   at System.Runtime.CompilerServices.TaskAwaiter.HandleNonSuccessAndDebuggerNotification(Task task)
   at Microsoft.AspNetCore.Diagnostics.StatusCodePagesMiddleware.<Invoke>d__3.MoveNext()
--- End of stack trace from previous location where exception was thrown ---
   at System.Runtime.CompilerServices.TaskAwaiter.ThrowForNonSuccess(Task task)
   at System.Runtime.CompilerServices.TaskAwaiter.HandleNonSuccessAndDebuggerNotification(Task task)
   at Microsoft.AspNetCore.Diagnostics.StatusCodePagesMiddleware.<Invoke>d__3.MoveNext()
--- End of stack trace from previous location where exception was thrown ---
   at System.Runtime.CompilerServices.TaskAwaiter.ThrowForNonSuccess(Task task)
   at System.Runtime.CompilerServices.TaskAwaiter.HandleNonSuccessAndDebuggerNotification(Task task)
   at Microsoft.AspNetCore.Diagnostics.ExceptionHandlerMiddleware.<Invoke>d__6.MoveNext()
fail: Microsoft.AspNetCore.Diagnostics.ExceptionHandlerMiddleware[0]
      An exception was thrown attempting to execute the error handler.
System.InvalidOperationException: Invalid attempt to read when no data is present.
   at Nop.Web.Framework.Infrastructure.Extensions.ApplicationBuilderExtensions.<>c.<UseNopExceptionHandler>b__1_1(HttpContext context)
   at Microsoft.AspNetCore.Diagnostics.ExceptionHandlerMiddleware.<Invoke>d__6.MoveNext()
fail: Microsoft.AspNetCore.Diagnostics.DeveloperExceptionPageMiddleware[0]
      An unhandled exception has occurred while executing the request
System.InvalidOperationException: Invalid attempt to read when no data is present.
   at Nop.Web.Framework.Infrastructure.Extensions.ApplicationBuilderExtensions.<>c.<UseNopExceptionHandler>b__1_1(HttpContext context)
   at Microsoft.AspNetCore.Diagnostics.ExceptionHandlerMiddleware.<Invoke>d__6.MoveNext()
--- End of stack trace from previous location where exception was thrown ---
   at Microsoft.AspNetCore.Diagnostics.ExceptionHandlerMiddleware.<Invoke>d__6.MoveNext()
--- End of stack trace from previous location where exception was thrown ---
   at System.Runtime.CompilerServices.TaskAwaiter.ThrowForNonSuccess(Task task)
   at System.Runtime.CompilerServices.TaskAwaiter.HandleNonSuccessAndDebuggerNotification(Task task)
   at Microsoft.AspNetCore.Diagnostics.DeveloperExceptionPageMiddleware.<Invoke>d__7.MoveNext()
info: Microsoft.AspNetCore.Hosting.Internal.WebHost[2]
      Request finished in 2010.6081ms 500 text/html; charset=utf-8
info: Microsoft.AspNetCore.Hosting.Internal.WebHost[1]
      Request starting HTTP/1.1 POST http://localhost:15536/scheduletask/runtask application/x-www-form-urlencoded 69
info: Microsoft.AspNetCore.Mvc.Internal.ControllerActionInvoker[1]
      Executing action method Nop.Web.Controllers.ScheduleTaskController.RunTask (Nop.Web) with arguments (Nop.Services.Messages.QueuedMessagesSendTask, Nop.Services) - ModelState is Valid
info: Microsoft.AspNetCore.Mvc.StatusCodeResult[1]
      Executing HttpStatusCodeResult, setting HTTP status code 204
info: Microsoft.AspNetCore.Mvc.Internal.ControllerActionInvoker[2]
      Executed action Nop.Web.Controllers.ScheduleTaskController.RunTask (Nop.Web) in 70.0919ms
info: Microsoft.AspNetCore.Hosting.Internal.WebHost[2]
      Request finished in 159.0278ms 204 
info: Microsoft.AspNetCore.Hosting.Internal.WebHost[1]
      Request starting HTTP/1.1 POST http://localhost:15536/scheduletask/runtask application/x-www-form-urlencoded 58
info: Microsoft.AspNetCore.Hosting.Internal.WebHost[1]
      Request starting HTTP/1.1 POST http://localhost:15536/scheduletask/runtask application/x-www-form-urlencoded 70
info: Microsoft.AspNetCore.Mvc.Internal.ControllerActionInvoker[1]
      Executing action method Nop.Web.Controllers.ScheduleTaskController.RunTask (Nop.Web) with arguments (Nop.Services.Common.KeepAliveTask, Nop.Services) - ModelState is Valid
info: Microsoft.AspNetCore.Mvc.Internal.ControllerActionInvoker[1]
      Executing action method Nop.Web.Controllers.ScheduleTaskController.RunTask (Nop.Web) with arguments (Nop.Services.Directory.UpdateExchangeRateTask, Nop.Services) - ModelState is Valid
info: Microsoft.AspNetCore.Mvc.StatusCodeResult[1]
      Executing HttpStatusCodeResult, setting HTTP status code 204
info: Microsoft.AspNetCore.Mvc.Internal.ControllerActionInvoker[2]
      Executed action Nop.Web.Controllers.ScheduleTaskController.RunTask (Nop.Web) in 120.0293ms
info: Microsoft.AspNetCore.Hosting.Internal.WebHost[2]
      Request finished in 341.368ms 204 
info: Microsoft.AspNetCore.Hosting.Internal.WebHost[1]
      Request starting HTTP/1.1 GET http://localhost:15536/keepalive/index  
info: Microsoft.AspNetCore.Hosting.Internal.WebHost[2]
      Request finished in 4.0389ms 200 
info: Microsoft.AspNetCore.Mvc.StatusCodeResult[1]
      Executing HttpStatusCodeResult, setting HTTP status code 204
info: Microsoft.AspNetCore.Mvc.Internal.ControllerActionInvoker[2]
      Executed action Nop.Web.Controllers.ScheduleTaskController.RunTask (Nop.Web) in 177.6513ms
info: Microsoft.AspNetCore.Hosting.Internal.WebHost[2]
      Request finished in 405.7003ms 204 
info: Microsoft.AspNetCore.Hosting.Internal.WebHost[1]
      Request starting HTTP/1.1 POST http://localhost:15536/scheduletask/runtask application/x-www-form-urlencoded 69
info: Microsoft.AspNetCore.Mvc.Internal.ControllerActionInvoker[1]
      Executing action method Nop.Web.Controllers.ScheduleTaskController.RunTask (Nop.Web) with arguments (Nop.Services.Messages.QueuedMessagesSendTask, Nop.Services) - ModelState is Valid
info: Microsoft.AspNetCore.Mvc.StatusCodeResult[1]
      Executing HttpStatusCodeResult, setting HTTP status code 204
info: Microsoft.AspNetCore.Mvc.Internal.ControllerActionInvoker[2]
      Executed action Nop.Web.Controllers.ScheduleTaskController.RunTask (Nop.Web) in 54.4121ms
info: Microsoft.AspNetCore.Hosting.Internal.WebHost[2]
      Request finished in 145.2276ms 204 
info: Microsoft.AspNetCore.Hosting.Internal.WebHost[1]
      Request starting HTTP/1.1 POST http://localhost:15536/scheduletask/runtask application/x-www-form-urlencoded 69
info: Microsoft.AspNetCore.Mvc.Internal.ControllerActionInvoker[1]
      Executing action method Nop.Web.Controllers.ScheduleTaskController.RunTask (Nop.Web) with arguments (Nop.Services.Messages.QueuedMessagesSendTask, Nop.Services) - ModelState is Valid
info: Microsoft.AspNetCore.Mvc.StatusCodeResult[1]
      Executing HttpStatusCodeResult, setting HTTP status code 204
info: Microsoft.AspNetCore.Mvc.Internal.ControllerActionInvoker[2]
      Executed action Nop.Web.Controllers.ScheduleTaskController.RunTask (Nop.Web) in 103.927ms
info: Microsoft.AspNetCore.Hosting.Internal.WebHost[2]
      Request finished in 211.8979ms 204 


















































































