Hosting environment: Development
Content root path: C:\Users\Khushbu\source\repos\npbuilder\Presentation\Nop.Web
Now listening on: http://localhost:21768
Application started. Press Ctrl+C to shut down.
info: Microsoft.AspNetCore.Hosting.Internal.WebHost[1]
      Request starting HTTP/1.1 GET http://localhost:15536/  
info: Microsoft.AspNetCore.Mvc.Internal.ControllerActionInvoker[1]
      Executing action method Nop.Web.Controllers.HomeController.Index (Nop.Web) with arguments ((null)) - ModelState is Valid
info: Microsoft.AspNetCore.Mvc.ViewFeatures.Internal.ViewResultExecutor[1]
      Executing ViewResult, running view at path /Views/Home/Index.cshtml.
info: Microsoft.AspNetCore.Mvc.Internal.ControllerActionInvoker[2]
      Executed action Nop.Web.Controllers.HomeController.Index (Nop.Web) in 26669.6702ms
info: Microsoft.AspNetCore.Hosting.Internal.WebHost[2]
      Request finished in 29357.3812ms 200 text/html; charset=utf-8
info: Microsoft.AspNetCore.Hosting.Internal.WebHost[1]
      Request starting HTTP/1.1 GET http://localhost:15536/custombuilder-2  
info: Microsoft.AspNetCore.Mvc.Internal.ControllerActionInvoker[1]
      Executing action method Nop.Web.Controllers.TopicController.TopicDetails (Nop.Web) with arguments (13) - ModelState is Valid
info: Microsoft.AspNetCore.Mvc.ViewFeatures.Internal.ViewResultExecutor[1]
      Executing ViewResult, running view at path /Views/Topic/TopicDetails.cshtml.
info: Microsoft.AspNetCore.Mvc.Internal.ControllerActionInvoker[2]
      Executed action Nop.Web.Controllers.TopicController.TopicDetails (Nop.Web) in 596.749ms
info: Microsoft.AspNetCore.Hosting.Internal.WebHost[2]
      Request finished in 864.4799ms 200 text/html; charset=utf-8
info: Microsoft.AspNetCore.Hosting.Internal.WebHost[1]
      Request starting HTTP/1.1 GET http://localhost:15536/CustomBuilder  
info: Microsoft.AspNetCore.Mvc.Internal.ControllerActionInvoker[1]
      Executing action method Nop.Web.Controllers.CustomBuilderController.Index (Nop.Web) with arguments ((null)) - ModelState is Valid
info: Microsoft.AspNetCore.Mvc.ViewFeatures.Internal.ViewResultExecutor[1]
      Executing ViewResult, running view at path /Views/CustomBuilder/Index.cshtml.
info: Microsoft.AspNetCore.Mvc.Internal.ControllerActionInvoker[2]
      Executed action Nop.Web.Controllers.CustomBuilderController.Index (Nop.Web) in 3298.9701ms
info: Microsoft.AspNetCore.Session.DistributedSession[3]
      Session started; Key:f1497a81-927f-64bd-7790-0c5027979aca, Id:8a6bb6c9-60f5-f717-39ad-da18b486baac
info: Microsoft.AspNetCore.Hosting.Internal.WebHost[2]
      Request finished in 3528.8315ms 200 text/html; charset=utf-8
info: Microsoft.AspNetCore.Hosting.Internal.WebHost[1]
      Request starting HTTP/1.1 GET http://localhost:15536/srcset=%22https:/img.skatewarehouse.com/framework16/images/pros/2x/BARL.png  
info: Microsoft.AspNetCore.Hosting.Internal.WebHost[2]
      Request finished in 291.8976ms 404 
info: Microsoft.AspNetCore.Hosting.Internal.WebHost[1]
      Request starting HTTP/1.1 GET http://localhost:15536/flagc?bldr  
info: Microsoft.AspNetCore.Mvc.Internal.ControllerActionInvoker[1]
      Executing action method Nop.Web.Controllers.CatalogController.Category (Nop.Web) with arguments (45, Nop.Web.Models.Catalog.CatalogPagingFilteringModel) - ModelState is Valid
info: Microsoft.AspNetCore.Mvc.ViewFeatures.Internal.ViewResultExecutor[1]
      Executing ViewResult, running view at path /Views/Catalog/CategoryTemplate.ProductsInGridOrLines.cshtml.
info: Microsoft.AspNetCore.Mvc.Internal.ControllerActionInvoker[2]
      Executed action Nop.Web.Controllers.CatalogController.Category (Nop.Web) in 4936.7298ms
info: Microsoft.AspNetCore.Hosting.Internal.WebHost[2]
      Request finished in 5183.5329ms 200 text/html; charset=utf-8
info: Microsoft.AspNetCore.Hosting.Internal.WebHost[1]
      Request starting HTTP/1.1 GET http://localhost:15536/regular-pennant-2?bldr  
info: Microsoft.AspNetCore.Mvc.Internal.ControllerActionInvoker[1]
      Executing action method Nop.Web.Controllers.CatalogController.Category (Nop.Web) with arguments (49, Nop.Web.Models.Catalog.CatalogPagingFilteringModel) - ModelState is Valid
info: Microsoft.AspNetCore.Mvc.ViewFeatures.Internal.ViewResultExecutor[1]
      Executing ViewResult, running view at path /Views/Catalog/CategoryTemplate.ProductsInGridOrLines.cshtml.
info: Microsoft.AspNetCore.Mvc.Internal.ControllerActionInvoker[2]
      Executed action Nop.Web.Controllers.CatalogController.Category (Nop.Web) in 1861.44ms
info: Microsoft.AspNetCore.Hosting.Internal.WebHost[2]
      Request finished in 2122.8004ms 200 text/html; charset=utf-8
info: Microsoft.AspNetCore.Hosting.Internal.WebHost[1]
      Request starting HTTP/1.1 GET http://localhost:15536/CustomBuilder?prdidflag=68&prdimgflag=http%3A%2F%2Flocalhost%3A15536%2Fimages%2Fthumbs%2F0000092_clickwhip-pennant-flag_415.jpeg&prdnameflag=ClickWhip%20pennant%20flag&prdskuflag=clickwhip-pennant-flag&prdpriceflag=$3.60  
info: Microsoft.AspNetCore.Mvc.Internal.ControllerActionInvoker[1]
      Executing action method Nop.Web.Controllers.CustomBuilderController.Index (Nop.Web) with arguments ((null)) - ModelState is Valid
info: Microsoft.AspNetCore.Mvc.ViewFeatures.Internal.ViewResultExecutor[1]
      Executing ViewResult, running view at path /Views/CustomBuilder/Index.cshtml.
info: Microsoft.AspNetCore.Mvc.Internal.ControllerActionInvoker[2]
      Executed action Nop.Web.Controllers.CustomBuilderController.Index (Nop.Web) in 1188.9164ms
info: Microsoft.AspNetCore.Hosting.Internal.WebHost[2]
      Request finished in 1371.0866ms 200 text/html; charset=utf-8
info: Microsoft.AspNetCore.Hosting.Internal.WebHost[1]
      Request starting HTTP/1.1 GET http://localhost:15536/srcset=%22https:/img.skatewarehouse.com/framework16/images/pros/2x/BARL.png  
info: Microsoft.AspNetCore.Hosting.Internal.WebHost[2]
      Request finished in 225.5362ms 404 
info: Microsoft.AspNetCore.Hosting.Internal.WebHost[1]
      Request starting HTTP/1.1 GET http://localhost:15536/flag-shaft-2?bldrshaft  
info: Microsoft.AspNetCore.Mvc.Internal.ControllerActionInvoker[1]
      Executing action method Nop.Web.Controllers.CatalogController.Category (Nop.Web) with arguments (51, Nop.Web.Models.Catalog.CatalogPagingFilteringModel) - ModelState is Valid
info: Microsoft.AspNetCore.Mvc.ViewFeatures.Internal.ViewResultExecutor[1]
      Executing ViewResult, running view at path /Views/Catalog/CategoryTemplate.ProductsInGridOrLines.cshtml.
info: Microsoft.AspNetCore.Mvc.Internal.ControllerActionInvoker[2]
      Executed action Nop.Web.Controllers.CatalogController.Category (Nop.Web) in 515.3802ms
info: Microsoft.AspNetCore.Hosting.Internal.WebHost[2]
      Request finished in 765.3051ms 200 text/html; charset=utf-8
info: Microsoft.AspNetCore.Hosting.Internal.WebHost[1]
      Request starting HTTP/1.1 GET http://localhost:15536/light-on-top-2?bldrshaft  
info: Microsoft.AspNetCore.Mvc.Internal.ControllerActionInvoker[1]
      Executing action method Nop.Web.Controllers.CatalogController.Category (Nop.Web) with arguments (53, Nop.Web.Models.Catalog.CatalogPagingFilteringModel) - ModelState is Valid
info: Microsoft.AspNetCore.Hosting.Internal.WebHost[1]
      Request starting HTTP/1.1 POST http://localhost:15536/scheduletask/runtask application/x-www-form-urlencoded 69
info: Microsoft.AspNetCore.Mvc.Internal.ControllerActionInvoker[1]
      Executing action method Nop.Web.Controllers.ScheduleTaskController.RunTask (Nop.Web) with arguments (Nop.Services.Messages.QueuedMessagesSendTask, Nop.Services) - ModelState is Valid
info: Microsoft.AspNetCore.Mvc.ViewFeatures.Internal.ViewResultExecutor[1]
      Executing ViewResult, running view at path /Views/Catalog/CategoryTemplate.ProductsInGridOrLines.cshtml.
info: Microsoft.AspNetCore.Mvc.StatusCodeResult[1]
      Executing HttpStatusCodeResult, setting HTTP status code 204
info: Microsoft.AspNetCore.Mvc.Internal.ControllerActionInvoker[2]
      Executed action Nop.Web.Controllers.ScheduleTaskController.RunTask (Nop.Web) in 495.7784ms
info: Microsoft.AspNetCore.Hosting.Internal.WebHost[2]
      Request finished in 713.9786ms 204 
info: Microsoft.AspNetCore.Mvc.Internal.ControllerActionInvoker[2]
      Executed action Nop.Web.Controllers.CatalogController.Category (Nop.Web) in 2015.9067ms
info: Microsoft.AspNetCore.Hosting.Internal.WebHost[2]
      Request finished in 2251.1955ms 200 text/html; charset=utf-8
info: Microsoft.AspNetCore.Hosting.Internal.WebHost[1]
      Request starting HTTP/1.1 GET http://localhost:15536/8-electrical-shaft?bldrshaft  
info: Microsoft.AspNetCore.Mvc.Internal.ControllerActionInvoker[1]
      Executing action method Nop.Web.Controllers.ProductController.ProductDetails (Nop.Web) with arguments (72, 0) - ModelState is Valid
info: Microsoft.AspNetCore.Mvc.ViewFeatures.Internal.ViewResultExecutor[1]
      Executing ViewResult, running view at path /Views/Product/ProductTemplate.Simple.cshtml.
info: Microsoft.AspNetCore.Hosting.Internal.WebHost[1]
      Request starting HTTP/1.1 POST http://localhost:15536/scheduletask/runtask application/x-www-form-urlencoded 69
