Hosting environment: Development
Content root path: C:\Users\Khushbu\source\repos\npbuilder\Presentation\Nop.Web
Now listening on: http://localhost:2318
Application started. Press Ctrl+C to shut down.
info: Microsoft.AspNetCore.Hosting.Internal.WebHost[1]
      Request starting HTTP/1.1 GET http://localhost:15536/  
info: Microsoft.AspNetCore.Mvc.Internal.ControllerActionInvoker[1]
      Executing action method Nop.Web.Controllers.HomeController.Index (Nop.Web) with arguments ((null)) - ModelState is Valid
info: Microsoft.AspNetCore.Mvc.ViewFeatures.Internal.ViewResultExecutor[1]
      Executing ViewResult, running view at path /Views/Home/Index.cshtml.
info: Microsoft.AspNetCore.Mvc.Internal.ControllerActionInvoker[2]
      Executed action Nop.Web.Controllers.HomeController.Index (Nop.Web) in 23181.4248ms
info: Microsoft.AspNetCore.Hosting.Internal.WebHost[2]
      Request finished in 26253.2982ms 200 text/html; charset=utf-8
info: Microsoft.AspNetCore.Hosting.Internal.WebHost[1]
      Request starting HTTP/1.1 GET http://localhost:15536/custombuilder-2  
info: Microsoft.AspNetCore.Mvc.Internal.ControllerActionInvoker[1]
      Executing action method Nop.Web.Controllers.TopicController.TopicDetails (Nop.Web) with arguments (13) - ModelState is Valid
info: Microsoft.AspNetCore.Mvc.ViewFeatures.Internal.ViewResultExecutor[1]
      Executing ViewResult, running view at path /Views/Topic/TopicDetails.cshtml.
info: Microsoft.AspNetCore.Mvc.Internal.ControllerActionInvoker[2]
      Executed action Nop.Web.Controllers.TopicController.TopicDetails (Nop.Web) in 809.1204ms
info: Microsoft.AspNetCore.Hosting.Internal.WebHost[2]
      Request finished in 1160.7156ms 200 text/html; charset=utf-8
info: Microsoft.AspNetCore.Hosting.Internal.WebHost[1]
      Request starting HTTP/1.1 GET http://localhost:15536/CustomBuilder  
info: Microsoft.AspNetCore.Mvc.Internal.ControllerActionInvoker[1]
      Executing action method Nop.Web.Controllers.CustomBuilderController.Index (Nop.Web) with arguments ((null)) - ModelState is Valid
info: Microsoft.AspNetCore.Mvc.ViewFeatures.Internal.ViewResultExecutor[1]
      Executing ViewResult, running view at path /Views/CustomBuilder/Index.cshtml.
info: Microsoft.AspNetCore.Mvc.Internal.ControllerActionInvoker[2]
      Executed action Nop.Web.Controllers.CustomBuilderController.Index (Nop.Web) in 3458.701ms
info: Microsoft.AspNetCore.Session.DistributedSession[3]
      Session started; Key:3f686cb5-6c96-cf77-f821-209da6bf7d8c, Id:9f9ef471-730b-c9f0-abe6-1bee817910ce
info: Microsoft.AspNetCore.Hosting.Internal.WebHost[2]
      Request finished in 3621.2525ms 200 text/html; charset=utf-8
info: Microsoft.AspNetCore.Hosting.Internal.WebHost[1]
      Request starting HTTP/1.1 GET http://localhost:15536/srcset=%22https:/img.skatewarehouse.com/framework16/images/pros/2x/BARL.png  
info: Microsoft.AspNetCore.Hosting.Internal.WebHost[2]
      Request finished in 204.58ms 404 
info: Microsoft.AspNetCore.Hosting.Internal.WebHost[1]
      Request starting HTTP/1.1 GET http://localhost:15536/srcset=%22https:/img.skatewarehouse.com/framework16/images/pros/2x/BARL.png  
info: Microsoft.AspNetCore.Hosting.Internal.WebHost[2]
      Request finished in 233.397ms 404 
info: Microsoft.AspNetCore.Hosting.Internal.WebHost[1]
      Request starting HTTP/1.1 GET http://localhost:15536/flagc?bldr  
info: Microsoft.AspNetCore.Mvc.Internal.ControllerActionInvoker[1]
      Executing action method Nop.Web.Controllers.CatalogController.Category (Nop.Web) with arguments (45, Nop.Web.Models.Catalog.CatalogPagingFilteringModel) - ModelState is Valid
info: Microsoft.AspNetCore.Mvc.ViewFeatures.Internal.ViewResultExecutor[1]
      Executing ViewResult, running view at path /Views/Catalog/CategoryTemplate.ProductsInGridOrLines.cshtml.
info: Microsoft.AspNetCore.Mvc.Internal.ControllerActionInvoker[2]
      Executed action Nop.Web.Controllers.CatalogController.Category (Nop.Web) in 4516.9834ms
info: Microsoft.AspNetCore.Hosting.Internal.WebHost[2]
      Request finished in 4752.4145ms 200 text/html; charset=utf-8
info: Microsoft.AspNetCore.Hosting.Internal.WebHost[1]
      Request starting HTTP/1.1 GET http://localhost:15536/regular-pennant-2?bldr  
info: Microsoft.AspNetCore.Mvc.Internal.ControllerActionInvoker[1]
      Executing action method Nop.Web.Controllers.CatalogController.Category (Nop.Web) with arguments (49, Nop.Web.Models.Catalog.CatalogPagingFilteringModel) - ModelState is Valid
info: Microsoft.AspNetCore.Mvc.ViewFeatures.Internal.ViewResultExecutor[1]
      Executing ViewResult, running view at path /Views/Catalog/CategoryTemplate.ProductsInGridOrLines.cshtml.
info: Microsoft.AspNetCore.Mvc.Internal.ControllerActionInvoker[2]
      Executed action Nop.Web.Controllers.CatalogController.Category (Nop.Web) in 316.5948ms
info: Microsoft.AspNetCore.Hosting.Internal.WebHost[2]
      Request finished in 452.3709ms 200 text/html; charset=utf-8
info: Microsoft.AspNetCore.Hosting.Internal.WebHost[1]
      Request starting HTTP/1.1 POST http://localhost:15536/scheduletask/runtask application/x-www-form-urlencoded 69
info: Microsoft.AspNetCore.Mvc.Internal.ControllerActionInvoker[1]
      Executing action method Nop.Web.Controllers.ScheduleTaskController.RunTask (Nop.Web) with arguments (Nop.Services.Messages.QueuedMessagesSendTask, Nop.Services) - ModelState is Valid
info: Microsoft.AspNetCore.Mvc.StatusCodeResult[1]
      Executing HttpStatusCodeResult, setting HTTP status code 204
info: Microsoft.AspNetCore.Mvc.Internal.ControllerActionInvoker[2]
      Executed action Nop.Web.Controllers.ScheduleTaskController.RunTask (Nop.Web) in 259.8889ms
info: Microsoft.AspNetCore.Hosting.Internal.WebHost[2]
      Request finished in 431.5658ms 204 
info: Microsoft.AspNetCore.Hosting.Internal.WebHost[1]
      Request starting HTTP/1.1 GET http://localhost:15536/CustomBuilder?prdidflag=68&prdimgflag=http%3A%2F%2Flocalhost%3A15536%2Fimages%2Fthumbs%2F0000092_clickwhip-pennant-flag_415.jpeg&prdnameflag=ClickWhip%20pennant%20flag&prdskuflag=clickwhip-pennant-flag&prdpriceflag=$3.60  
info: Microsoft.AspNetCore.Mvc.Internal.ControllerActionInvoker[1]
      Executing action method Nop.Web.Controllers.CustomBuilderController.Index (Nop.Web) with arguments ((null)) - ModelState is Valid
info: Microsoft.AspNetCore.Mvc.ViewFeatures.Internal.ViewResultExecutor[1]
      Executing ViewResult, running view at path /Views/CustomBuilder/Index.cshtml.
info: Microsoft.AspNetCore.Mvc.Internal.ControllerActionInvoker[2]
      Executed action Nop.Web.Controllers.CustomBuilderController.Index (Nop.Web) in 940.7046ms
info: Microsoft.AspNetCore.Hosting.Internal.WebHost[2]
      Request finished in 1099.3061ms 200 text/html; charset=utf-8
info: Microsoft.AspNetCore.Hosting.Internal.WebHost[1]
      Request starting HTTP/1.1 GET http://localhost:15536/srcset=%22https:/img.skatewarehouse.com/framework16/images/pros/2x/BARL.png  
info: Microsoft.AspNetCore.Hosting.Internal.WebHost[2]
      Request finished in 252.0092ms 404 
info: Microsoft.AspNetCore.Hosting.Internal.WebHost[1]
      Request starting HTTP/1.1 GET http://localhost:15536/flag-shaft-2?bldrshaft  
info: Microsoft.AspNetCore.Mvc.Internal.ControllerActionInvoker[1]
      Executing action method Nop.Web.Controllers.CatalogController.Category (Nop.Web) with arguments (51, Nop.Web.Models.Catalog.CatalogPagingFilteringModel) - ModelState is Valid
info: Microsoft.AspNetCore.Mvc.ViewFeatures.Internal.ViewResultExecutor[1]
      Executing ViewResult, running view at path /Views/Catalog/CategoryTemplate.ProductsInGridOrLines.cshtml.
info: Microsoft.AspNetCore.Mvc.Internal.ControllerActionInvoker[2]
      Executed action Nop.Web.Controllers.CatalogController.Category (Nop.Web) in 450.4856ms
info: Microsoft.AspNetCore.Hosting.Internal.WebHost[2]
      Request finished in 620.927ms 200 text/html; charset=utf-8
info: Microsoft.AspNetCore.Hosting.Internal.WebHost[1]
      Request starting HTTP/1.1 GET http://localhost:15536/non-lit-2?bldrshaft  
info: Microsoft.AspNetCore.Mvc.Internal.ControllerActionInvoker[1]
      Executing action method Nop.Web.Controllers.CatalogController.Category (Nop.Web) with arguments (54, Nop.Web.Models.Catalog.CatalogPagingFilteringModel) - ModelState is Valid
info: Microsoft.AspNetCore.Mvc.ViewFeatures.Internal.ViewResultExecutor[1]
      Executing ViewResult, running view at path /Views/Catalog/CategoryTemplate.ProductsInGridOrLines.cshtml.
info: Microsoft.AspNetCore.Mvc.Internal.ControllerActionInvoker[2]
      Executed action Nop.Web.Controllers.CatalogController.Category (Nop.Web) in 529.0973ms
info: Microsoft.AspNetCore.Hosting.Internal.WebHost[2]
      Request finished in 686.9653ms 200 text/html; charset=utf-8
info: Microsoft.AspNetCore.Hosting.Internal.WebHost[1]
      Request starting HTTP/1.1 GET http://localhost:15536/standard-shaft?bldrshaft  
info: Microsoft.AspNetCore.Mvc.Internal.ControllerActionInvoker[1]
      Executing action method Nop.Web.Controllers.ProductController.ProductDetails (Nop.Web) with arguments (74, 0) - ModelState is Valid
info: Microsoft.AspNetCore.Mvc.ViewFeatures.Internal.ViewResultExecutor[1]
      Executing ViewResult, running view at path /Views/Product/ProductTemplate.Simple.cshtml.
info: Microsoft.AspNetCore.Mvc.Internal.ControllerActionInvoker[2]
      Executed action Nop.Web.Controllers.ProductController.ProductDetails (Nop.Web) in 5853.7324ms
info: Microsoft.AspNetCore.Hosting.Internal.WebHost[2]
      Request finished in 6026.9532ms 200 text/html; charset=utf-8
info: Microsoft.AspNetCore.Hosting.Internal.WebHost[1]
      Request starting HTTP/1.1 POST http://localhost:15536/shoppingcart/productdetails_attributechange?productId=74&validateAttributeConditions=False&loadPicture=True application/x-www-form-urlencoded; charset=UTF-8 182
info: Microsoft.AspNetCore.Mvc.Internal.ControllerActionInvoker[1]
      Executing action method Nop.Web.Controllers.ShoppingCartController.ProductDetails_AttributeChange (Nop.Web) with arguments (74, False, True, Microsoft.AspNetCore.Http.FormCollection) - ModelState is Valid
info: Microsoft.AspNetCore.Mvc.Formatters.Json.Internal.JsonResultExecutor[1]
      Executing JsonResult, writing value { gtin = , mpn = , sku = , price = $6.30, stockAvailability = , enabledattributemappingids = System.Int32[], disabledattributemappingids = System.Int32[], pictureFullSizeUrl = , pictureDefaultSizeUrl = , isFreeShipping = False, message =  }.
info: Microsoft.AspNetCore.Mvc.Internal.ControllerActionInvoker[2]
      Executed action Nop.Web.Controllers.ShoppingCartController.ProductDetails_AttributeChange (Nop.Web) in 352.9914ms
info: Microsoft.AspNetCore.Hosting.Internal.WebHost[2]
      Request finished in 580.8713ms 200 application/json; charset=utf-8
info: Microsoft.AspNetCore.Hosting.Internal.WebHost[1]
      Request starting HTTP/1.1 POST http://localhost:15536/scheduletask/runtask application/x-www-form-urlencoded 69
info: Microsoft.AspNetCore.Mvc.Internal.ControllerActionInvoker[1]
      Executing action method Nop.Web.Controllers.ScheduleTaskController.RunTask (Nop.Web) with arguments (Nop.Services.Messages.QueuedMessagesSendTask, Nop.Services) - ModelState is Valid
info: Microsoft.AspNetCore.Mvc.StatusCodeResult[1]
      Executing HttpStatusCodeResult, setting HTTP status code 204
info: Microsoft.AspNetCore.Mvc.Internal.ControllerActionInvoker[2]
      Executed action Nop.Web.Controllers.ScheduleTaskController.RunTask (Nop.Web) in 117.868ms
info: Microsoft.AspNetCore.Hosting.Internal.WebHost[2]
      Request finished in 248.415ms 204 
info: Microsoft.AspNetCore.Hosting.Internal.WebHost[1]
      Request starting HTTP/1.1 GET http://localhost:15536/standard-shaft?bldrshaft  
info: Microsoft.AspNetCore.Mvc.Internal.ControllerActionInvoker[1]
      Executing action method Nop.Web.Controllers.ProductController.ProductDetails (Nop.Web) with arguments (74, 0) - ModelState is Valid
info: Microsoft.AspNetCore.Mvc.ViewFeatures.Internal.ViewResultExecutor[1]
      Executing ViewResult, running view at path /Views/Product/ProductTemplate.Simple.cshtml.
info: Microsoft.AspNetCore.Mvc.Internal.ControllerActionInvoker[2]
      Executed action Nop.Web.Controllers.ProductController.ProductDetails (Nop.Web) in 591.5821ms
info: Microsoft.AspNetCore.Hosting.Internal.WebHost[2]
      Request finished in 776.767ms 200 text/html; charset=utf-8
info: Microsoft.AspNetCore.Hosting.Internal.WebHost[1]
      Request starting HTTP/1.1 POST http://localhost:15536/shoppingcart/productdetails_attributechange?productId=74&validateAttributeConditions=False&loadPicture=True application/x-www-form-urlencoded; charset=UTF-8 182
info: Microsoft.AspNetCore.Mvc.Internal.ControllerActionInvoker[1]
      Executing action method Nop.Web.Controllers.ShoppingCartController.ProductDetails_AttributeChange (Nop.Web) with arguments (74, False, True, Microsoft.AspNetCore.Http.FormCollection) - ModelState is Valid
info: Microsoft.AspNetCore.Mvc.Formatters.Json.Internal.JsonResultExecutor[1]
      Executing JsonResult, writing value { gtin = , mpn = , sku = , price = $6.30, stockAvailability = , enabledattributemappingids = System.Int32[], disabledattributemappingids = System.Int32[], pictureFullSizeUrl = , pictureDefaultSizeUrl = , isFreeShipping = False, message =  }.
info: Microsoft.AspNetCore.Mvc.Internal.ControllerActionInvoker[2]
      Executed action Nop.Web.Controllers.ShoppingCartController.ProductDetails_AttributeChange (Nop.Web) in 89.3829ms
info: Microsoft.AspNetCore.Hosting.Internal.WebHost[2]
      Request finished in 465.5424ms 200 application/json; charset=utf-8
info: Microsoft.AspNetCore.Hosting.Internal.WebHost[1]
      Request starting HTTP/1.1 POST http://localhost:15536/scheduletask/runtask application/x-www-form-urlencoded 69
info: Microsoft.AspNetCore.Mvc.Internal.ControllerActionInvoker[1]
      Executing action method Nop.Web.Controllers.ScheduleTaskController.RunTask (Nop.Web) with arguments (Nop.Services.Messages.QueuedMessagesSendTask, Nop.Services) - ModelState is Valid
info: Microsoft.AspNetCore.Mvc.StatusCodeResult[1]
      Executing HttpStatusCodeResult, setting HTTP status code 204
info: Microsoft.AspNetCore.Mvc.Internal.ControllerActionInvoker[2]
      Executed action Nop.Web.Controllers.ScheduleTaskController.RunTask (Nop.Web) in 106.4545ms
info: Microsoft.AspNetCore.Hosting.Internal.WebHost[2]
      Request finished in 232.5901ms 204 
info: Microsoft.AspNetCore.Hosting.Internal.WebHost[1]
      Request starting HTTP/1.1 POST http://localhost:15536/scheduletask/runtask application/x-www-form-urlencoded 69
info: Microsoft.AspNetCore.Mvc.Internal.ControllerActionInvoker[1]
      Executing action method Nop.Web.Controllers.ScheduleTaskController.RunTask (Nop.Web) with arguments (Nop.Services.Messages.QueuedMessagesSendTask, Nop.Services) - ModelState is Valid
info: Microsoft.AspNetCore.Mvc.StatusCodeResult[1]
      Executing HttpStatusCodeResult, setting HTTP status code 204
info: Microsoft.AspNetCore.Mvc.Internal.ControllerActionInvoker[2]
      Executed action Nop.Web.Controllers.ScheduleTaskController.RunTask (Nop.Web) in 47.9634ms
info: Microsoft.AspNetCore.Hosting.Internal.WebHost[2]
      Request finished in 169.3705ms 204 
info: Microsoft.AspNetCore.Hosting.Internal.WebHost[1]
      Request starting HTTP/1.1 GET http://localhost:15536/standard-shaft?bldrshaft  
info: Microsoft.AspNetCore.Mvc.Internal.ControllerActionInvoker[1]
      Executing action method Nop.Web.Controllers.ProductController.ProductDetails (Nop.Web) with arguments (74, 0) - ModelState is Valid
info: Microsoft.AspNetCore.Mvc.ViewFeatures.Internal.ViewResultExecutor[1]
      Executing ViewResult, running view at path /Views/Product/ProductTemplate.Simple.cshtml.
info: Microsoft.AspNetCore.Mvc.Internal.ControllerActionInvoker[2]
      Executed action Nop.Web.Controllers.ProductController.ProductDetails (Nop.Web) in 506.9971ms
info: Microsoft.AspNetCore.Hosting.Internal.WebHost[2]
      Request finished in 661.8746ms 200 text/html; charset=utf-8
info: Microsoft.AspNetCore.Hosting.Internal.WebHost[1]
      Request starting HTTP/1.1 POST http://localhost:15536/shoppingcart/productdetails_attributechange?productId=74&validateAttributeConditions=False&loadPicture=True application/x-www-form-urlencoded; charset=UTF-8 182
info: Microsoft.AspNetCore.Mvc.Internal.ControllerActionInvoker[1]
      Executing action method Nop.Web.Controllers.ShoppingCartController.ProductDetails_AttributeChange (Nop.Web) with arguments (74, False, True, Microsoft.AspNetCore.Http.FormCollection) - ModelState is Valid
info: Microsoft.AspNetCore.Mvc.Formatters.Json.Internal.JsonResultExecutor[1]
      Executing JsonResult, writing value { gtin = , mpn = , sku = , price = $6.30, stockAvailability = , enabledattributemappingids = System.Int32[], disabledattributemappingids = System.Int32[], pictureFullSizeUrl = , pictureDefaultSizeUrl = , isFreeShipping = False, message =  }.
info: Microsoft.AspNetCore.Mvc.Internal.ControllerActionInvoker[2]
      Executed action Nop.Web.Controllers.ShoppingCartController.ProductDetails_AttributeChange (Nop.Web) in 67.9129ms
info: Microsoft.AspNetCore.Hosting.Internal.WebHost[2]
      Request finished in 363.7563ms 200 application/json; charset=utf-8
info: Microsoft.AspNetCore.Hosting.Internal.WebHost[1]
      Request starting HTTP/1.1 POST http://localhost:15536/scheduletask/runtask application/x-www-form-urlencoded 70
info: Microsoft.AspNetCore.Hosting.Internal.WebHost[1]
      Request starting HTTP/1.1 POST http://localhost:15536/scheduletask/runtask application/x-www-form-urlencoded 58
info: Microsoft.AspNetCore.Mvc.Internal.ControllerActionInvoker[1]
      Executing action method Nop.Web.Controllers.ScheduleTaskController.RunTask (Nop.Web) with arguments (Nop.Services.Common.KeepAliveTask, Nop.Services) - ModelState is Valid
info: Microsoft.AspNetCore.Mvc.Internal.ControllerActionInvoker[1]
      Executing action method Nop.Web.Controllers.ScheduleTaskController.RunTask (Nop.Web) with arguments (Nop.Services.Directory.UpdateExchangeRateTask, Nop.Services) - ModelState is Valid
info: Microsoft.AspNetCore.Mvc.StatusCodeResult[1]
      Executing HttpStatusCodeResult, setting HTTP status code 204
info: Microsoft.AspNetCore.Mvc.Internal.ControllerActionInvoker[2]
      Executed action Nop.Web.Controllers.ScheduleTaskController.RunTask (Nop.Web) in 288.8317ms
info: Microsoft.AspNetCore.Hosting.Internal.WebHost[2]
      Request finished in 503.5743ms 204 
info: Microsoft.AspNetCore.Hosting.Internal.WebHost[1]
      Request starting HTTP/1.1 GET http://localhost:15536/keepalive/index  
info: Microsoft.AspNetCore.Hosting.Internal.WebHost[2]
      Request finished in 2.159ms 200 
info: Microsoft.AspNetCore.Mvc.StatusCodeResult[1]
      Executing HttpStatusCodeResult, setting HTTP status code 204
info: Microsoft.AspNetCore.Mvc.Internal.ControllerActionInvoker[2]
      Executed action Nop.Web.Controllers.ScheduleTaskController.RunTask (Nop.Web) in 328.6148ms
info: Microsoft.AspNetCore.Hosting.Internal.WebHost[2]
      Request finished in 486.2667ms 204 
info: Microsoft.AspNetCore.Hosting.Internal.WebHost[1]
      Request starting HTTP/1.1 POST http://localhost:15536/scheduletask/runtask application/x-www-form-urlencoded 69
info: Microsoft.AspNetCore.Mvc.Internal.ControllerActionInvoker[1]
      Executing action method Nop.Web.Controllers.ScheduleTaskController.RunTask (Nop.Web) with arguments (Nop.Services.Messages.QueuedMessagesSendTask, Nop.Services) - ModelState is Valid
info: Microsoft.AspNetCore.Mvc.StatusCodeResult[1]
      Executing HttpStatusCodeResult, setting HTTP status code 204
info: Microsoft.AspNetCore.Mvc.Internal.ControllerActionInvoker[2]
      Executed action Nop.Web.Controllers.ScheduleTaskController.RunTask (Nop.Web) in 90.7105ms
info: Microsoft.AspNetCore.Hosting.Internal.WebHost[2]
      Request finished in 184.0853ms 204 
info: Microsoft.AspNetCore.Hosting.Internal.WebHost[1]
      Request starting HTTP/1.1 POST http://localhost:15536/scheduletask/runtask application/x-www-form-urlencoded 69
info: Microsoft.AspNetCore.Mvc.Internal.ControllerActionInvoker[1]
      Executing action method Nop.Web.Controllers.ScheduleTaskController.RunTask (Nop.Web) with arguments (Nop.Services.Messages.QueuedMessagesSendTask, Nop.Services) - ModelState is Valid
info: Microsoft.AspNetCore.Mvc.StatusCodeResult[1]
      Executing HttpStatusCodeResult, setting HTTP status code 204
info: Microsoft.AspNetCore.Mvc.Internal.ControllerActionInvoker[2]
      Executed action Nop.Web.Controllers.ScheduleTaskController.RunTask (Nop.Web) in 107.0839ms
info: Microsoft.AspNetCore.Hosting.Internal.WebHost[2]
      Request finished in 200.3081ms 204 
info: Microsoft.AspNetCore.Hosting.Internal.WebHost[1]
      Request starting HTTP/1.1 GET http://localhost:15536/standard-shaft?bldrshaft  
info: Microsoft.AspNetCore.Mvc.Internal.ControllerActionInvoker[1]
      Executing action method Nop.Web.Controllers.ProductController.ProductDetails (Nop.Web) with arguments (74, 0) - ModelState is Valid
info: Microsoft.AspNetCore.Mvc.ViewFeatures.Internal.ViewResultExecutor[1]
      Executing ViewResult, running view at path /Views/Product/ProductTemplate.Simple.cshtml.
info: Microsoft.AspNetCore.Mvc.Internal.ControllerActionInvoker[2]
      Executed action Nop.Web.Controllers.ProductController.ProductDetails (Nop.Web) in 934.5643ms
info: Microsoft.AspNetCore.Hosting.Internal.WebHost[2]
      Request finished in 1132.2282ms 200 text/html; charset=utf-8
info: Microsoft.AspNetCore.Hosting.Internal.WebHost[1]
      Request starting HTTP/1.1 GET http://localhost:15536/lib/jquery-ui-themes/smoothness/jquery-ui-1.10.3.custom.min.css  
info: Microsoft.AspNetCore.Hosting.Internal.WebHost[1]
      Request starting HTTP/1.1 GET http://localhost:15536/lib/magnific-popup/magnific-popup.css  
info: Microsoft.AspNetCore.Hosting.Internal.WebHost[1]
      Request starting HTTP/1.1 GET http://localhost:15536/Themes/DefaultClean/Content/css/styles.css  
info: Microsoft.AspNetCore.Hosting.Internal.WebHost[1]
      Request starting HTTP/1.1 GET http://localhost:15536/lib/jquery-1.10.2.min.js  
info: Microsoft.AspNetCore.StaticFiles.StaticFileMiddleware[2]
      Sending file. Request path: '/lib/jquery-ui-themes/smoothness/jquery-ui-1.10.3.custom.min.css'. Physical path: 'C:\Users\Khushbu\source\repos\npbuilder\Presentation\Nop.Web\wwwroot\lib\jquery-ui-themes\smoothness\jquery-ui-1.10.3.custom.min.css'
info: Microsoft.AspNetCore.StaticFiles.StaticFileMiddleware[2]
      Sending file. Request path: '/DefaultClean/Content/css/styles.css'. Physical path: 'C:\Users\Khushbu\source\repos\npbuilder\Presentation\Nop.Web\Themes\DefaultClean\Content\css\styles.css'
info: Microsoft.AspNetCore.StaticFiles.StaticFileMiddleware[2]
      Sending file. Request path: '/lib/magnific-popup/magnific-popup.css'. Physical path: 'C:\Users\Khushbu\source\repos\npbuilder\Presentation\Nop.Web\wwwroot\lib\magnific-popup\magnific-popup.css'
info: Microsoft.AspNetCore.StaticFiles.StaticFileMiddleware[2]
      Sending file. Request path: '/lib/jquery-1.10.2.min.js'. Physical path: 'C:\Users\Khushbu\source\repos\npbuilder\Presentation\Nop.Web\wwwroot\lib\jquery-1.10.2.min.js'
info: Microsoft.AspNetCore.Hosting.Internal.WebHost[2]
      Request finished in 114.0061ms 200 text/css
info: Microsoft.AspNetCore.Hosting.Internal.WebHost[2]
      Request finished in 96.2364ms 200 application/javascript
info: Microsoft.AspNetCore.Hosting.Internal.WebHost[2]
      Request finished in 154.7967ms 200 text/css
info: Microsoft.AspNetCore.Hosting.Internal.WebHost[1]
      Request starting HTTP/1.1 GET http://localhost:15536/lib/jquery.validate.min.js  
info: Microsoft.AspNetCore.StaticFiles.StaticFileMiddleware[2]
      Sending file. Request path: '/lib/jquery.validate.min.js'. Physical path: 'C:\Users\Khushbu\source\repos\npbuilder\Presentation\Nop.Web\wwwroot\lib\jquery.validate.min.js'
info: Microsoft.AspNetCore.Hosting.Internal.WebHost[2]
      Request finished in 191.0252ms 200 text/css
info: Microsoft.AspNetCore.Hosting.Internal.WebHost[2]
      Request finished in 20.8557ms 200 application/javascript
info: Microsoft.AspNetCore.Hosting.Internal.WebHost[1]
      Request starting HTTP/1.1 GET http://localhost:15536/lib/jquery.validate.unobtrusive.min.js  
info: Microsoft.AspNetCore.StaticFiles.StaticFileMiddleware[2]
      Sending file. Request path: '/lib/jquery.validate.unobtrusive.min.js'. Physical path: 'C:\Users\Khushbu\source\repos\npbuilder\Presentation\Nop.Web\wwwroot\lib\jquery.validate.unobtrusive.min.js'
info: Microsoft.AspNetCore.Hosting.Internal.WebHost[1]
      Request starting HTTP/1.1 GET http://localhost:15536/js/public.ajaxcart.js  
info: Microsoft.AspNetCore.Hosting.Internal.WebHost[1]
      Request starting HTTP/1.1 GET http://localhost:15536/js/public.common.js  
info: Microsoft.AspNetCore.Hosting.Internal.WebHost[1]
      Request starting HTTP/1.1 GET http://localhost:15536/lib/jquery-ui-1.10.3.custom.min.js  
info: Microsoft.AspNetCore.Hosting.Internal.WebHost[2]
      Request finished in 52.1458ms 200 application/javascript
info: Microsoft.AspNetCore.Hosting.Internal.WebHost[1]
      Request starting HTTP/1.1 GET http://localhost:15536/lib/magnific-popup/jquery.magnific-popup.min.js  
info: Microsoft.AspNetCore.StaticFiles.StaticFileMiddleware[2]
      Sending file. Request path: '/js/public.ajaxcart.js'. Physical path: 'C:\Users\Khushbu\source\repos\npbuilder\Presentation\Nop.Web\wwwroot\js\public.ajaxcart.js'
info: Microsoft.AspNetCore.Hosting.Internal.WebHost[1]
      Request starting HTTP/1.1 GET http://localhost:15536/Themes/DefaultClean/Content/images/logo.png  
info: Microsoft.AspNetCore.StaticFiles.StaticFileMiddleware[2]
      Sending file. Request path: '/lib/jquery-ui-1.10.3.custom.min.js'. Physical path: 'C:\Users\Khushbu\source\repos\npbuilder\Presentation\Nop.Web\wwwroot\lib\jquery-ui-1.10.3.custom.min.js'
info: Microsoft.AspNetCore.StaticFiles.StaticFileMiddleware[2]
      Sending file. Request path: '/js/public.common.js'. Physical path: 'C:\Users\Khushbu\source\repos\npbuilder\Presentation\Nop.Web\wwwroot\js\public.common.js'
info: Microsoft.AspNetCore.StaticFiles.StaticFileMiddleware[2]
      Sending file. Request path: '/lib/magnific-popup/jquery.magnific-popup.min.js'. Physical path: 'C:\Users\Khushbu\source\repos\npbuilder\Presentation\Nop.Web\wwwroot\lib\magnific-popup\jquery.magnific-popup.min.js'
info: Microsoft.AspNetCore.Hosting.Internal.WebHost[2]
      Request finished in 242.6365ms 200 application/javascript
info: Microsoft.AspNetCore.StaticFiles.StaticFileMiddleware[2]
      Sending file. Request path: '/DefaultClean/Content/images/logo.png'. Physical path: 'C:\Users\Khushbu\source\repos\npbuilder\Presentation\Nop.Web\Themes\DefaultClean\Content\images\logo.png'
info: Microsoft.AspNetCore.Hosting.Internal.WebHost[1]
      Request starting HTTP/1.1 GET http://localhost:15536/lib/jquery-migrate-1.2.1.min.js  
info: Microsoft.AspNetCore.Hosting.Internal.WebHost[1]
      Request starting HTTP/1.1 GET http://localhost:15536/Themes/DefaultClean/Content/images/shopping-bag.png  
info: Microsoft.AspNetCore.Hosting.Internal.WebHost[2]
      Request finished in 376.6847ms 200 application/javascript
info: Microsoft.AspNetCore.Hosting.Internal.WebHost[1]
      Request starting HTTP/1.1 GET http://localhost:15536/images/thumbs/default-image_550.png  
info: Microsoft.AspNetCore.StaticFiles.StaticFileMiddleware[2]
      Sending file. Request path: '/DefaultClean/Content/images/shopping-bag.png'. Physical path: 'C:\Users\Khushbu\source\repos\npbuilder\Presentation\Nop.Web\Themes\DefaultClean\Content\images\shopping-bag.png'
info: Microsoft.AspNetCore.StaticFiles.StaticFileMiddleware[2]
      Sending file. Request path: '/images/thumbs/default-image_550.png'. Physical path: 'C:\Users\Khushbu\source\repos\npbuilder\Presentation\Nop.Web\wwwroot\images\thumbs\default-image_550.png'
info: Microsoft.AspNetCore.Hosting.Internal.WebHost[2]
      Request finished in 105.1477ms 200 image/png
info: Microsoft.AspNetCore.Hosting.Internal.WebHost[2]
      Request finished in 341.4525ms 200 image/png
info: Microsoft.AspNetCore.Hosting.Internal.WebHost[2]
      Request finished in 455.7699ms 200 application/javascript
info: Microsoft.AspNetCore.StaticFiles.StaticFileMiddleware[2]
      Sending file. Request path: '/lib/jquery-migrate-1.2.1.min.js'. Physical path: 'C:\Users\Khushbu\source\repos\npbuilder\Presentation\Nop.Web\wwwroot\lib\jquery-migrate-1.2.1.min.js'
info: Microsoft.AspNetCore.Hosting.Internal.WebHost[1]
      Request starting HTTP/1.1 GET http://localhost:15536/Themes/DefaultClean/Content/images/rating1.png  
info: Microsoft.AspNetCore.Hosting.Internal.WebHost[1]
      Request starting HTTP/1.1 GET http://localhost:15536/Themes/DefaultClean/Content/images/rating2.png  
info: Microsoft.AspNetCore.StaticFiles.StaticFileMiddleware[2]
      Sending file. Request path: '/DefaultClean/Content/images/rating2.png'. Physical path: 'C:\Users\Khushbu\source\repos\npbuilder\Presentation\Nop.Web\Themes\DefaultClean\Content\images\rating2.png'
info: Microsoft.AspNetCore.StaticFiles.StaticFileMiddleware[2]
      Sending file. Request path: '/DefaultClean/Content/images/rating1.png'. Physical path: 'C:\Users\Khushbu\source\repos\npbuilder\Presentation\Nop.Web\Themes\DefaultClean\Content\images\rating1.png'
info: Microsoft.AspNetCore.Hosting.Internal.WebHost[1]
      Request starting HTTP/1.1 GET http://localhost:15536/Themes/DefaultClean/Content/images/loading.gif  
info: Microsoft.AspNetCore.Hosting.Internal.WebHost[2]
      Request finished in 289.1213ms 200 application/javascript
info: Microsoft.AspNetCore.Hosting.Internal.WebHost[2]
      Request finished in 208.1723ms 200 image/png
info: Microsoft.AspNetCore.Hosting.Internal.WebHost[2]
      Request finished in 631.4162ms 200 application/javascript
info: Microsoft.AspNetCore.Hosting.Internal.WebHost[2]
      Request finished in 179.5218ms 200 image/png
info: Microsoft.AspNetCore.StaticFiles.StaticFileMiddleware[2]
      Sending file. Request path: '/DefaultClean/Content/images/loading.gif'. Physical path: 'C:\Users\Khushbu\source\repos\npbuilder\Presentation\Nop.Web\Themes\DefaultClean\Content\images\loading.gif'
info: Microsoft.AspNetCore.Hosting.Internal.WebHost[1]
      Request starting HTTP/1.1 GET http://localhost:15536/Themes/DefaultClean/Content/images/ajax-loader-small.gif  
info: Microsoft.AspNetCore.Hosting.Internal.WebHost[1]
      Request starting HTTP/1.1 GET http://localhost:15536/Themes/DefaultClean/Content/images/social-sprite.png  
info: Microsoft.AspNetCore.Hosting.Internal.WebHost[1]
      Request starting HTTP/1.1 GET http://localhost:15536/lib/jquery-ui-themes/smoothness/images/ui-bg_flat_75_ffffff_40x100.png  
info: Microsoft.AspNetCore.Hosting.Internal.WebHost[1]
      Request starting HTTP/1.1 POST http://localhost:15536/shoppingcart/productdetails_attributechange?productId=74&validateAttributeConditions=False&loadPicture=True application/x-www-form-urlencoded; charset=UTF-8 182
info: Microsoft.AspNetCore.Hosting.Internal.WebHost[2]
      Request finished in 352.0611ms 200 image/png
info: Microsoft.AspNetCore.StaticFiles.StaticFileMiddleware[2]
      Sending file. Request path: '/DefaultClean/Content/images/ajax-loader-small.gif'. Physical path: 'C:\Users\Khushbu\source\repos\npbuilder\Presentation\Nop.Web\Themes\DefaultClean\Content\images\ajax-loader-small.gif'
info: Microsoft.AspNetCore.StaticFiles.StaticFileMiddleware[2]
      Sending file. Request path: '/DefaultClean/Content/images/social-sprite.png'. Physical path: 'C:\Users\Khushbu\source\repos\npbuilder\Presentation\Nop.Web\Themes\DefaultClean\Content\images\social-sprite.png'
info: Microsoft.AspNetCore.StaticFiles.StaticFileMiddleware[2]
      Sending file. Request path: '/lib/jquery-ui-themes/smoothness/images/ui-bg_flat_75_ffffff_40x100.png'. Physical path: 'C:\Users\Khushbu\source\repos\npbuilder\Presentation\Nop.Web\wwwroot\lib\jquery-ui-themes\smoothness\images\ui-bg_flat_75_ffffff_40x100.png'
info: Microsoft.AspNetCore.Hosting.Internal.WebHost[2]
      Request finished in 373.9487ms 200 image/gif
info: Microsoft.AspNetCore.Hosting.Internal.WebHost[2]
      Request finished in 288.135ms 200 image/png
info: Microsoft.AspNetCore.Hosting.Internal.WebHost[2]
      Request finished in 510.3595ms 200 image/gif
info: Microsoft.AspNetCore.Hosting.Internal.WebHost[2]
      Request finished in 548.0123ms 200 image/png
info: Microsoft.AspNetCore.Mvc.Internal.ControllerActionInvoker[1]
      Executing action method Nop.Web.Controllers.ShoppingCartController.ProductDetails_AttributeChange (Nop.Web) with arguments (74, False, True, Microsoft.AspNetCore.Http.FormCollection) - ModelState is Valid
info: Microsoft.AspNetCore.Mvc.Formatters.Json.Internal.JsonResultExecutor[1]
      Executing JsonResult, writing value { gtin = , mpn = , sku = , price = $6.30, stockAvailability = , enabledattributemappingids = System.Int32[], disabledattributemappingids = System.Int32[], pictureFullSizeUrl = , pictureDefaultSizeUrl = , isFreeShipping = False, message =  }.
info: Microsoft.AspNetCore.Mvc.Internal.ControllerActionInvoker[2]
      Executed action Nop.Web.Controllers.ShoppingCartController.ProductDetails_AttributeChange (Nop.Web) in 69.9043ms
info: Microsoft.AspNetCore.Hosting.Internal.WebHost[2]
      Request finished in 773.8577ms 200 application/json; charset=utf-8
info: Microsoft.AspNetCore.Hosting.Internal.WebHost[1]
      Request starting HTTP/1.1 POST http://localhost:15536/shoppingcart/productdetails_attributechange?productId=74&validateAttributeConditions=False&loadPicture=True application/x-www-form-urlencoded; charset=UTF-8 207
info: Microsoft.AspNetCore.Mvc.Internal.ControllerActionInvoker[1]
      Executing action method Nop.Web.Controllers.ShoppingCartController.ProductDetails_AttributeChange (Nop.Web) with arguments (74, False, True, Microsoft.AspNetCore.Http.FormCollection) - ModelState is Valid
info: Microsoft.AspNetCore.Mvc.Formatters.Json.Internal.JsonResultExecutor[1]
      Executing JsonResult, writing value { gtin = , mpn = , sku = , price = $6.30, stockAvailability = , enabledattributemappingids = System.Int32[], disabledattributemappingids = System.Int32[], pictureFullSizeUrl = , pictureDefaultSizeUrl = , isFreeShipping = False, message =  }.
info: Microsoft.AspNetCore.Mvc.Internal.ControllerActionInvoker[2]
      Executed action Nop.Web.Controllers.ShoppingCartController.ProductDetails_AttributeChange (Nop.Web) in 76.6154ms
info: Microsoft.AspNetCore.Hosting.Internal.WebHost[2]
      Request finished in 247.869ms 200 application/json; charset=utf-8
info: Microsoft.AspNetCore.Hosting.Internal.WebHost[1]
      Request starting HTTP/1.1 POST http://localhost:15536/shoppingcart/productdetails_attributechange?productId=74&validateAttributeConditions=False&loadPicture=True application/x-www-form-urlencoded; charset=UTF-8 232
info: Microsoft.AspNetCore.Mvc.Internal.ControllerActionInvoker[1]
      Executing action method Nop.Web.Controllers.ShoppingCartController.ProductDetails_AttributeChange (Nop.Web) with arguments (74, False, True, Microsoft.AspNetCore.Http.FormCollection) - ModelState is Valid
info: Microsoft.AspNetCore.Mvc.Formatters.Json.Internal.JsonResultExecutor[1]
      Executing JsonResult, writing value { gtin = , mpn = , sku = , price = $6.30, stockAvailability = , enabledattributemappingids = System.Int32[], disabledattributemappingids = System.Int32[], pictureFullSizeUrl = , pictureDefaultSizeUrl = , isFreeShipping = False, message =  }.
info: Microsoft.AspNetCore.Mvc.Internal.ControllerActionInvoker[2]
      Executed action Nop.Web.Controllers.ShoppingCartController.ProductDetails_AttributeChange (Nop.Web) in 55.4576ms
info: Microsoft.AspNetCore.Hosting.Internal.WebHost[2]
      Request finished in 244.4991ms 200 application/json; charset=utf-8
info: Microsoft.AspNetCore.Hosting.Internal.WebHost[1]
      Request starting HTTP/1.1 POST http://localhost:15536/scheduletask/runtask application/x-www-form-urlencoded 69
info: Microsoft.AspNetCore.Mvc.Internal.ControllerActionInvoker[1]
      Executing action method Nop.Web.Controllers.ScheduleTaskController.RunTask (Nop.Web) with arguments (Nop.Services.Messages.QueuedMessagesSendTask, Nop.Services) - ModelState is Valid
info: Microsoft.AspNetCore.Mvc.StatusCodeResult[1]
      Executing HttpStatusCodeResult, setting HTTP status code 204
info: Microsoft.AspNetCore.Mvc.Internal.ControllerActionInvoker[2]
      Executed action Nop.Web.Controllers.ScheduleTaskController.RunTask (Nop.Web) in 86.5012ms
info: Microsoft.AspNetCore.Hosting.Internal.WebHost[2]
      Request finished in 175.7252ms 204 
info: Microsoft.AspNetCore.Hosting.Internal.WebHost[1]
      Request starting HTTP/1.1 POST http://localhost:15536/scheduletask/runtask application/x-www-form-urlencoded 69
info: Microsoft.AspNetCore.Mvc.Internal.ControllerActionInvoker[1]
      Executing action method Nop.Web.Controllers.ScheduleTaskController.RunTask (Nop.Web) with arguments (Nop.Services.Messages.QueuedMessagesSendTask, Nop.Services) - ModelState is Valid
info: Microsoft.AspNetCore.Mvc.StatusCodeResult[1]
      Executing HttpStatusCodeResult, setting HTTP status code 204
info: Microsoft.AspNetCore.Mvc.Internal.ControllerActionInvoker[2]
      Executed action Nop.Web.Controllers.ScheduleTaskController.RunTask (Nop.Web) in 1252.7953ms
info: Microsoft.AspNetCore.Hosting.Internal.WebHost[2]
      Request finished in 1382.4182ms 204 
info: Microsoft.AspNetCore.Hosting.Internal.WebHost[1]
      Request starting HTTP/1.1 POST http://localhost:15536/scheduletask/runtask application/x-www-form-urlencoded 69
info: Microsoft.AspNetCore.Mvc.Internal.ControllerActionInvoker[1]
      Executing action method Nop.Web.Controllers.ScheduleTaskController.RunTask (Nop.Web) with arguments (Nop.Services.Messages.QueuedMessagesSendTask, Nop.Services) - ModelState is Valid
info: Microsoft.AspNetCore.Mvc.StatusCodeResult[1]
      Executing HttpStatusCodeResult, setting HTTP status code 204
info: Microsoft.AspNetCore.Mvc.Internal.ControllerActionInvoker[2]
      Executed action Nop.Web.Controllers.ScheduleTaskController.RunTask (Nop.Web) in 75.2157ms
info: Microsoft.AspNetCore.Hosting.Internal.WebHost[2]
      Request finished in 202.5033ms 204 
info: Microsoft.AspNetCore.Hosting.Internal.WebHost[1]
      Request starting HTTP/1.1 POST http://localhost:15536/scheduletask/runtask application/x-www-form-urlencoded 64
info: Microsoft.AspNetCore.Mvc.Internal.ControllerActionInvoker[1]
      Executing action method Nop.Web.Controllers.ScheduleTaskController.RunTask (Nop.Web) with arguments (Nop.Services.Customers.DeleteGuestsTask, Nop.Services) - ModelState is Valid
info: Microsoft.AspNetCore.Mvc.StatusCodeResult[1]
      Executing HttpStatusCodeResult, setting HTTP status code 204
info: Microsoft.AspNetCore.Mvc.Internal.ControllerActionInvoker[2]
      Executed action Nop.Web.Controllers.ScheduleTaskController.RunTask (Nop.Web) in 266.2663ms
info: Microsoft.AspNetCore.Hosting.Internal.WebHost[2]
      Request finished in 393.899ms 204 
info: Microsoft.AspNetCore.Hosting.Internal.WebHost[1]
      Request starting HTTP/1.1 POST http://localhost:15536/scheduletask/runtask application/x-www-form-urlencoded 58
info: Microsoft.AspNetCore.Mvc.Internal.ControllerActionInvoker[1]
      Executing action method Nop.Web.Controllers.ScheduleTaskController.RunTask (Nop.Web) with arguments (Nop.Services.Common.KeepAliveTask, Nop.Services) - ModelState is Valid
info: Microsoft.AspNetCore.Hosting.Internal.WebHost[1]
      Request starting HTTP/1.1 GET http://localhost:15536/keepalive/index  
info: Microsoft.AspNetCore.Hosting.Internal.WebHost[2]
      Request finished in 22.3403ms 200 
info: Microsoft.AspNetCore.Mvc.StatusCodeResult[1]
      Executing HttpStatusCodeResult, setting HTTP status code 204
info: Microsoft.AspNetCore.Mvc.Internal.ControllerActionInvoker[2]
      Executed action Nop.Web.Controllers.ScheduleTaskController.RunTask (Nop.Web) in 127.6259ms
info: Microsoft.AspNetCore.Hosting.Internal.WebHost[2]
      Request finished in 209.3372ms 204 
info: Microsoft.AspNetCore.Hosting.Internal.WebHost[1]
      Request starting HTTP/1.1 POST http://localhost:15536/scheduletask/runtask application/x-www-form-urlencoded 69
info: Microsoft.AspNetCore.Mvc.Internal.ControllerActionInvoker[1]
      Executing action method Nop.Web.Controllers.ScheduleTaskController.RunTask (Nop.Web) with arguments (Nop.Services.Messages.QueuedMessagesSendTask, Nop.Services) - ModelState is Valid
info: Microsoft.AspNetCore.Mvc.StatusCodeResult[1]
      Executing HttpStatusCodeResult, setting HTTP status code 204
info: Microsoft.AspNetCore.Mvc.Internal.ControllerActionInvoker[2]
      Executed action Nop.Web.Controllers.ScheduleTaskController.RunTask (Nop.Web) in 84.4ms
info: Microsoft.AspNetCore.Hosting.Internal.WebHost[2]
      Request finished in 221.6475ms 204 
info: Microsoft.AspNetCore.Hosting.Internal.WebHost[1]
      Request starting HTTP/1.1 POST http://localhost:15536/scheduletask/runtask application/x-www-form-urlencoded 69
info: Microsoft.AspNetCore.Mvc.Internal.ControllerActionInvoker[1]
      Executing action method Nop.Web.Controllers.ScheduleTaskController.RunTask (Nop.Web) with arguments (Nop.Services.Messages.QueuedMessagesSendTask, Nop.Services) - ModelState is Valid
info: Microsoft.AspNetCore.Mvc.StatusCodeResult[1]
      Executing HttpStatusCodeResult, setting HTTP status code 204
info: Microsoft.AspNetCore.Mvc.Internal.ControllerActionInvoker[2]
      Executed action Nop.Web.Controllers.ScheduleTaskController.RunTask (Nop.Web) in 128.5143ms
info: Microsoft.AspNetCore.Hosting.Internal.WebHost[2]
      Request finished in 242.9914ms 204 
info: Microsoft.AspNetCore.Hosting.Internal.WebHost[1]
      Request starting HTTP/1.1 POST http://localhost:15536/scheduletask/runtask application/x-www-form-urlencoded 69
info: Microsoft.AspNetCore.Mvc.Internal.ControllerActionInvoker[1]
      Executing action method Nop.Web.Controllers.ScheduleTaskController.RunTask (Nop.Web) with arguments (Nop.Services.Messages.QueuedMessagesSendTask, Nop.Services) - ModelState is Valid
info: Microsoft.AspNetCore.Mvc.StatusCodeResult[1]
      Executing HttpStatusCodeResult, setting HTTP status code 204
info: Microsoft.AspNetCore.Mvc.Internal.ControllerActionInvoker[2]
      Executed action Nop.Web.Controllers.ScheduleTaskController.RunTask (Nop.Web) in 207.911ms
info: Microsoft.AspNetCore.Hosting.Internal.WebHost[2]
      Request finished in 424.2569ms 204 
info: Microsoft.AspNetCore.Hosting.Internal.WebHost[1]
      Request starting HTTP/1.1 POST http://localhost:15536/scheduletask/runtask application/x-www-form-urlencoded 69
info: Microsoft.AspNetCore.Mvc.Internal.ControllerActionInvoker[1]
      Executing action method Nop.Web.Controllers.ScheduleTaskController.RunTask (Nop.Web) with arguments (Nop.Services.Messages.QueuedMessagesSendTask, Nop.Services) - ModelState is Valid
info: Microsoft.AspNetCore.Mvc.StatusCodeResult[1]
      Executing HttpStatusCodeResult, setting HTTP status code 204
info: Microsoft.AspNetCore.Mvc.Internal.ControllerActionInvoker[2]
      Executed action Nop.Web.Controllers.ScheduleTaskController.RunTask (Nop.Web) in 102.0387ms
info: Microsoft.AspNetCore.Hosting.Internal.WebHost[2]
      Request finished in 193.7514ms 204 
info: Microsoft.AspNetCore.Hosting.Internal.WebHost[1]
      Request starting HTTP/1.1 POST http://localhost:15536/scheduletask/runtask application/x-www-form-urlencoded 69
info: Microsoft.AspNetCore.Mvc.Internal.ControllerActionInvoker[1]
      Executing action method Nop.Web.Controllers.ScheduleTaskController.RunTask (Nop.Web) with arguments (Nop.Services.Messages.QueuedMessagesSendTask, Nop.Services) - ModelState is Valid
info: Microsoft.AspNetCore.Mvc.StatusCodeResult[1]
      Executing HttpStatusCodeResult, setting HTTP status code 204
info: Microsoft.AspNetCore.Mvc.Internal.ControllerActionInvoker[2]
      Executed action Nop.Web.Controllers.ScheduleTaskController.RunTask (Nop.Web) in 116.5646ms
info: Microsoft.AspNetCore.Hosting.Internal.WebHost[2]
      Request finished in 238.2754ms 204 
info: Microsoft.AspNetCore.Hosting.Internal.WebHost[1]
      Request starting HTTP/1.1 POST http://localhost:15536/scheduletask/runtask application/x-www-form-urlencoded 58
info: Microsoft.AspNetCore.Mvc.Internal.ControllerActionInvoker[1]
      Executing action method Nop.Web.Controllers.ScheduleTaskController.RunTask (Nop.Web) with arguments (Nop.Services.Common.KeepAliveTask, Nop.Services) - ModelState is Valid
info: Microsoft.AspNetCore.Hosting.Internal.WebHost[1]
      Request starting HTTP/1.1 GET http://localhost:15536/keepalive/index  
info: Microsoft.AspNetCore.Hosting.Internal.WebHost[2]
      Request finished in 1.6541ms 200 
info: Microsoft.AspNetCore.Mvc.StatusCodeResult[1]
      Executing HttpStatusCodeResult, setting HTTP status code 204
info: Microsoft.AspNetCore.Mvc.Internal.ControllerActionInvoker[2]
      Executed action Nop.Web.Controllers.ScheduleTaskController.RunTask (Nop.Web) in 59.827ms
info: Microsoft.AspNetCore.Hosting.Internal.WebHost[2]
      Request finished in 207.3994ms 204 
info: Microsoft.AspNetCore.Hosting.Internal.WebHost[1]
      Request starting HTTP/1.1 POST http://localhost:15536/scheduletask/runtask application/x-www-form-urlencoded 69
info: Microsoft.AspNetCore.Mvc.Internal.ControllerActionInvoker[1]
      Executing action method Nop.Web.Controllers.ScheduleTaskController.RunTask (Nop.Web) with arguments (Nop.Services.Messages.QueuedMessagesSendTask, Nop.Services) - ModelState is Valid
info: Microsoft.AspNetCore.Mvc.StatusCodeResult[1]
      Executing HttpStatusCodeResult, setting HTTP status code 204
info: Microsoft.AspNetCore.Mvc.Internal.ControllerActionInvoker[2]
      Executed action Nop.Web.Controllers.ScheduleTaskController.RunTask (Nop.Web) in 93.8807ms
info: Microsoft.AspNetCore.Hosting.Internal.WebHost[2]
      Request finished in 190.1175ms 204 
info: Microsoft.AspNetCore.Hosting.Internal.WebHost[1]
      Request starting HTTP/1.1 GET http://localhost:15536/standard-shaft?bldrshaft  
info: Microsoft.AspNetCore.Mvc.Internal.ControllerActionInvoker[1]
      Executing action method Nop.Web.Controllers.ProductController.ProductDetails (Nop.Web) with arguments (74, 0) - ModelState is Valid
info: Microsoft.AspNetCore.Mvc.ViewFeatures.Internal.ViewResultExecutor[1]
      Executing ViewResult, running view at path /Views/Product/ProductTemplate.Simple.cshtml.
info: Microsoft.AspNetCore.Mvc.Internal.ControllerActionInvoker[2]
      Executed action Nop.Web.Controllers.ProductController.ProductDetails (Nop.Web) in 1017.4427ms
info: Microsoft.AspNetCore.Hosting.Internal.WebHost[2]
      Request finished in 1175.4043ms 200 text/html; charset=utf-8
info: Microsoft.AspNetCore.Hosting.Internal.WebHost[1]
      Request starting HTTP/1.1 GET http://localhost:15536/lib/jquery-ui-themes/smoothness/jquery-ui-1.10.3.custom.min.css  
info: Microsoft.AspNetCore.Hosting.Internal.WebHost[1]
      Request starting HTTP/1.1 GET http://localhost:15536/Themes/DefaultClean/Content/css/styles.css  
info: Microsoft.AspNetCore.Hosting.Internal.WebHost[1]
      Request starting HTTP/1.1 GET http://localhost:15536/lib/jquery-1.10.2.min.js  
info: Microsoft.AspNetCore.Hosting.Internal.WebHost[1]
      Request starting HTTP/1.1 GET http://localhost:15536/lib/magnific-popup/magnific-popup.css  
info: Microsoft.AspNetCore.StaticFiles.StaticFileMiddleware[2]
      Sending file. Request path: '/lib/jquery-ui-themes/smoothness/jquery-ui-1.10.3.custom.min.css'. Physical path: 'C:\Users\Khushbu\source\repos\npbuilder\Presentation\Nop.Web\wwwroot\lib\jquery-ui-themes\smoothness\jquery-ui-1.10.3.custom.min.css'
info: Microsoft.AspNetCore.Hosting.Internal.WebHost[2]
      Request finished in 90.7879ms 200 text/css
info: Microsoft.AspNetCore.StaticFiles.StaticFileMiddleware[2]
      Sending file. Request path: '/lib/magnific-popup/magnific-popup.css'. Physical path: 'C:\Users\Khushbu\source\repos\npbuilder\Presentation\Nop.Web\wwwroot\lib\magnific-popup\magnific-popup.css'
info: Microsoft.AspNetCore.StaticFiles.StaticFileMiddleware[2]
      Sending file. Request path: '/lib/jquery-1.10.2.min.js'. Physical path: 'C:\Users\Khushbu\source\repos\npbuilder\Presentation\Nop.Web\wwwroot\lib\jquery-1.10.2.min.js'
info: Microsoft.AspNetCore.Hosting.Internal.WebHost[2]
      Request finished in 116.5922ms 200 application/javascript
info: Microsoft.AspNetCore.StaticFiles.StaticFileMiddleware[2]
      Sending file. Request path: '/DefaultClean/Content/css/styles.css'. Physical path: 'C:\Users\Khushbu\source\repos\npbuilder\Presentation\Nop.Web\Themes\DefaultClean\Content\css\styles.css'
info: Microsoft.AspNetCore.Hosting.Internal.WebHost[2]
      Request finished in 154.4972ms 200 text/css
info: Microsoft.AspNetCore.Hosting.Internal.WebHost[1]
      Request starting HTTP/1.1 GET http://localhost:15536/lib/jquery.validate.min.js  
info: Microsoft.AspNetCore.StaticFiles.StaticFileMiddleware[2]
      Sending file. Request path: '/lib/jquery.validate.min.js'. Physical path: 'C:\Users\Khushbu\source\repos\npbuilder\Presentation\Nop.Web\wwwroot\lib\jquery.validate.min.js'
info: Microsoft.AspNetCore.Hosting.Internal.WebHost[2]
      Request finished in 291.7164ms 200 text/css
info: Microsoft.AspNetCore.Hosting.Internal.WebHost[2]
      Request finished in 59.6457ms 200 application/javascript
info: Microsoft.AspNetCore.Hosting.Internal.WebHost[1]
      Request starting HTTP/1.1 GET http://localhost:15536/lib/jquery.validate.unobtrusive.min.js  
info: Microsoft.AspNetCore.StaticFiles.StaticFileMiddleware[2]
      Sending file. Request path: '/lib/jquery.validate.unobtrusive.min.js'. Physical path: 'C:\Users\Khushbu\source\repos\npbuilder\Presentation\Nop.Web\wwwroot\lib\jquery.validate.unobtrusive.min.js'
info: Microsoft.AspNetCore.Hosting.Internal.WebHost[2]
      Request finished in 14.7419ms 200 application/javascript
info: Microsoft.AspNetCore.Hosting.Internal.WebHost[1]
      Request starting HTTP/1.1 GET http://localhost:15536/lib/jquery-ui-1.10.3.custom.min.js  
info: Microsoft.AspNetCore.Hosting.Internal.WebHost[1]
      Request starting HTTP/1.1 GET http://localhost:15536/js/public.ajaxcart.js  
info: Microsoft.AspNetCore.Hosting.Internal.WebHost[1]
      Request starting HTTP/1.1 GET http://localhost:15536/js/public.common.js  
info: Microsoft.AspNetCore.Hosting.Internal.WebHost[1]
      Request starting HTTP/1.1 GET http://localhost:15536/lib/magnific-popup/jquery.magnific-popup.min.js  
info: Microsoft.AspNetCore.Hosting.Internal.WebHost[1]
      Request starting HTTP/1.1 GET http://localhost:15536/lib/jquery-migrate-1.2.1.min.js  
info: Microsoft.AspNetCore.StaticFiles.StaticFileMiddleware[2]
      Sending file. Request path: '/lib/jquery-ui-1.10.3.custom.min.js'. Physical path: 'C:\Users\Khushbu\source\repos\npbuilder\Presentation\Nop.Web\wwwroot\lib\jquery-ui-1.10.3.custom.min.js'
info: Microsoft.AspNetCore.StaticFiles.StaticFileMiddleware[2]
      Sending file. Request path: '/lib/jquery-migrate-1.2.1.min.js'. Physical path: 'C:\Users\Khushbu\source\repos\npbuilder\Presentation\Nop.Web\wwwroot\lib\jquery-migrate-1.2.1.min.js'
info: Microsoft.AspNetCore.Hosting.Internal.WebHost[1]
      Request starting HTTP/1.1 GET http://localhost:15536/Themes/DefaultClean/Content/images/logo.png  
info: Microsoft.AspNetCore.StaticFiles.StaticFileMiddleware[2]
      Sending file. Request path: '/js/public.common.js'. Physical path: 'C:\Users\Khushbu\source\repos\npbuilder\Presentation\Nop.Web\wwwroot\js\public.common.js'
info: Microsoft.AspNetCore.StaticFiles.StaticFileMiddleware[2]
      Sending file. Request path: '/lib/magnific-popup/jquery.magnific-popup.min.js'. Physical path: 'C:\Users\Khushbu\source\repos\npbuilder\Presentation\Nop.Web\wwwroot\lib\magnific-popup\jquery.magnific-popup.min.js'
info: Microsoft.AspNetCore.StaticFiles.StaticFileMiddleware[2]
      Sending file. Request path: '/js/public.ajaxcart.js'. Physical path: 'C:\Users\Khushbu\source\repos\npbuilder\Presentation\Nop.Web\wwwroot\js\public.ajaxcart.js'
info: Microsoft.AspNetCore.StaticFiles.StaticFileMiddleware[2]
      Sending file. Request path: '/DefaultClean/Content/images/logo.png'. Physical path: 'C:\Users\Khushbu\source\repos\npbuilder\Presentation\Nop.Web\Themes\DefaultClean\Content\images\logo.png'
info: Microsoft.AspNetCore.Hosting.Internal.WebHost[2]
      Request finished in 615.6586ms 200 application/javascript
info: Microsoft.AspNetCore.Hosting.Internal.WebHost[2]
      Request finished in 496.9489ms 200 application/javascript
info: Microsoft.AspNetCore.Hosting.Internal.WebHost[2]
      Request finished in 704.9665ms 200 application/javascript
info: Microsoft.AspNetCore.Hosting.Internal.WebHost[2]
      Request finished in 817.2452ms 200 application/javascript
info: Microsoft.AspNetCore.Hosting.Internal.WebHost[1]
      Request starting HTTP/1.1 GET http://localhost:15536/images/thumbs/default-image_550.png  
info: Microsoft.AspNetCore.Hosting.Internal.WebHost[1]
      Request starting HTTP/1.1 GET http://localhost:15536/Themes/DefaultClean/Content/images/rating1.png  
info: Microsoft.AspNetCore.Hosting.Internal.WebHost[1]
      Request starting HTTP/1.1 GET http://localhost:15536/Themes/DefaultClean/Content/images/shopping-bag.png  
info: Microsoft.AspNetCore.Hosting.Internal.WebHost[1]
      Request starting HTTP/1.1 GET http://localhost:15536/Themes/DefaultClean/Content/images/rating2.png  
info: Microsoft.AspNetCore.StaticFiles.StaticFileMiddleware[2]
      Sending file. Request path: '/images/thumbs/default-image_550.png'. Physical path: 'C:\Users\Khushbu\source\repos\npbuilder\Presentation\Nop.Web\wwwroot\images\thumbs\default-image_550.png'
info: Microsoft.AspNetCore.StaticFiles.StaticFileMiddleware[2]
      Sending file. Request path: '/DefaultClean/Content/images/rating1.png'. Physical path: 'C:\Users\Khushbu\source\repos\npbuilder\Presentation\Nop.Web\Themes\DefaultClean\Content\images\rating1.png'
info: Microsoft.AspNetCore.StaticFiles.StaticFileMiddleware[2]
      Sending file. Request path: '/DefaultClean/Content/images/shopping-bag.png'. Physical path: 'C:\Users\Khushbu\source\repos\npbuilder\Presentation\Nop.Web\Themes\DefaultClean\Content\images\shopping-bag.png'
info: Microsoft.AspNetCore.Hosting.Internal.WebHost[2]
      Request finished in 1273.1292ms 200 image/png
info: Microsoft.AspNetCore.Hosting.Internal.WebHost[2]
      Request finished in 515.5965ms 200 image/png
info: Microsoft.AspNetCore.StaticFiles.StaticFileMiddleware[2]
      Sending file. Request path: '/DefaultClean/Content/images/rating2.png'. Physical path: 'C:\Users\Khushbu\source\repos\npbuilder\Presentation\Nop.Web\Themes\DefaultClean\Content\images\rating2.png'
info: Microsoft.AspNetCore.Hosting.Internal.WebHost[2]
      Request finished in 566.4337ms 200 image/png
info: Microsoft.AspNetCore.Hosting.Internal.WebHost[2]
      Request finished in 562.3626ms 200 image/png
info: Microsoft.AspNetCore.Hosting.Internal.WebHost[2]
      Request finished in 533.5554ms 200 image/png
info: Microsoft.AspNetCore.Hosting.Internal.WebHost[1]
      Request starting HTTP/1.1 GET http://localhost:15536/Themes/DefaultClean/Content/images/social-sprite.png  
info: Microsoft.AspNetCore.StaticFiles.StaticFileMiddleware[2]
      Sending file. Request path: '/DefaultClean/Content/images/social-sprite.png'. Physical path: 'C:\Users\Khushbu\source\repos\npbuilder\Presentation\Nop.Web\Themes\DefaultClean\Content\images\social-sprite.png'
info: Microsoft.AspNetCore.Hosting.Internal.WebHost[1]
      Request starting HTTP/1.1 GET http://localhost:15536/Themes/DefaultClean/Content/images/ajax-loader-small.gif  
info: Microsoft.AspNetCore.Hosting.Internal.WebHost[2]
      Request finished in 1825.7593ms 200 application/javascript
info: Microsoft.AspNetCore.Hosting.Internal.WebHost[1]
      Request starting HTTP/1.1 GET http://localhost:15536/Themes/DefaultClean/Content/images/loading.gif  
info: Microsoft.AspNetCore.Hosting.Internal.WebHost[2]
      Request finished in 39.4217ms 200 image/png
info: Microsoft.AspNetCore.StaticFiles.StaticFileMiddleware[2]
      Sending file. Request path: '/DefaultClean/Content/images/ajax-loader-small.gif'. Physical path: 'C:\Users\Khushbu\source\repos\npbuilder\Presentation\Nop.Web\Themes\DefaultClean\Content\images\ajax-loader-small.gif'
info: Microsoft.AspNetCore.Hosting.Internal.WebHost[2]
      Request finished in 62.6101ms 200 image/gif
info: Microsoft.AspNetCore.StaticFiles.StaticFileMiddleware[2]
      Sending file. Request path: '/DefaultClean/Content/images/loading.gif'. Physical path: 'C:\Users\Khushbu\source\repos\npbuilder\Presentation\Nop.Web\Themes\DefaultClean\Content\images\loading.gif'
info: Microsoft.AspNetCore.Hosting.Internal.WebHost[2]
      Request finished in 87.0589ms 200 image/gif
info: Microsoft.AspNetCore.Hosting.Internal.WebHost[1]
      Request starting HTTP/1.1 GET http://localhost:15536/lib/jquery-ui-themes/smoothness/images/ui-bg_flat_75_ffffff_40x100.png  
info: Microsoft.AspNetCore.StaticFiles.StaticFileMiddleware[2]
      Sending file. Request path: '/lib/jquery-ui-themes/smoothness/images/ui-bg_flat_75_ffffff_40x100.png'. Physical path: 'C:\Users\Khushbu\source\repos\npbuilder\Presentation\Nop.Web\wwwroot\lib\jquery-ui-themes\smoothness\images\ui-bg_flat_75_ffffff_40x100.png'
info: Microsoft.AspNetCore.Hosting.Internal.WebHost[1]
      Request starting HTTP/1.1 POST http://localhost:15536/shoppingcart/productdetails_attributechange?productId=74&validateAttributeConditions=False&loadPicture=True application/x-www-form-urlencoded; charset=UTF-8 182
info: Microsoft.AspNetCore.Hosting.Internal.WebHost[2]
      Request finished in 84.5174ms 200 image/png
info: Microsoft.AspNetCore.Mvc.Internal.ControllerActionInvoker[1]
      Executing action method Nop.Web.Controllers.ShoppingCartController.ProductDetails_AttributeChange (Nop.Web) with arguments (74, False, True, Microsoft.AspNetCore.Http.FormCollection) - ModelState is Valid
info: Microsoft.AspNetCore.Mvc.Formatters.Json.Internal.JsonResultExecutor[1]
      Executing JsonResult, writing value { gtin = , mpn = , sku = , price = $6.30, stockAvailability = , enabledattributemappingids = System.Int32[], disabledattributemappingids = System.Int32[], pictureFullSizeUrl = , pictureDefaultSizeUrl = , isFreeShipping = False, message =  }.
info: Microsoft.AspNetCore.Mvc.Internal.ControllerActionInvoker[2]
      Executed action Nop.Web.Controllers.ShoppingCartController.ProductDetails_AttributeChange (Nop.Web) in 239.7057ms
info: Microsoft.AspNetCore.Hosting.Internal.WebHost[2]
      Request finished in 653.1974ms 200 application/json; charset=utf-8
info: Microsoft.AspNetCore.Hosting.Internal.WebHost[1]
      Request starting HTTP/1.1 POST http://localhost:15536/shoppingcart/productdetails_attributechange?productId=74&validateAttributeConditions=False&loadPicture=True application/x-www-form-urlencoded; charset=UTF-8 207
info: Microsoft.AspNetCore.Mvc.Internal.ControllerActionInvoker[1]
      Executing action method Nop.Web.Controllers.ShoppingCartController.ProductDetails_AttributeChange (Nop.Web) with arguments (74, False, True, Microsoft.AspNetCore.Http.FormCollection) - ModelState is Valid
info: Microsoft.AspNetCore.Mvc.Formatters.Json.Internal.JsonResultExecutor[1]
      Executing JsonResult, writing value { gtin = , mpn = , sku = , price = $6.30, stockAvailability = , enabledattributemappingids = System.Int32[], disabledattributemappingids = System.Int32[], pictureFullSizeUrl = , pictureDefaultSizeUrl = , isFreeShipping = False, message =  }.
info: Microsoft.AspNetCore.Mvc.Internal.ControllerActionInvoker[2]
      Executed action Nop.Web.Controllers.ShoppingCartController.ProductDetails_AttributeChange (Nop.Web) in 118.9936ms
info: Microsoft.AspNetCore.Hosting.Internal.WebHost[2]
      Request finished in 446.9012ms 200 application/json; charset=utf-8
info: Microsoft.AspNetCore.Hosting.Internal.WebHost[1]
      Request starting HTTP/1.1 GET http://localhost:15536/standard-shaft?bldrshaft  
info: Microsoft.AspNetCore.Mvc.Internal.ControllerActionInvoker[1]
      Executing action method Nop.Web.Controllers.ProductController.ProductDetails (Nop.Web) with arguments (74, 0) - ModelState is Valid
info: Microsoft.AspNetCore.Mvc.ViewFeatures.Internal.ViewResultExecutor[1]
      Executing ViewResult, running view at path /Views/Product/ProductTemplate.Simple.cshtml.
info: Microsoft.AspNetCore.Mvc.Internal.ControllerActionInvoker[2]
      Executed action Nop.Web.Controllers.ProductController.ProductDetails (Nop.Web) in 660.9801ms
info: Microsoft.AspNetCore.Hosting.Internal.WebHost[2]
      Request finished in 832.3874ms 200 text/html; charset=utf-8
info: Microsoft.AspNetCore.Hosting.Internal.WebHost[1]
      Request starting HTTP/1.1 POST http://localhost:15536/shoppingcart/productdetails_attributechange?productId=74&validateAttributeConditions=False&loadPicture=True application/x-www-form-urlencoded; charset=UTF-8 182
info: Microsoft.AspNetCore.Mvc.Internal.ControllerActionInvoker[1]
      Executing action method Nop.Web.Controllers.ShoppingCartController.ProductDetails_AttributeChange (Nop.Web) with arguments (74, False, True, Microsoft.AspNetCore.Http.FormCollection) - ModelState is Valid
info: Microsoft.AspNetCore.Mvc.Formatters.Json.Internal.JsonResultExecutor[1]
      Executing JsonResult, writing value { gtin = , mpn = , sku = , price = $6.30, stockAvailability = , enabledattributemappingids = System.Int32[], disabledattributemappingids = System.Int32[], pictureFullSizeUrl = , pictureDefaultSizeUrl = , isFreeShipping = False, message =  }.
info: Microsoft.AspNetCore.Mvc.Internal.ControllerActionInvoker[2]
      Executed action Nop.Web.Controllers.ShoppingCartController.ProductDetails_AttributeChange (Nop.Web) in 60.3835ms
info: Microsoft.AspNetCore.Hosting.Internal.WebHost[2]
      Request finished in 250.8387ms 200 application/json; charset=utf-8
info: Microsoft.AspNetCore.Hosting.Internal.WebHost[1]
      Request starting HTTP/1.1 POST http://localhost:15536/shoppingcart/productdetails_attributechange?productId=74&validateAttributeConditions=False&loadPicture=True application/x-www-form-urlencoded; charset=UTF-8 207
info: Microsoft.AspNetCore.Mvc.Internal.ControllerActionInvoker[1]
      Executing action method Nop.Web.Controllers.ShoppingCartController.ProductDetails_AttributeChange (Nop.Web) with arguments (74, False, True, Microsoft.AspNetCore.Http.FormCollection) - ModelState is Valid
info: Microsoft.AspNetCore.Mvc.Formatters.Json.Internal.JsonResultExecutor[1]
      Executing JsonResult, writing value { gtin = , mpn = , sku = , price = $6.30, stockAvailability = , enabledattributemappingids = System.Int32[], disabledattributemappingids = System.Int32[], pictureFullSizeUrl = , pictureDefaultSizeUrl = , isFreeShipping = False, message =  }.
info: Microsoft.AspNetCore.Mvc.Internal.ControllerActionInvoker[2]
      Executed action Nop.Web.Controllers.ShoppingCartController.ProductDetails_AttributeChange (Nop.Web) in 61.7802ms
info: Microsoft.AspNetCore.Hosting.Internal.WebHost[2]
      Request finished in 204.1284ms 200 application/json; charset=utf-8
info: Microsoft.AspNetCore.Hosting.Internal.WebHost[1]
      Request starting HTTP/1.1 POST http://localhost:15536/shoppingcart/productdetails_attributechange?productId=74&validateAttributeConditions=False&loadPicture=True application/x-www-form-urlencoded; charset=UTF-8 232
info: Microsoft.AspNetCore.Mvc.Internal.ControllerActionInvoker[1]
      Executing action method Nop.Web.Controllers.ShoppingCartController.ProductDetails_AttributeChange (Nop.Web) with arguments (74, False, True, Microsoft.AspNetCore.Http.FormCollection) - ModelState is Valid
info: Microsoft.AspNetCore.Mvc.Formatters.Json.Internal.JsonResultExecutor[1]
      Executing JsonResult, writing value { gtin = , mpn = , sku = , price = $6.30, stockAvailability = , enabledattributemappingids = System.Int32[], disabledattributemappingids = System.Int32[], pictureFullSizeUrl = , pictureDefaultSizeUrl = , isFreeShipping = False, message =  }.
info: Microsoft.AspNetCore.Mvc.Internal.ControllerActionInvoker[2]
      Executed action Nop.Web.Controllers.ShoppingCartController.ProductDetails_AttributeChange (Nop.Web) in 61.1708ms
info: Microsoft.AspNetCore.Hosting.Internal.WebHost[1]
      Request starting HTTP/1.1 POST http://localhost:15536/scheduletask/runtask application/x-www-form-urlencoded 69
info: Microsoft.AspNetCore.Hosting.Internal.WebHost[2]
      Request finished in 292.0388ms 200 application/json; charset=utf-8
info: Microsoft.AspNetCore.Mvc.Internal.ControllerActionInvoker[1]
      Executing action method Nop.Web.Controllers.ScheduleTaskController.RunTask (Nop.Web) with arguments (Nop.Services.Messages.QueuedMessagesSendTask, Nop.Services) - ModelState is Valid
info: Microsoft.AspNetCore.Mvc.StatusCodeResult[1]
      Executing HttpStatusCodeResult, setting HTTP status code 204
info: Microsoft.AspNetCore.Mvc.Internal.ControllerActionInvoker[2]
      Executed action Nop.Web.Controllers.ScheduleTaskController.RunTask (Nop.Web) in 73.0699ms
info: Microsoft.AspNetCore.Hosting.Internal.WebHost[2]
      Request finished in 211.0038ms 204 
info: Microsoft.AspNetCore.Hosting.Internal.WebHost[1]
      Request starting HTTP/1.1 POST http://localhost:15536/shoppingcart/productdetails_attributechange?productId=74&validateAttributeConditions=False&loadPicture=True application/x-www-form-urlencoded; charset=UTF-8 207
info: Microsoft.AspNetCore.Mvc.Internal.ControllerActionInvoker[1]
      Executing action method Nop.Web.Controllers.ShoppingCartController.ProductDetails_AttributeChange (Nop.Web) with arguments (74, False, True, Microsoft.AspNetCore.Http.FormCollection) - ModelState is Valid
info: Microsoft.AspNetCore.Mvc.Formatters.Json.Internal.JsonResultExecutor[1]
      Executing JsonResult, writing value { gtin = , mpn = , sku = , price = $6.30, stockAvailability = , enabledattributemappingids = System.Int32[], disabledattributemappingids = System.Int32[], pictureFullSizeUrl = , pictureDefaultSizeUrl = , isFreeShipping = False, message =  }.
info: Microsoft.AspNetCore.Mvc.Internal.ControllerActionInvoker[2]
      Executed action Nop.Web.Controllers.ShoppingCartController.ProductDetails_AttributeChange (Nop.Web) in 68.665ms
info: Microsoft.AspNetCore.Hosting.Internal.WebHost[2]
      Request finished in 258.9793ms 200 application/json; charset=utf-8
info: Microsoft.AspNetCore.Hosting.Internal.WebHost[1]
      Request starting HTTP/1.1 POST http://localhost:15536/shoppingcart/productdetails_attributechange?productId=74&validateAttributeConditions=False&loadPicture=True application/x-www-form-urlencoded; charset=UTF-8 182
info: Microsoft.AspNetCore.Mvc.Internal.ControllerActionInvoker[1]
      Executing action method Nop.Web.Controllers.ShoppingCartController.ProductDetails_AttributeChange (Nop.Web) with arguments (74, False, True, Microsoft.AspNetCore.Http.FormCollection) - ModelState is Valid
info: Microsoft.AspNetCore.Mvc.Formatters.Json.Internal.JsonResultExecutor[1]
      Executing JsonResult, writing value { gtin = , mpn = , sku = , price = $6.30, stockAvailability = , enabledattributemappingids = System.Int32[], disabledattributemappingids = System.Int32[], pictureFullSizeUrl = , pictureDefaultSizeUrl = , isFreeShipping = False, message =  }.
info: Microsoft.AspNetCore.Mvc.Internal.ControllerActionInvoker[2]
      Executed action Nop.Web.Controllers.ShoppingCartController.ProductDetails_AttributeChange (Nop.Web) in 62.1117ms
info: Microsoft.AspNetCore.Hosting.Internal.WebHost[2]
      Request finished in 230.5863ms 200 application/json; charset=utf-8
info: Microsoft.AspNetCore.Hosting.Internal.WebHost[1]
      Request starting HTTP/1.1 POST http://localhost:15536/shoppingcart/productdetails_attributechange?productId=74&validateAttributeConditions=False&loadPicture=True application/x-www-form-urlencoded; charset=UTF-8 207
info: Microsoft.AspNetCore.Mvc.Internal.ControllerActionInvoker[1]
      Executing action method Nop.Web.Controllers.ShoppingCartController.ProductDetails_AttributeChange (Nop.Web) with arguments (74, False, True, Microsoft.AspNetCore.Http.FormCollection) - ModelState is Valid
info: Microsoft.AspNetCore.Mvc.Formatters.Json.Internal.JsonResultExecutor[1]
      Executing JsonResult, writing value { gtin = , mpn = , sku = , price = $6.30, stockAvailability = , enabledattributemappingids = System.Int32[], disabledattributemappingids = System.Int32[], pictureFullSizeUrl = , pictureDefaultSizeUrl = , isFreeShipping = False, message =  }.
info: Microsoft.AspNetCore.Mvc.Internal.ControllerActionInvoker[2]
      Executed action Nop.Web.Controllers.ShoppingCartController.ProductDetails_AttributeChange (Nop.Web) in 58.8128ms
info: Microsoft.AspNetCore.Hosting.Internal.WebHost[2]
      Request finished in 251.2751ms 200 application/json; charset=utf-8












































































































































































































